Using pre-set license
Built from '2022.3/release' branch; Version is '2022.3.20f1 (61c2feb0970d) revision 6406910'; Using compiler version '192829333'; Build Type 'Release'
OS: 'Windows 11  (10.0.22631) 64bit Professional' Language: 'es' Physical Memory: 16221 MB
BatchMode: 1, IsHumanControllingUs: 0, StartBugReporterOnCrash: 0, Is64bit: 1, IsPro: 1

COMMAND LINE ARGUMENTS:
C:\Program Files\Unity\Hub\Editor\2022.3.20f1\Editor\Unity.exe
-adb2
-batchMode
-noUpm
-name
AssetImportWorker0
-projectPath
C:/Users/usuario/Desktop/Videojuegos/Proyecto - Entrega 1/Entrega 1/Plataformer
-logFile
Logs/AssetImportWorker0.log
-srvPort
50447
Successfully changed project path to: C:/Users/usuario/Desktop/Videojuegos/Proyecto - Entrega 1/Entrega 1/Plataformer
C:/Users/usuario/Desktop/Videojuegos/Proyecto - Entrega 1/Entrega 1/Plataformer
[UnityMemory] Configuration Parameters - Can be set up in boot.config
    "memorysetup-bucket-allocator-granularity=16"
    "memorysetup-bucket-allocator-bucket-count=8"
    "memorysetup-bucket-allocator-block-size=33554432"
    "memorysetup-bucket-allocator-block-count=8"
    "memorysetup-main-allocator-block-size=16777216"
    "memorysetup-thread-allocator-block-size=16777216"
    "memorysetup-gfx-main-allocator-block-size=16777216"
    "memorysetup-gfx-thread-allocator-block-size=16777216"
    "memorysetup-cache-allocator-block-size=4194304"
    "memorysetup-typetree-allocator-block-size=2097152"
    "memorysetup-profiler-bucket-allocator-granularity=16"
    "memorysetup-profiler-bucket-allocator-bucket-count=8"
    "memorysetup-profiler-bucket-allocator-block-size=33554432"
    "memorysetup-profiler-bucket-allocator-block-count=8"
    "memorysetup-profiler-allocator-block-size=16777216"
    "memorysetup-profiler-editor-allocator-block-size=1048576"
    "memorysetup-temp-allocator-size-main=16777216"
    "memorysetup-job-temp-allocator-block-size=2097152"
    "memorysetup-job-temp-allocator-block-size-background=1048576"
    "memorysetup-job-temp-allocator-reduction-small-platforms=262144"
    "memorysetup-allocator-temp-initial-block-size-main=262144"
    "memorysetup-allocator-temp-initial-block-size-worker=262144"
    "memorysetup-temp-allocator-size-background-worker=32768"
    "memorysetup-temp-allocator-size-job-worker=262144"
    "memorysetup-temp-allocator-size-preload-manager=33554432"
    "memorysetup-temp-allocator-size-nav-mesh-worker=65536"
    "memorysetup-temp-allocator-size-audio-worker=65536"
    "memorysetup-temp-allocator-size-cloud-worker=32768"
    "memorysetup-temp-allocator-size-gi-baking-worker=262144"
    "memorysetup-temp-allocator-size-gfx=262144"
Player connection [24328] Host "[IP] 172.26.64.1 [Port] 0 [Flags] 2 [Guid] 704861650 [EditorId] 704861650 [Version] 1048832 [Id] WindowsEditor(7,HICKARO) [Debug] 1 [PackageName] WindowsEditor [ProjectName] Editor" joined multi-casting on [225.0.0.222:54997]...

Player connection [24328] Host "[IP] 172.26.64.1 [Port] 0 [Flags] 2 [Guid] 704861650 [EditorId] 704861650 [Version] 1048832 [Id] WindowsEditor(7,HICKARO) [Debug] 1 [PackageName] WindowsEditor [ProjectName] Editor" joined alternative multi-casting on [225.0.0.222:34997]...

[Physics::Module] Initialized MultithreadedJobDispatcher with 7 workers.
Refreshing native plugins compatible for Editor in 10.55 ms, found 3 plugins.
Preloading 0 native plugins for Editor in 0.00 ms.
Initialize engine version: 2022.3.20f1 (61c2feb0970d)
[Subsystems] Discovering subsystems at path C:/Program Files/Unity/Hub/Editor/2022.3.20f1/Editor/Data/Resources/UnitySubsystems
[Subsystems] Discovering subsystems at path C:/Users/usuario/Desktop/Videojuegos/Proyecto - Entrega 1/Entrega 1/Plataformer/Assets
GfxDevice: creating device client; threaded=0; jobified=0
Direct3D:
    Version:  Direct3D 11.0 [level 11.1]
    Renderer: NVIDIA GeForce GTX 1650 (ID=0x1f91)
    Vendor:   NVIDIA
    VRAM:     3949 MB
    Driver:   31.0.15.3667
Initialize mono
Mono path[0] = 'C:/Program Files/Unity/Hub/Editor/2022.3.20f1/Editor/Data/Managed'
Mono path[1] = 'C:/Program Files/Unity/Hub/Editor/2022.3.20f1/Editor/Data/MonoBleedingEdge/lib/mono/unityjit-win32'
Mono config path = 'C:/Program Files/Unity/Hub/Editor/2022.3.20f1/Editor/Data/MonoBleedingEdge/etc'
Using monoOptions --debugger-agent=transport=dt_socket,embedding=1,server=y,suspend=n,address=127.0.0.1:56296
Begin MonoManager ReloadAssembly
Registering precompiled unity dll's ...
Register platform support module: C:/Program Files/Unity/Hub/Editor/2022.3.20f1/Editor/Data/PlaybackEngines/WindowsStandaloneSupport/UnityEditor.WindowsStandalone.Extensions.dll
Registered in 0.016024 seconds.
- Loaded All Assemblies, in  0.870 seconds
Native extension for WindowsStandalone target not found
Mono: successfully reloaded assembly
- Finished resetting the current domain, in  0.599 seconds
Domain Reload Profiling: 1468ms
	BeginReloadAssembly (309ms)
		ExecutionOrderSort (0ms)
		DisableScriptedObjects (0ms)
		BackupInstance (0ms)
		ReleaseScriptingObjects (0ms)
		CreateAndSetChildDomain (1ms)
	RebuildCommonClasses (105ms)
	RebuildNativeTypeToScriptingClass (34ms)
	initialDomainReloadingComplete (131ms)
	LoadAllAssembliesAndSetupDomain (289ms)
		LoadAssemblies (306ms)
		RebuildTransferFunctionScriptingTraits (0ms)
		AnalyzeDomain (284ms)
			TypeCache.Refresh (282ms)
				TypeCache.ScanAssembly (258ms)
			ScanForSourceGeneratedMonoScriptInfo (0ms)
			ResolveRequiredComponents (1ms)
	FinalizeReload (600ms)
		ReleaseScriptCaches (0ms)
		RebuildScriptCaches (0ms)
		SetupLoadedEditorAssemblies (468ms)
			LogAssemblyErrors (0ms)
			InitializePlatformSupportModulesInManaged (17ms)
			SetLoadedEditorAssemblies (13ms)
			RefreshPlugins (0ms)
			BeforeProcessingInitializeOnLoad (5ms)
			ProcessInitializeOnLoadAttributes (329ms)
			ProcessInitializeOnLoadMethodAttributes (104ms)
			AfterProcessingInitializeOnLoad (0ms)
			EditorAssembliesLoaded (0ms)
		ExecutionOrderSort2 (0ms)
		AwakeInstancesAfterBackupRestoration (0ms)
========================================================================
Worker process is ready to serve import requests
Begin MonoManager ReloadAssembly
- Loaded All Assemblies, in  1.238 seconds
Refreshing native plugins compatible for Editor in 4.51 ms, found 3 plugins.
Native extension for WindowsStandalone target not found
Package Manager log level set to [2]
[Package Manager] Server::EnsureServerProcessIsRunning -- launch failed, reason: Unity was launched with the -noUpm command-line argument
[Package Manager] UpmClient::Send -- Unable to send message (not connected to UPM process).
[Package Manager] Cannot connect to Unity Package Manager local server
Mono: successfully reloaded assembly
- Finished resetting the current domain, in  1.131 seconds
Domain Reload Profiling: 2365ms
	BeginReloadAssembly (265ms)
		ExecutionOrderSort (0ms)
		DisableScriptedObjects (10ms)
		BackupInstance (0ms)
		ReleaseScriptingObjects (0ms)
		CreateAndSetChildDomain (34ms)
	RebuildCommonClasses (69ms)
	RebuildNativeTypeToScriptingClass (22ms)
	initialDomainReloadingComplete (73ms)
	LoadAllAssembliesAndSetupDomain (805ms)
		LoadAssemblies (523ms)
		RebuildTransferFunctionScriptingTraits (0ms)
		AnalyzeDomain (430ms)
			TypeCache.Refresh (361ms)
				TypeCache.ScanAssembly (322ms)
			ScanForSourceGeneratedMonoScriptInfo (41ms)
			ResolveRequiredComponents (26ms)
	FinalizeReload (1131ms)
		ReleaseScriptCaches (0ms)
		RebuildScriptCaches (0ms)
		SetupLoadedEditorAssemblies (791ms)
			LogAssemblyErrors (0ms)
			InitializePlatformSupportModulesInManaged (13ms)
			SetLoadedEditorAssemblies (8ms)
			RefreshPlugins (0ms)
			BeforeProcessingInitializeOnLoad (118ms)
			ProcessInitializeOnLoadAttributes (609ms)
			ProcessInitializeOnLoadMethodAttributes (35ms)
			AfterProcessingInitializeOnLoad (8ms)
			EditorAssembliesLoaded (0ms)
		ExecutionOrderSort2 (0ms)
		AwakeInstancesAfterBackupRestoration (14ms)
Launched and connected shader compiler UnityShaderCompiler.exe after 0.07 seconds
Refreshing native plugins compatible for Editor in 5.03 ms, found 3 plugins.
Preloading 0 native plugins for Editor in 0.00 ms.
Unloading 3274 Unused Serialized files (Serialized files now loaded: 0)
Unloading 45 unused Assets / (130.4 KB). Loaded Objects now: 3736.
Memory consumption went from 133.9 MB to 133.8 MB.
Total: 3.628100 ms (FindLiveObjects: 0.350000 ms CreateObjectMapping: 0.265400 ms MarkObjects: 2.887800 ms  DeleteObjects: 0.123300 ms)

AssetImportParameters requested are different than current active one (requested -> active):
  custom:container-demuxer-ogg: 62fdf1f143b41e24485cea50d1cbac27 -> 
  custom:video-decoder-ogg-theora: a1e56fd34408186e4bbccfd4996cb3dc -> 
  custom:framework-win-MediaFoundation: 216162199b28c13a410421893ffa2e32 -> 
  custom:CustomObjectIndexerAttribute: 6d391050e5a25f67b0a2c618074f2cd9 -> 
  custom:container-demuxer-webm: 4f35f7cbe854078d1ac9338744f61a02 -> 
  custom:container-muxer-webm: aa71ff27fc2769a1b78a27578f13a17b -> 
  custom:video-decoder-webm-vp8: 9c59270c3fd7afecdb556c50c9e8de78 -> 
  custom:SearchIndexIgnoredProperties: e643bd26f0fe6173181afceb89e7c659 -> 
  custom:AudioImporter_EditorPlatform: d09bf68614088b80899f8185d706f6e7 -> 
  custom:video-encoder-webm-vp8: eb34c28f22e8b96e1ab97ce403110664 -> 
  custom:audio-decoder-ogg-vorbis: bf7c407c2cedff20999df2af8eb42d56 -> 
  custom:audio-encoder-webm-vorbis: bf7c407c2cedff20999df2af8eb42d56 -> 
========================================================================
Received Import Request.
  Time since last request: 228633.856604 seconds.
  path: Assets/modular_terrain_collection/Hilly_Prop_Cattail_1.obj
  artifactKey: Guid(4f641e45eff7b3b4e9b85699ab60484a) Importer(815301076,1909f56bfc062723c751e8b465ee728b)
Start importing Assets/modular_terrain_collection/Hilly_Prop_Cattail_1.obj using Guid(4f641e45eff7b3b4e9b85699ab60484a) Importer(815301076,1909f56bfc062723c751e8b465ee728b)  -> (artifact id: 'bb70b8bfc7ae288b7fc369efeb455d7f') in 0.482747 seconds
Number of updated asset objects reloaded before import = 0
Number of asset objects unloaded after import = 26
========================================================================
Received Import Request.
  Time since last request: 0.000045 seconds.
  path: Assets/modular_terrain_collection/Hilly_Prop_Camp_Sitting_Log.obj
  artifactKey: Guid(b8f37edc856e8134384a2d36dccf46de) Importer(815301076,1909f56bfc062723c751e8b465ee728b)
Start importing Assets/modular_terrain_collection/Hilly_Prop_Camp_Sitting_Log.obj using Guid(b8f37edc856e8134384a2d36dccf46de) Importer(815301076,1909f56bfc062723c751e8b465ee728b)  -> (artifact id: '47fc6321a486875f6db377d2c06d5566') in 0.048089 seconds
Number of updated asset objects reloaded before import = 0
Number of asset objects unloaded after import = 11
========================================================================
Received Import Request.
  Time since last request: 0.000028 seconds.
  path: Assets/modular_terrain_collection/Hilly_Prop_Camp_Wood_Pile.obj
  artifactKey: Guid(05235405bc0be8a45ab30d0398feaf35) Importer(815301076,1909f56bfc062723c751e8b465ee728b)
Start importing Assets/modular_terrain_collection/Hilly_Prop_Camp_Wood_Pile.obj using Guid(05235405bc0be8a45ab30d0398feaf35) Importer(815301076,1909f56bfc062723c751e8b465ee728b)  -> (artifact id: 'e72e4daf91284319ea6b19a04bf9dea2') in 0.137982 seconds
Number of updated asset objects reloaded before import = 0
Number of asset objects unloaded after import = 41
========================================================================
Received Import Request.
  Time since last request: 0.000022 seconds.
  path: Assets/modular_terrain_collection/Hilly_Prop_Fence_Gate_2.obj
  artifactKey: Guid(55696af0653c57a4d938426eefbfb442) Importer(815301076,1909f56bfc062723c751e8b465ee728b)
Start importing Assets/modular_terrain_collection/Hilly_Prop_Fence_Gate_2.obj using Guid(55696af0653c57a4d938426eefbfb442) Importer(815301076,1909f56bfc062723c751e8b465ee728b)  -> (artifact id: '76cb80a2fbe6cf81722e2372af8d1665') in 0.153890 seconds
Number of updated asset objects reloaded before import = 0
Number of asset objects unloaded after import = 46
========================================================================
Received Import Request.
  Time since last request: 0.000027 seconds.
  path: Assets/modular_terrain_collection/Hilly_Prop_Flower_Sunflower.obj
  artifactKey: Guid(6c2d9f4ef42676b43ac46c0a0dc3e718) Importer(815301076,1909f56bfc062723c751e8b465ee728b)
Start importing Assets/modular_terrain_collection/Hilly_Prop_Flower_Sunflower.obj using Guid(6c2d9f4ef42676b43ac46c0a0dc3e718) Importer(815301076,1909f56bfc062723c751e8b465ee728b)  -> (artifact id: '234fde5b5c28dbb9dcf73930e2a9d67f') in 0.105413 seconds
Number of updated asset objects reloaded before import = 0
Number of asset objects unloaded after import = 27
========================================================================
Received Import Request.
  Time since last request: 0.000079 seconds.
  path: Assets/modular_terrain_collection/Hilly_Prop_Fence_Curve_3x3.obj
  artifactKey: Guid(d52dd73657082be488186df0b9d42ab0) Importer(815301076,1909f56bfc062723c751e8b465ee728b)
Start importing Assets/modular_terrain_collection/Hilly_Prop_Fence_Curve_3x3.obj using Guid(d52dd73657082be488186df0b9d42ab0) Importer(815301076,1909f56bfc062723c751e8b465ee728b)  -> (artifact id: '2ce7af8737f0e4bb7b71d4182d872e86') in 0.261407 seconds
Number of updated asset objects reloaded before import = 0
Number of asset objects unloaded after import = 86
========================================================================
Received Import Request.
  Time since last request: 0.000030 seconds.
  path: Assets/modular_terrain_collection/Hilly_Prop_Rock_2.obj
  artifactKey: Guid(54b693c42e1e19d4186aa26419be80d3) Importer(815301076,1909f56bfc062723c751e8b465ee728b)
Start importing Assets/modular_terrain_collection/Hilly_Prop_Rock_2.obj using Guid(54b693c42e1e19d4186aa26419be80d3) Importer(815301076,1909f56bfc062723c751e8b465ee728b)  -> (artifact id: 'aabcc209fedd43bab1de6703df1a4b3d') in 0.039246 seconds
Number of updated asset objects reloaded before import = 0
Number of asset objects unloaded after import = 10
========================================================================
Received Import Request.
  Time since last request: 0.000043 seconds.
  path: Assets/modular_terrain_collection/Hilly_Prop_Fence_Boards_3.obj
  artifactKey: Guid(c79d4e564f5ffb347bea2c463bc765db) Importer(815301076,1909f56bfc062723c751e8b465ee728b)
Start importing Assets/modular_terrain_collection/Hilly_Prop_Fence_Boards_3.obj using Guid(c79d4e564f5ffb347bea2c463bc765db) Importer(815301076,1909f56bfc062723c751e8b465ee728b)  -> (artifact id: '96892b4611952aa29778c076728819a9') in 0.053086 seconds
Number of updated asset objects reloaded before import = 0
Number of asset objects unloaded after import = 15
========================================================================
Received Import Request.
  Time since last request: 0.000022 seconds.
  path: Assets/modular_terrain_collection/Hilly_Prop_Ruins_Pillar_2.obj
  artifactKey: Guid(1d895ebdc699053479cb1ff3ce6f9d29) Importer(815301076,1909f56bfc062723c751e8b465ee728b)
Start importing Assets/modular_terrain_collection/Hilly_Prop_Ruins_Pillar_2.obj using Guid(1d895ebdc699053479cb1ff3ce6f9d29) Importer(815301076,1909f56bfc062723c751e8b465ee728b)  -> (artifact id: '0107b6745af1b29953a93e446869d09e') in 0.042013 seconds
Number of updated asset objects reloaded before import = 0
Number of asset objects unloaded after import = 10
========================================================================
Received Import Request.
  Time since last request: 0.000022 seconds.
  path: Assets/modular_terrain_collection/Hilly_Prop_Flower_Rose.obj
  artifactKey: Guid(5bfd1203f4fd60e46a37ac83b92e78dd) Importer(815301076,1909f56bfc062723c751e8b465ee728b)
Start importing Assets/modular_terrain_collection/Hilly_Prop_Flower_Rose.obj using Guid(5bfd1203f4fd60e46a37ac83b92e78dd) Importer(815301076,1909f56bfc062723c751e8b465ee728b)  -> (artifact id: '1d73f6bfd1535c7ffcb4ab93fd2d0bcf') in 0.266585 seconds
Number of updated asset objects reloaded before import = 0
Number of asset objects unloaded after import = 46
========================================================================
Received Import Request.
  Time since last request: 0.000043 seconds.
  path: Assets/modular_terrain_collection/Hilly_Prop_Mushroom_1.obj
  artifactKey: Guid(c3c6208223992624b93b6129a89e319b) Importer(815301076,1909f56bfc062723c751e8b465ee728b)
Start importing Assets/modular_terrain_collection/Hilly_Prop_Mushroom_1.obj using Guid(c3c6208223992624b93b6129a89e319b) Importer(815301076,1909f56bfc062723c751e8b465ee728b)  -> (artifact id: '86770aa508cd16864892fad21af6fb12') in 0.059849 seconds
Number of updated asset objects reloaded before import = 0
Number of asset objects unloaded after import = 16
========================================================================
Received Import Request.
  Time since last request: 0.000033 seconds.
  path: Assets/modular_terrain_collection/Hilly_Prop_Fence_Hill_Gentle.obj
  artifactKey: Guid(d7746ee9d02450146afe280ff7438e22) Importer(815301076,1909f56bfc062723c751e8b465ee728b)
Start importing Assets/modular_terrain_collection/Hilly_Prop_Fence_Hill_Gentle.obj using Guid(d7746ee9d02450146afe280ff7438e22) Importer(815301076,1909f56bfc062723c751e8b465ee728b)  -> (artifact id: 'cf84331249519bf0323c28419766a6eb') in 0.205107 seconds
Number of updated asset objects reloaded before import = 0
Number of asset objects unloaded after import = 56
========================================================================
Received Import Request.
  Time since last request: 0.000037 seconds.
  path: Assets/modular_terrain_collection/Hilly_Prop_Flower_Lily_Blue.obj
  artifactKey: Guid(e806cf934d9aaff4e9661e5293e63891) Importer(815301076,1909f56bfc062723c751e8b465ee728b)
Start importing Assets/modular_terrain_collection/Hilly_Prop_Flower_Lily_Blue.obj using Guid(e806cf934d9aaff4e9661e5293e63891) Importer(815301076,1909f56bfc062723c751e8b465ee728b)  -> (artifact id: 'ce813705a66667303119db717ea70cb5') in 1.115818 seconds
Number of updated asset objects reloaded before import = 0
Number of asset objects unloaded after import = 442
========================================================================
Received Import Request.
  Time since last request: 0.158869 seconds.
  path: Assets/modular_terrain_collection/Hilly_Terrain_Hill_Corner_Outer_2x2.obj
  artifactKey: Guid(b07317dd09169784bb58d0848d7adfa9) Importer(815301076,1909f56bfc062723c751e8b465ee728b)
Start importing Assets/modular_terrain_collection/Hilly_Terrain_Hill_Corner_Outer_2x2.obj using Guid(b07317dd09169784bb58d0848d7adfa9) Importer(815301076,1909f56bfc062723c751e8b465ee728b)  -> (artifact id: '77d32dd3f95276c1f3ba72289d0e17f3') in 0.037356 seconds
Number of updated asset objects reloaded before import = 0
Number of asset objects unloaded after import = 10
========================================================================
Received Import Request.
  Time since last request: 0.000022 seconds.
  path: Assets/modular_terrain_collection/Hilly_Terrain_Hill_Corner_Outer_4x4.obj
  artifactKey: Guid(9265062164735794987b3d9e215dc738) Importer(815301076,1909f56bfc062723c751e8b465ee728b)
Start importing Assets/modular_terrain_collection/Hilly_Terrain_Hill_Corner_Outer_4x4.obj using Guid(9265062164735794987b3d9e215dc738) Importer(815301076,1909f56bfc062723c751e8b465ee728b)  -> (artifact id: '4fc52bd1d5cfb5b44d848c9e3e3c45af') in 0.039932 seconds
Number of updated asset objects reloaded before import = 0
Number of asset objects unloaded after import = 10
========================================================================
Received Import Request.
  Time since last request: 0.273814 seconds.
  path: Assets/modular_terrain_collection/Hilly_Terrain_Hill_Side_Shift_Gentle.obj
  artifactKey: Guid(599ac5e1d10de3b48a1a14f58b1a4c0f) Importer(815301076,1909f56bfc062723c751e8b465ee728b)
Start importing Assets/modular_terrain_collection/Hilly_Terrain_Hill_Side_Shift_Gentle.obj using Guid(599ac5e1d10de3b48a1a14f58b1a4c0f) Importer(815301076,1909f56bfc062723c751e8b465ee728b)  -> (artifact id: '20e756c394a7328f1e9c996cd1dc40f4') in 0.031905 seconds
Number of updated asset objects reloaded before import = 0
Number of asset objects unloaded after import = 10
========================================================================
Received Import Request.
  Time since last request: 0.000025 seconds.
  path: Assets/modular_terrain_collection/Hilly_Terrain_Hill_Transition_Gentle_Sharp_Flush_Base.obj
  artifactKey: Guid(1130055684bc8cf4395b15e10b8cea20) Importer(815301076,1909f56bfc062723c751e8b465ee728b)
Start importing Assets/modular_terrain_collection/Hilly_Terrain_Hill_Transition_Gentle_Sharp_Flush_Base.obj using Guid(1130055684bc8cf4395b15e10b8cea20) Importer(815301076,1909f56bfc062723c751e8b465ee728b)  -> (artifact id: '39bda1152619f481d09e091d5dacdb49') in 0.047355 seconds
Number of updated asset objects reloaded before import = 0
Number of asset objects unloaded after import = 10
========================================================================
Received Import Request.
  Time since last request: 0.000025 seconds.
  path: Assets/modular_terrain_collection/Hilly_Terrain_Path_Corner_Inner_1x1.obj
  artifactKey: Guid(b5ceb42eb93282347a7cb05d582aa699) Importer(815301076,1909f56bfc062723c751e8b465ee728b)
Start importing Assets/modular_terrain_collection/Hilly_Terrain_Path_Corner_Inner_1x1.obj using Guid(b5ceb42eb93282347a7cb05d582aa699) Importer(815301076,1909f56bfc062723c751e8b465ee728b)  -> (artifact id: '1e04c53d27850e886a17976b64fc6c37') in 0.049083 seconds
Number of updated asset objects reloaded before import = 0
Number of asset objects unloaded after import = 11
========================================================================
Received Import Request.
  Time since last request: 0.000060 seconds.
  path: Assets/modular_terrain_collection/Hilly_Terrain_Path_Corner_Outer_1x1.obj
  artifactKey: Guid(50321bc116e036e40837870be22c439e) Importer(815301076,1909f56bfc062723c751e8b465ee728b)
Start importing Assets/modular_terrain_collection/Hilly_Terrain_Path_Corner_Outer_1x1.obj using Guid(50321bc116e036e40837870be22c439e) Importer(815301076,1909f56bfc062723c751e8b465ee728b)  -> (artifact id: '0a2d4741a8bafe27409ff977ddbaae9f') in 0.042394 seconds
Number of updated asset objects reloaded before import = 0
Number of asset objects unloaded after import = 11
========================================================================
Received Import Request.
  Time since last request: 0.313042 seconds.
  path: Assets/modular_terrain_collection/Hilly_Terrain_Path_Corner_Outer_4x4.obj
  artifactKey: Guid(35ceeaf48fecf2945bc8420dbac1468d) Importer(815301076,1909f56bfc062723c751e8b465ee728b)
Start importing Assets/modular_terrain_collection/Hilly_Terrain_Path_Corner_Outer_4x4.obj using Guid(35ceeaf48fecf2945bc8420dbac1468d) Importer(815301076,1909f56bfc062723c751e8b465ee728b)  -> (artifact id: '8233d71b538d59429d1bc0a60fb95163') in 0.099401 seconds
Number of updated asset objects reloaded before import = 0
Number of asset objects unloaded after import = 11
========================================================================
Received Import Request.
  Time since last request: 0.000024 seconds.
  path: Assets/modular_terrain_collection/Hilly_Terrain_Path_Hill_Gentle_Plain_Center.obj
  artifactKey: Guid(b186972e2feb043499676f3f9364ea78) Importer(815301076,1909f56bfc062723c751e8b465ee728b)
Start importing Assets/modular_terrain_collection/Hilly_Terrain_Path_Hill_Gentle_Plain_Center.obj using Guid(b186972e2feb043499676f3f9364ea78) Importer(815301076,1909f56bfc062723c751e8b465ee728b)  -> (artifact id: '58fa71c66233d29d74ab5871d6652a78') in 0.038801 seconds
Number of updated asset objects reloaded before import = 0
Number of asset objects unloaded after import = 10
========================================================================
Received Import Request.
  Time since last request: 0.110904 seconds.
  path: Assets/modular_terrain_collection/Hilly_Terrain_Path_Hill_Sharp_Plain_Center.obj
  artifactKey: Guid(d2671443e64a0b54daf7bb9c1b58e2db) Importer(815301076,1909f56bfc062723c751e8b465ee728b)
Start importing Assets/modular_terrain_collection/Hilly_Terrain_Path_Hill_Sharp_Plain_Center.obj using Guid(d2671443e64a0b54daf7bb9c1b58e2db) Importer(815301076,1909f56bfc062723c751e8b465ee728b)  -> (artifact id: 'e4902a4f7e1bcdc593587b03ef76fb6d') in 0.071441 seconds
Number of updated asset objects reloaded before import = 0
Number of asset objects unloaded after import = 10
========================================================================
Received Import Request.
  Time since last request: 0.000047 seconds.
  path: Assets/modular_terrain_collection/Hilly_Terrain_Path_Side.obj
  artifactKey: Guid(75a9195d2b94faf428474eec9249d4be) Importer(815301076,1909f56bfc062723c751e8b465ee728b)
Start importing Assets/modular_terrain_collection/Hilly_Terrain_Path_Side.obj using Guid(75a9195d2b94faf428474eec9249d4be) Importer(815301076,1909f56bfc062723c751e8b465ee728b)  -> (artifact id: 'a8acf0453d775f99089717ee4f418a9f') in 0.053326 seconds
Number of updated asset objects reloaded before import = 0
Number of asset objects unloaded after import = 11
========================================================================
Received Import Request.
  Time since last request: 0.000036 seconds.
  path: Assets/modular_terrain_collection/Hilly_Terrain_Water_Flat.obj
  artifactKey: Guid(6081d73454646994589d4ea2efcc25c1) Importer(815301076,1909f56bfc062723c751e8b465ee728b)
Start importing Assets/modular_terrain_collection/Hilly_Terrain_Water_Flat.obj using Guid(6081d73454646994589d4ea2efcc25c1) Importer(815301076,1909f56bfc062723c751e8b465ee728b)  -> (artifact id: 'd6588c4ee966e0d5d48ae55021e27eb6') in 0.057152 seconds
Number of updated asset objects reloaded before import = 0
Number of asset objects unloaded after import = 10
========================================================================
Received Import Request.
  Time since last request: 0.000385 seconds.
  path: Assets/modular_terrain_collection/Mountain_3.obj
  artifactKey: Guid(60db0db2bf334024983c5802139a543c) Importer(815301076,1909f56bfc062723c751e8b465ee728b)
Start importing Assets/modular_terrain_collection/Mountain_3.obj using Guid(60db0db2bf334024983c5802139a543c) Importer(815301076,1909f56bfc062723c751e8b465ee728b)  -> (artifact id: 'dac0eac5dd4a6550a5c92e2776046897') in 0.065762 seconds
Number of updated asset objects reloaded before import = 0
Number of asset objects unloaded after import = 10
========================================================================
Received Import Request.
  Time since last request: 0.000315 seconds.
  path: Assets/modular_terrain_collection/Mountain_4.obj
  artifactKey: Guid(1983841468cb3994fa9fe5902cd4e692) Importer(815301076,1909f56bfc062723c751e8b465ee728b)
Start importing Assets/modular_terrain_collection/Mountain_4.obj using Guid(1983841468cb3994fa9fe5902cd4e692) Importer(815301076,1909f56bfc062723c751e8b465ee728b)  -> (artifact id: '888430aaf3c778415173691a5b7b0893') in 0.058319 seconds
Number of updated asset objects reloaded before import = 0
Number of asset objects unloaded after import = 10
========================================================================
Received Import Request.
  Time since last request: 0.000021 seconds.
  path: Assets/Models/Assets/fbx/mug_full.fbx
  artifactKey: Guid(60150b43cabe4634a88f0a150e7686d1) Importer(815301076,1909f56bfc062723c751e8b465ee728b)
Start importing Assets/Models/Assets/fbx/mug_full.fbx using Guid(60150b43cabe4634a88f0a150e7686d1) Importer(815301076,1909f56bfc062723c751e8b465ee728b)  -> (artifact id: '3257dccf7b4f6a71f1c0a598379b9931') in 0.047099 seconds
Number of updated asset objects reloaded before import = 0
Number of asset objects unloaded after import = 9
========================================================================
Received Import Request.
  Time since last request: 0.000022 seconds.
  path: Assets/Models/Characters/fbx/Mage.fbx
  artifactKey: Guid(de7e17c9868c60b4bae3f09a0fc5367c) Importer(815301076,1909f56bfc062723c751e8b465ee728b)
Start importing Assets/Models/Characters/fbx/Mage.fbx using Guid(de7e17c9868c60b4bae3f09a0fc5367c) Importer(815301076,1909f56bfc062723c751e8b465ee728b)  -> (artifact id: '7dfbcdb22181e099d5477f9a8c8c077f') in 0.223923 seconds
Number of updated asset objects reloaded before import = 0
Number of asset objects unloaded after import = 220
========================================================================
Received Import Request.
  Time since last request: 3.793082 seconds.
  path: Assets/Models/Assets/fbx/quiver.fbx
  artifactKey: Guid(9edd11b8f1031a7439f632fa067f8635) Importer(815301076,1909f56bfc062723c751e8b465ee728b)
Start importing Assets/Models/Assets/fbx/quiver.fbx using Guid(9edd11b8f1031a7439f632fa067f8635) Importer(815301076,1909f56bfc062723c751e8b465ee728b)  -> (artifact id: '8cce70b733854d2caff179b5d871158a') in 0.033161 seconds
Number of updated asset objects reloaded before import = 0
Number of asset objects unloaded after import = 9
========================================================================
Received Import Request.
  Time since last request: 0.000037 seconds.
  path: Assets/modular_terrain_collection/Shared_Prop_Boulder_3.obj
  artifactKey: Guid(7af90fd6379a38e4e93fcbebef26a590) Importer(815301076,1909f56bfc062723c751e8b465ee728b)
Start importing Assets/modular_terrain_collection/Shared_Prop_Boulder_3.obj using Guid(7af90fd6379a38e4e93fcbebef26a590) Importer(815301076,1909f56bfc062723c751e8b465ee728b)  -> (artifact id: '28c26752ac0cfb224f10e55cb4942895') in 0.044184 seconds
Number of updated asset objects reloaded before import = 0
Number of asset objects unloaded after import = 10
========================================================================
Received Import Request.
  Time since last request: 0.000192 seconds.
  path: Assets/modular_terrain_collection/Shared_Prop_Boulder_2.obj
  artifactKey: Guid(c84f6b80483c3714fb19a0416ff5afdf) Importer(815301076,1909f56bfc062723c751e8b465ee728b)
Start importing Assets/modular_terrain_collection/Shared_Prop_Boulder_2.obj using Guid(c84f6b80483c3714fb19a0416ff5afdf) Importer(815301076,1909f56bfc062723c751e8b465ee728b)  -> (artifact id: 'e5ad92437e0c6e83d9e52bf55165d83c') in 0.040100 seconds
Number of updated asset objects reloaded before import = 0
Number of asset objects unloaded after import = 10
========================================================================
Received Import Request.
  Time since last request: 0.000022 seconds.
  path: Assets/modular_terrain_collection/Shared_Prop_Boulder_1.obj
  artifactKey: Guid(57e55d86d0724e74f9a32b7378d42e9a) Importer(815301076,1909f56bfc062723c751e8b465ee728b)
Start importing Assets/modular_terrain_collection/Shared_Prop_Boulder_1.obj using Guid(57e55d86d0724e74f9a32b7378d42e9a) Importer(815301076,1909f56bfc062723c751e8b465ee728b)  -> (artifact id: 'c2e6f7042b3ada34fd79b99c770435ab') in 0.044609 seconds
Number of updated asset objects reloaded before import = 0
Number of asset objects unloaded after import = 10
========================================================================
Received Import Request.
  Time since last request: 0.042947 seconds.
  path: Assets/modular_terrain_collection/Shared_Prop_Boulder_4.obj
  artifactKey: Guid(350bf138bf7f8314c9eb8e9a59232a4b) Importer(815301076,1909f56bfc062723c751e8b465ee728b)
Start importing Assets/modular_terrain_collection/Shared_Prop_Boulder_4.obj using Guid(350bf138bf7f8314c9eb8e9a59232a4b) Importer(815301076,1909f56bfc062723c751e8b465ee728b)  -> (artifact id: 'a245ad4e4488f62ec8f902cfab20f23e') in 0.042253 seconds
Number of updated asset objects reloaded before import = 0
Number of asset objects unloaded after import = 10
========================================================================
Received Import Request.
  Time since last request: 0.000242 seconds.
  path: Assets/modular_terrain_collection/Shared_Prop_Boulder_5.obj
  artifactKey: Guid(002ebfa8fa3283448af3942488e89208) Importer(815301076,1909f56bfc062723c751e8b465ee728b)
Start importing Assets/modular_terrain_collection/Shared_Prop_Boulder_5.obj using Guid(002ebfa8fa3283448af3942488e89208) Importer(815301076,1909f56bfc062723c751e8b465ee728b)  -> (artifact id: '8337e78087f07b3700ebf8ff75d6e013') in 0.041115 seconds
Number of updated asset objects reloaded before import = 0
Number of asset objects unloaded after import = 10
========================================================================
Received Import Request.
  Time since last request: 0.000017 seconds.
  path: Assets/Models/assets 1/obj/Skeleton_Arrow.obj
  artifactKey: Guid(e1f00c1c3e3acf44591a8805591f672f) Importer(815301076,1909f56bfc062723c751e8b465ee728b)
Start importing Assets/Models/assets 1/obj/Skeleton_Arrow.obj using Guid(e1f00c1c3e3acf44591a8805591f672f) Importer(815301076,1909f56bfc062723c751e8b465ee728b)  -> (artifact id: '672f4984edac30bbf0cebb53a0e70aca') in 0.044426 seconds
Number of updated asset objects reloaded before import = 0
Number of asset objects unloaded after import = 11
========================================================================
Received Import Request.
  Time since last request: 0.000273 seconds.
  path: Assets/Models/Assets/fbx/shield_spikes.fbx
  artifactKey: Guid(9d48812e91c56c84491d606451a66982) Importer(815301076,1909f56bfc062723c751e8b465ee728b)
Start importing Assets/Models/Assets/fbx/shield_spikes.fbx using Guid(9d48812e91c56c84491d606451a66982) Importer(815301076,1909f56bfc062723c751e8b465ee728b)  -> (artifact id: '24237cba67f9df20194594b2c2ba9a25') in 0.043109 seconds
Number of updated asset objects reloaded before import = 0
Number of asset objects unloaded after import = 9
========================================================================
Received Import Request.
  Time since last request: 0.000025 seconds.
  path: Assets/Models/Assets/fbx/shield_badge_color.fbx
  artifactKey: Guid(6fc2a2de2c5bdb64ab50a943a59792b0) Importer(815301076,1909f56bfc062723c751e8b465ee728b)
Start importing Assets/Models/Assets/fbx/shield_badge_color.fbx using Guid(6fc2a2de2c5bdb64ab50a943a59792b0) Importer(815301076,1909f56bfc062723c751e8b465ee728b)  -> (artifact id: 'c0bd80662f143d204fd8c30566d525c9') in 0.043085 seconds
Number of updated asset objects reloaded before import = 0
Number of asset objects unloaded after import = 9
========================================================================
Received Import Request.
  Time since last request: 0.000035 seconds.
  path: Assets/Models/Assets/fbx/shield_round_barbarian.fbx
  artifactKey: Guid(f6fed6a3ef158174dbdc53319d08d17a) Importer(815301076,1909f56bfc062723c751e8b465ee728b)
Start importing Assets/Models/Assets/fbx/shield_round_barbarian.fbx using Guid(f6fed6a3ef158174dbdc53319d08d17a) Importer(815301076,1909f56bfc062723c751e8b465ee728b)  -> (artifact id: 'd06fe2f92803a4ac8479f55a55e66686') in 0.037491 seconds
Number of updated asset objects reloaded before import = 0
Number of asset objects unloaded after import = 9
========================================================================
Received Import Request.
  Time since last request: 0.000020 seconds.
  path: Assets/Models/assets 1/fbx/Skeleton_Arrow_Broken.fbx
  artifactKey: Guid(ca88e5bdb3797624b85da1adaa38c372) Importer(815301076,1909f56bfc062723c751e8b465ee728b)
Start importing Assets/Models/assets 1/fbx/Skeleton_Arrow_Broken.fbx using Guid(ca88e5bdb3797624b85da1adaa38c372) Importer(815301076,1909f56bfc062723c751e8b465ee728b)  -> (artifact id: 'a7e02cab453471c2dd559967d49a6f39') in 0.035981 seconds
Number of updated asset objects reloaded before import = 0
Number of asset objects unloaded after import = 9
========================================================================
Received Import Request.
  Time since last request: 0.000028 seconds.
  path: Assets/Models/assets 1/fbx/Skeleton_Arrow.fbx
  artifactKey: Guid(5435046764eb8dc46bd1fcb1a191ba25) Importer(815301076,1909f56bfc062723c751e8b465ee728b)
Start importing Assets/Models/assets 1/fbx/Skeleton_Arrow.fbx using Guid(5435046764eb8dc46bd1fcb1a191ba25) Importer(815301076,1909f56bfc062723c751e8b465ee728b)  -> (artifact id: '1d7202c89e3ede2231ffc538bfca2b0f') in 0.029342 seconds
Number of updated asset objects reloaded before import = 0
Number of asset objects unloaded after import = 9
========================================================================
Received Import Request.
  Time since last request: 0.441332 seconds.
  path: Assets/Models/assets 1/fbx(unity)/Skeleton_Arrow_Broken_Half.fbx
  artifactKey: Guid(df981816d0567da4f9235fc9b59d1990) Importer(815301076,1909f56bfc062723c751e8b465ee728b)
Start importing Assets/Models/assets 1/fbx(unity)/Skeleton_Arrow_Broken_Half.fbx using Guid(df981816d0567da4f9235fc9b59d1990) Importer(815301076,1909f56bfc062723c751e8b465ee728b)  -> (artifact id: '02e33b2c1871a203efe81fc34472b8a0') in 0.028386 seconds
Number of updated asset objects reloaded before import = 0
Number of asset objects unloaded after import = 9
========================================================================
Received Import Request.
  Time since last request: 0.000017 seconds.
  path: Assets/Models/assets 1/fbx(unity)/Skeleton_Blade.fbx
  artifactKey: Guid(5282c5415742e5749a4e3d72e9f9b81a) Importer(815301076,1909f56bfc062723c751e8b465ee728b)
Start importing Assets/Models/assets 1/fbx(unity)/Skeleton_Blade.fbx using Guid(5282c5415742e5749a4e3d72e9f9b81a) Importer(815301076,1909f56bfc062723c751e8b465ee728b)  -> (artifact id: 'afe642507f96a6c459b1050da40b95c0') in 0.041644 seconds
Number of updated asset objects reloaded before import = 0
Number of asset objects unloaded after import = 9
========================================================================
Received Import Request.
  Time since last request: 0.000019 seconds.
  path: Assets/Models/assets 1/obj/Skeleton_Crossbow.obj
  artifactKey: Guid(6b017de49641cbe4ca5ea915d7db944f) Importer(815301076,1909f56bfc062723c751e8b465ee728b)
Start importing Assets/Models/assets 1/obj/Skeleton_Crossbow.obj using Guid(6b017de49641cbe4ca5ea915d7db944f) Importer(815301076,1909f56bfc062723c751e8b465ee728b)  -> (artifact id: '30962fb84e3dcf6371c104bb781959da') in 0.063437 seconds
Number of updated asset objects reloaded before import = 0
Number of asset objects unloaded after import = 11
========================================================================
Received Import Request.
  Time since last request: 0.000028 seconds.
  path: Assets/Models/assets 1/fbx/Skeleton_Axe.fbx
  artifactKey: Guid(1cabf10fa38edd94194c04d1e93325bc) Importer(815301076,1909f56bfc062723c751e8b465ee728b)
Start importing Assets/Models/assets 1/fbx/Skeleton_Axe.fbx using Guid(1cabf10fa38edd94194c04d1e93325bc) Importer(815301076,1909f56bfc062723c751e8b465ee728b)  -> (artifact id: '246285e4366ed5a330871b18825dd03f') in 0.042875 seconds
Number of updated asset objects reloaded before import = 0
Number of asset objects unloaded after import = 9
========================================================================
Received Import Request.
  Time since last request: 0.000019 seconds.
  path: Assets/Models/assets 1/obj/Skeleton_Arrow_Broken_Half.obj
  artifactKey: Guid(96aee41346d8dc04eb56469272f1a3c5) Importer(815301076,1909f56bfc062723c751e8b465ee728b)
Start importing Assets/Models/assets 1/obj/Skeleton_Arrow_Broken_Half.obj using Guid(96aee41346d8dc04eb56469272f1a3c5) Importer(815301076,1909f56bfc062723c751e8b465ee728b)  -> (artifact id: '157490688fb73c0a6ec71d47a9d604f1') in 0.055553 seconds
Number of updated asset objects reloaded before import = 0
Number of asset objects unloaded after import = 11
========================================================================
Received Import Request.
  Time since last request: 0.000020 seconds.
  path: Assets/Models/assets 1/fbx/Skeleton_Blade.fbx
  artifactKey: Guid(531745028ee280b45b50448f3aed4f69) Importer(815301076,1909f56bfc062723c751e8b465ee728b)
Start importing Assets/Models/assets 1/fbx/Skeleton_Blade.fbx using Guid(531745028ee280b45b50448f3aed4f69) Importer(815301076,1909f56bfc062723c751e8b465ee728b)  -> (artifact id: '320084e3869727324b1ff53374e0b92e') in 0.051370 seconds
Number of updated asset objects reloaded before import = 0
Number of asset objects unloaded after import = 9
========================================================================
Received Import Request.
  Time since last request: 0.000052 seconds.
  path: Assets/Models/assets 1/fbx(unity)/Skeleton_Quiver.fbx
  artifactKey: Guid(c2a7984bd43838e4ba701f7136119510) Importer(815301076,1909f56bfc062723c751e8b465ee728b)
Start importing Assets/Models/assets 1/fbx(unity)/Skeleton_Quiver.fbx using Guid(c2a7984bd43838e4ba701f7136119510) Importer(815301076,1909f56bfc062723c751e8b465ee728b)  -> (artifact id: '5e606d853ce2acf36dfc38141a35a7d9') in 0.044370 seconds
Number of updated asset objects reloaded before import = 0
Number of asset objects unloaded after import = 9
========================================================================
Received Import Request.
  Time since last request: 0.000025 seconds.
  path: Assets/Models/assets 1/obj/Skeleton_Quiver.obj
  artifactKey: Guid(b5f37c41b6601a8498d558d8f8142f26) Importer(815301076,1909f56bfc062723c751e8b465ee728b)
Start importing Assets/Models/assets 1/obj/Skeleton_Quiver.obj using Guid(b5f37c41b6601a8498d558d8f8142f26) Importer(815301076,1909f56bfc062723c751e8b465ee728b)  -> (artifact id: '9d47df2291a588167cb595bcc01a3da4') in 0.053861 seconds
Number of updated asset objects reloaded before import = 0
Number of asset objects unloaded after import = 11
========================================================================
Received Import Request.
  Time since last request: 0.000203 seconds.
  path: Assets/Models/assets 1/fbx(unity)/Skeleton_Arrow_Half.fbx
  artifactKey: Guid(bd2d9ec296811f9449d2adfe830f9ee3) Importer(815301076,1909f56bfc062723c751e8b465ee728b)
Start importing Assets/Models/assets 1/fbx(unity)/Skeleton_Arrow_Half.fbx using Guid(bd2d9ec296811f9449d2adfe830f9ee3) Importer(815301076,1909f56bfc062723c751e8b465ee728b)  -> (artifact id: '5b348f6eb8c8b453ebfb328a70bb2012') in 0.045397 seconds
Number of updated asset objects reloaded before import = 0
Number of asset objects unloaded after import = 9
========================================================================
Received Import Request.
  Time since last request: 0.000160 seconds.
  path: Assets/Models/assets 1/obj/Skeleton_Axe.obj
  artifactKey: Guid(27ec79832110b34409c1f276d08f00d2) Importer(815301076,1909f56bfc062723c751e8b465ee728b)
Start importing Assets/Models/assets 1/obj/Skeleton_Axe.obj using Guid(27ec79832110b34409c1f276d08f00d2) Importer(815301076,1909f56bfc062723c751e8b465ee728b)  -> (artifact id: '94ee98be6981d47790edbb3286acecf5') in 0.105639 seconds
Number of updated asset objects reloaded before import = 0
Number of asset objects unloaded after import = 11
========================================================================
Received Import Request.
  Time since last request: 0.000606 seconds.
  path: Assets/Models/characters 1/fbx/Skeleton_Mage.fbx
  artifactKey: Guid(0123390484cc2e846a3eef39cc0f44c5) Importer(815301076,1909f56bfc062723c751e8b465ee728b)
Start importing Assets/Models/characters 1/fbx/Skeleton_Mage.fbx using Guid(0123390484cc2e846a3eef39cc0f44c5) Importer(815301076,1909f56bfc062723c751e8b465ee728b)  -> (artifact id: '37567932a8b914ceacc959fbe0854bc8') in 0.240866 seconds
Number of updated asset objects reloaded before import = 0
Number of asset objects unloaded after import = 223
========================================================================
Received Import Request.
  Time since last request: 0.248290 seconds.
  path: Assets/Models/assets 1/fbx/Skeleton_Shield_Large_B.fbx
  artifactKey: Guid(eb5ebb3fd82619345b5776ae1a718397) Importer(815301076,1909f56bfc062723c751e8b465ee728b)
Start importing Assets/Models/assets 1/fbx/Skeleton_Shield_Large_B.fbx using Guid(eb5ebb3fd82619345b5776ae1a718397) Importer(815301076,1909f56bfc062723c751e8b465ee728b)  -> (artifact id: '1afa09ffd01111deb42d9df79bdcbc32') in 0.036406 seconds
Number of updated asset objects reloaded before import = 0
Number of asset objects unloaded after import = 9
========================================================================
Received Import Request.
  Time since last request: 0.000019 seconds.
  path: Assets/Models/assets 1/obj/Skeleton_Shield_Small_A.obj
  artifactKey: Guid(bff00b5f43a589047bc635a027b7c6ed) Importer(815301076,1909f56bfc062723c751e8b465ee728b)
Start importing Assets/Models/assets 1/obj/Skeleton_Shield_Small_A.obj using Guid(bff00b5f43a589047bc635a027b7c6ed) Importer(815301076,1909f56bfc062723c751e8b465ee728b)  -> (artifact id: '56b9219e0a94e315c373bc648ade2b4d') in 0.042902 seconds
Number of updated asset objects reloaded before import = 0
Number of asset objects unloaded after import = 11
========================================================================
Received Import Request.
  Time since last request: 0.000023 seconds.
  path: Assets/Models/assets 1/obj/Skeleton_Shield_Small_B.obj
  artifactKey: Guid(24e185f6120268a42852c7c0b97d91d1) Importer(815301076,1909f56bfc062723c751e8b465ee728b)
Start importing Assets/Models/assets 1/obj/Skeleton_Shield_Small_B.obj using Guid(24e185f6120268a42852c7c0b97d91d1) Importer(815301076,1909f56bfc062723c751e8b465ee728b)  -> (artifact id: '70f50a23ef257099417065b906b5f381') in 0.050977 seconds
Number of updated asset objects reloaded before import = 0
Number of asset objects unloaded after import = 11
========================================================================
Received Import Request.
  Time since last request: 0.000018 seconds.
  path: Assets/Models/Assets/fbx/sword_1handed.fbx
  artifactKey: Guid(7dd219e4f4828ca489bfb87a827fc7de) Importer(815301076,1909f56bfc062723c751e8b465ee728b)
Start importing Assets/Models/Assets/fbx/sword_1handed.fbx using Guid(7dd219e4f4828ca489bfb87a827fc7de) Importer(815301076,1909f56bfc062723c751e8b465ee728b)  -> (artifact id: '74c017762f0185f23820256303e2f46e') in 0.040011 seconds
Number of updated asset objects reloaded before import = 0
Number of asset objects unloaded after import = 9
========================================================================
Received Import Request.
  Time since last request: 0.000126 seconds.
  path: Assets/Models/assets 1/fbx/Skeleton_Staff.fbx
  artifactKey: Guid(125e4648a55567043b20a733217ccd10) Importer(815301076,1909f56bfc062723c751e8b465ee728b)
Start importing Assets/Models/assets 1/fbx/Skeleton_Staff.fbx using Guid(125e4648a55567043b20a733217ccd10) Importer(815301076,1909f56bfc062723c751e8b465ee728b)  -> (artifact id: '0618b7226ea7d6ddf041adddecedeaaf') in 0.041637 seconds
Number of updated asset objects reloaded before import = 0
Number of asset objects unloaded after import = 9
========================================================================
Received Import Request.
  Time since last request: 0.000021 seconds.
  path: Assets/Models/assets 1/fbx(unity)/Skeleton_Staff.fbx
  artifactKey: Guid(150ff871dc1069e40b6dd8659069d704) Importer(815301076,1909f56bfc062723c751e8b465ee728b)
Start importing Assets/Models/assets 1/fbx(unity)/Skeleton_Staff.fbx using Guid(150ff871dc1069e40b6dd8659069d704) Importer(815301076,1909f56bfc062723c751e8b465ee728b)  -> (artifact id: '458fe2b6c07df9e429ee1bc5bc7c9b81') in 0.038321 seconds
Number of updated asset objects reloaded before import = 0
Number of asset objects unloaded after import = 9
========================================================================
Received Import Request.
  Time since last request: 0.000021 seconds.
  path: Assets/Models/Assets/fbx/spellbook_open.fbx
  artifactKey: Guid(b3c4712a9087ae74c8b80ab88f9d09a6) Importer(815301076,1909f56bfc062723c751e8b465ee728b)
Start importing Assets/Models/Assets/fbx/spellbook_open.fbx using Guid(b3c4712a9087ae74c8b80ab88f9d09a6) Importer(815301076,1909f56bfc062723c751e8b465ee728b)  -> (artifact id: 'ef9d21dbe8a2c192069611f683c26669') in 0.040706 seconds
Number of updated asset objects reloaded before import = 0
Number of asset objects unloaded after import = 9
========================================================================
Received Import Request.
  Time since last request: 0.000032 seconds.
  path: Assets/Models/assets 1/fbx/Skeleton_Shield_Small_B.fbx
  artifactKey: Guid(2014ed75920c54f44ad2c3d281f219ad) Importer(815301076,1909f56bfc062723c751e8b465ee728b)
Start importing Assets/Models/assets 1/fbx/Skeleton_Shield_Small_B.fbx using Guid(2014ed75920c54f44ad2c3d281f219ad) Importer(815301076,1909f56bfc062723c751e8b465ee728b)  -> (artifact id: '42a0a3d50b210e233aa904b4c256a76b') in 0.039488 seconds
Number of updated asset objects reloaded before import = 0
Number of asset objects unloaded after import = 9
========================================================================
Received Import Request.
  Time since last request: 0.000033 seconds.
  path: Assets/Models/Assets/fbx/sword_2handed.fbx
  artifactKey: Guid(7eca16a85ee512647aff40e5c52d2f0a) Importer(815301076,1909f56bfc062723c751e8b465ee728b)
Start importing Assets/Models/Assets/fbx/sword_2handed.fbx using Guid(7eca16a85ee512647aff40e5c52d2f0a) Importer(815301076,1909f56bfc062723c751e8b465ee728b)  -> (artifact id: 'b03d8a42f4c97a3c96500f19dcd81980') in 0.042788 seconds
Number of updated asset objects reloaded before import = 0
Number of asset objects unloaded after import = 9
Editor requested this worker to shutdown with reason: Scaling down because of idle timeout
TcpMessagingSession - receive error: operation aborted. errorcode: 995, details: La operación de E/S se anuló por una salida de subproceso o por una solicitud de aplicación.
AssetImportWorker is now disconnected from the server
Process exiting
Exiting without the bug reporter. Application will terminate with return code 0