Using pre-set license
Built from '2022.3/staging' branch; Version is '2022.3.25f1 (530ae0ba3889) revision 5442272'; Using compiler version '192829333'; Build Type 'Release'
OS: 'Windows 10  (10.0.19045) 64bit ProfessionalWorkstation' Language: 'es' Physical Memory: 31907 MB
BatchMode: 1, IsHumanControllingUs: 0, StartBugReporterOnCrash: 0, Is64bit: 1, IsPro: 1

COMMAND LINE ARGUMENTS:
C:\Program Files\Unity\Hub\Editor\2022.3.25f1\Editor\Unity.exe
-adb2
-batchMode
-noUpm
-name
AssetImportWorker1
-projectPath
C:/Users/Anhujuju/Plataformer
-logFile
Logs/AssetImportWorker1.log
-srvPort
54265
Successfully changed project path to: C:/Users/Anhujuju/Plataformer
C:/Users/Anhujuju/Plataformer
[UnityMemory] Configuration Parameters - Can be set up in boot.config
    "memorysetup-bucket-allocator-granularity=16"
    "memorysetup-bucket-allocator-bucket-count=8"
    "memorysetup-bucket-allocator-block-size=33554432"
    "memorysetup-bucket-allocator-block-count=8"
    "memorysetup-main-allocator-block-size=16777216"
    "memorysetup-thread-allocator-block-size=16777216"
    "memorysetup-gfx-main-allocator-block-size=16777216"
    "memorysetup-gfx-thread-allocator-block-size=16777216"
    "memorysetup-cache-allocator-block-size=4194304"
    "memorysetup-typetree-allocator-block-size=2097152"
    "memorysetup-profiler-bucket-allocator-granularity=16"
    "memorysetup-profiler-bucket-allocator-bucket-count=8"
    "memorysetup-profiler-bucket-allocator-block-size=33554432"
    "memorysetup-profiler-bucket-allocator-block-count=8"
    "memorysetup-profiler-allocator-block-size=16777216"
    "memorysetup-profiler-editor-allocator-block-size=1048576"
    "memorysetup-temp-allocator-size-main=16777216"
    "memorysetup-job-temp-allocator-block-size=2097152"
    "memorysetup-job-temp-allocator-block-size-background=1048576"
    "memorysetup-job-temp-allocator-reduction-small-platforms=262144"
    "memorysetup-allocator-temp-initial-block-size-main=262144"
    "memorysetup-allocator-temp-initial-block-size-worker=262144"
    "memorysetup-temp-allocator-size-background-worker=32768"
    "memorysetup-temp-allocator-size-job-worker=262144"
    "memorysetup-temp-allocator-size-preload-manager=33554432"
    "memorysetup-temp-allocator-size-nav-mesh-worker=65536"
    "memorysetup-temp-allocator-size-audio-worker=65536"
    "memorysetup-temp-allocator-size-cloud-worker=32768"
    "memorysetup-temp-allocator-size-gi-baking-worker=262144"
    "memorysetup-temp-allocator-size-gfx=262144"
Player connection [32640] Host "[IP] 172.18.128.1 [Port] 0 [Flags] 2 [Guid] 447571859 [EditorId] 447571859 [Version] 1048832 [Id] WindowsEditor(7,DESKTOP-3BAPAF0) [Debug] 1 [PackageName] WindowsEditor [ProjectName] Editor" joined multi-casting on [225.0.0.222:54997]...

Player connection [32640] Host "[IP] 172.18.128.1 [Port] 0 [Flags] 2 [Guid] 447571859 [EditorId] 447571859 [Version] 1048832 [Id] WindowsEditor(7,DESKTOP-3BAPAF0) [Debug] 1 [PackageName] WindowsEditor [ProjectName] Editor" joined alternative multi-casting on [225.0.0.222:34997]...

[Physics::Module] Initialized MultithreadedJobDispatcher with 11 workers.
Refreshing native plugins compatible for Editor in 6.57 ms, found 3 plugins.
Preloading 0 native plugins for Editor in 0.00 ms.
Initialize engine version: 2022.3.25f1 (530ae0ba3889)
[Subsystems] Discovering subsystems at path C:/Program Files/Unity/Hub/Editor/2022.3.25f1/Editor/Data/Resources/UnitySubsystems
[Subsystems] Discovering subsystems at path C:/Users/Anhujuju/Plataformer/Assets
GfxDevice: creating device client; threaded=0; jobified=0
Direct3D:
    Version:  Direct3D 11.0 [level 11.1]
    Renderer: NVIDIA GeForce RTX 4060 (ID=0x2882)
    Vendor:   NVIDIA
    VRAM:     7957 MB
    Driver:   31.0.15.5186
Initialize mono
Mono path[0] = 'C:/Program Files/Unity/Hub/Editor/2022.3.25f1/Editor/Data/Managed'
Mono path[1] = 'C:/Program Files/Unity/Hub/Editor/2022.3.25f1/Editor/Data/MonoBleedingEdge/lib/mono/unityjit-win32'
Mono config path = 'C:/Program Files/Unity/Hub/Editor/2022.3.25f1/Editor/Data/MonoBleedingEdge/etc'
Using monoOptions --debugger-agent=transport=dt_socket,embedding=1,server=y,suspend=n,address=127.0.0.1:56116
Begin MonoManager ReloadAssembly
Registering precompiled unity dll's ...
Register platform support module: C:/Program Files/Unity/Hub/Editor/2022.3.25f1/Editor/Data/PlaybackEngines/WebGLSupport/UnityEditor.WebGL.Extensions.dll
Register platform support module: C:/Program Files/Unity/Hub/Editor/2022.3.25f1/Editor/Data/PlaybackEngines/WindowsStandaloneSupport/UnityEditor.WindowsStandalone.Extensions.dll
Registered in 0.009621 seconds.
- Loaded All Assemblies, in  0.272 seconds
Native extension for WindowsStandalone target not found
Native extension for WebGL target not found
Mono: successfully reloaded assembly
- Finished resetting the current domain, in  0.202 seconds
Domain Reload Profiling: 473ms
	BeginReloadAssembly (81ms)
		ExecutionOrderSort (0ms)
		DisableScriptedObjects (0ms)
		BackupInstance (0ms)
		ReleaseScriptingObjects (0ms)
		CreateAndSetChildDomain (1ms)
	RebuildCommonClasses (28ms)
	RebuildNativeTypeToScriptingClass (8ms)
	initialDomainReloadingComplete (49ms)
	LoadAllAssembliesAndSetupDomain (105ms)
		LoadAssemblies (79ms)
		RebuildTransferFunctionScriptingTraits (0ms)
		AnalyzeDomain (103ms)
			TypeCache.Refresh (102ms)
				TypeCache.ScanAssembly (92ms)
			ScanForSourceGeneratedMonoScriptInfo (0ms)
			ResolveRequiredComponents (0ms)
	FinalizeReload (202ms)
		ReleaseScriptCaches (0ms)
		RebuildScriptCaches (0ms)
		SetupLoadedEditorAssemblies (159ms)
			LogAssemblyErrors (0ms)
			InitializePlatformSupportModulesInManaged (9ms)
			SetLoadedEditorAssemblies (4ms)
			RefreshPlugins (0ms)
			BeforeProcessingInitializeOnLoad (2ms)
			ProcessInitializeOnLoadAttributes (106ms)
			ProcessInitializeOnLoadMethodAttributes (39ms)
			AfterProcessingInitializeOnLoad (0ms)
			EditorAssembliesLoaded (0ms)
		ExecutionOrderSort2 (0ms)
		AwakeInstancesAfterBackupRestoration (0ms)
========================================================================
Worker process is ready to serve import requests
Begin MonoManager ReloadAssembly
- Loaded All Assemblies, in  0.498 seconds
Refreshing native plugins compatible for Editor in 2.44 ms, found 3 plugins.
Native extension for WindowsStandalone target not found
Native extension for WebGL target not found
Package Manager log level set to [2]
[Package Manager] Server::EnsureServerProcessIsRunning -- launch failed, reason: Unity was launched with the -noUpm command-line argument
[Package Manager] UpmClient::Send -- Unable to send message (not connected to UPM process).
[Package Manager] Cannot connect to Unity Package Manager local server
Mono: successfully reloaded assembly
- Finished resetting the current domain, in  0.448 seconds
Domain Reload Profiling: 944ms
	BeginReloadAssembly (124ms)
		ExecutionOrderSort (0ms)
		DisableScriptedObjects (4ms)
		BackupInstance (0ms)
		ReleaseScriptingObjects (0ms)
		CreateAndSetChildDomain (21ms)
	RebuildCommonClasses (24ms)
	RebuildNativeTypeToScriptingClass (9ms)
	initialDomainReloadingComplete (33ms)
	LoadAllAssembliesAndSetupDomain (306ms)
		LoadAssemblies (237ms)
		RebuildTransferFunctionScriptingTraits (0ms)
		AnalyzeDomain (138ms)
			TypeCache.Refresh (121ms)
				TypeCache.ScanAssembly (110ms)
			ScanForSourceGeneratedMonoScriptInfo (12ms)
			ResolveRequiredComponents (3ms)
	FinalizeReload (448ms)
		ReleaseScriptCaches (0ms)
		RebuildScriptCaches (0ms)
		SetupLoadedEditorAssemblies (332ms)
			LogAssemblyErrors (0ms)
			InitializePlatformSupportModulesInManaged (7ms)
			SetLoadedEditorAssemblies (5ms)
			RefreshPlugins (0ms)
			BeforeProcessingInitializeOnLoad (52ms)
			ProcessInitializeOnLoadAttributes (244ms)
			ProcessInitializeOnLoadMethodAttributes (16ms)
			AfterProcessingInitializeOnLoad (7ms)
			EditorAssembliesLoaded (0ms)
		ExecutionOrderSort2 (0ms)
		AwakeInstancesAfterBackupRestoration (7ms)
Launched and connected shader compiler UnityShaderCompiler.exe after 0.06 seconds
Refreshing native plugins compatible for Editor in 3.35 ms, found 3 plugins.
Preloading 0 native plugins for Editor in 0.00 ms.
Unloading 3093 Unused Serialized files (Serialized files now loaded: 0)
Unloading 32 unused Assets / (57.0 KB). Loaded Objects now: 3554.
Memory consumption went from 121.2 MB to 121.1 MB.
Total: 2.485000 ms (FindLiveObjects: 0.232500 ms CreateObjectMapping: 0.112400 ms MarkObjects: 2.044100 ms  DeleteObjects: 0.095400 ms)

AssetImportParameters requested are different than current active one (requested -> active):
  custom:container-demuxer-ogg: 62fdf1f143b41e24485cea50d1cbac27 -> 
  custom:video-decoder-ogg-theora: a1e56fd34408186e4bbccfd4996cb3dc -> 
  custom:framework-win-MediaFoundation: 216162199b28c13a410421893ffa2e32 -> 
  custom:CustomObjectIndexerAttribute: 9a22284fe3817be447336de3de66b15e -> 
  custom:container-demuxer-webm: 4f35f7cbe854078d1ac9338744f61a02 -> 
  custom:container-muxer-webm: aa71ff27fc2769a1b78a27578f13a17b -> 
  custom:video-decoder-webm-vp8: 9c59270c3fd7afecdb556c50c9e8de78 -> 
  custom:SearchIndexIgnoredProperties: e643bd26f0fe6173181afceb89e7c659 -> 
  custom:AudioImporter_EditorPlatform: d09bf68614088b80899f8185d706f6e7 -> 
  custom:video-encoder-webm-vp8: eb34c28f22e8b96e1ab97ce403110664 -> 
  custom:audio-decoder-ogg-vorbis: bf7c407c2cedff20999df2af8eb42d56 -> 
  custom:audio-encoder-webm-vorbis: bf7c407c2cedff20999df2af8eb42d56 -> 
========================================================================
Received Import Request.
  Time since last request: 435488.849397 seconds.
  path: Assets/Models/Textures/knight_texture.png
  artifactKey: Guid(47d8e5e34e8d1b34a8a0735c7f0dde54) Importer(815301076,1909f56bfc062723c751e8b465ee728b)
Start importing Assets/Models/Textures/knight_texture.png using Guid(47d8e5e34e8d1b34a8a0735c7f0dde54) Importer(815301076,1909f56bfc062723c751e8b465ee728b)  -> (artifact id: 'e7d81d99bade430281c3f20c77aac169') in 0.059120 seconds
Number of updated asset objects reloaded before import = 0
Number of asset objects unloaded after import = 2
========================================================================
Received Import Request.
  Time since last request: 0.000019 seconds.
  path: Assets/Models/Textures/mage_texture.png
  artifactKey: Guid(2474d5abd0570f34f9f8399c050e84db) Importer(815301076,1909f56bfc062723c751e8b465ee728b)
Start importing Assets/Models/Textures/mage_texture.png using Guid(2474d5abd0570f34f9f8399c050e84db) Importer(815301076,1909f56bfc062723c751e8b465ee728b)  -> (artifact id: '10244359387e36f41b2572863684b997') in 0.010885 seconds
Number of updated asset objects reloaded before import = 0
Number of asset objects unloaded after import = 2
========================================================================
Received Import Request.
  Time since last request: 8.695819 seconds.
  path: Assets/Models/modular_terrain_collection/Beach_Prop_Docks_Corner.obj
  artifactKey: Guid(5ebfb3ef925e2c047b58447509cde3d4) Importer(815301076,1909f56bfc062723c751e8b465ee728b)
Start importing Assets/Models/modular_terrain_collection/Beach_Prop_Docks_Corner.obj using Guid(5ebfb3ef925e2c047b58447509cde3d4) Importer(815301076,1909f56bfc062723c751e8b465ee728b)  -> (artifact id: 'afceb3479aeb9d8fa73de1fbc04e468f') in 0.337091 seconds
Number of updated asset objects reloaded before import = 0
Number of asset objects unloaded after import = 56
========================================================================
Received Import Request.
  Time since last request: 0.000023 seconds.
  path: Assets/Models/modular_terrain_collection/Cave_Prop_Railway_Straight_4.obj
  artifactKey: Guid(f789ab61d09840740b43a10c32b0053f) Importer(815301076,1909f56bfc062723c751e8b465ee728b)
Start importing Assets/Models/modular_terrain_collection/Cave_Prop_Railway_Straight_4.obj using Guid(f789ab61d09840740b43a10c32b0053f) Importer(815301076,1909f56bfc062723c751e8b465ee728b)  -> (artifact id: '78e17bc1b90aa27c565e9154c1c2d987') in 0.060634 seconds
Number of updated asset objects reloaded before import = 0
Number of asset objects unloaded after import = 26
========================================================================
Received Import Request.
  Time since last request: 0.000027 seconds.
  path: Assets/Models/modular_terrain_collection/Cave_Prop_Support_Wall_Pillar_2.obj
  artifactKey: Guid(57cb54a7e4c48d3438de386f6c87d5e3) Importer(815301076,1909f56bfc062723c751e8b465ee728b)
Start importing Assets/Models/modular_terrain_collection/Cave_Prop_Support_Wall_Pillar_2.obj using Guid(57cb54a7e4c48d3438de386f6c87d5e3) Importer(815301076,1909f56bfc062723c751e8b465ee728b)  -> (artifact id: '19737028015122839adf52004043c611') in 0.021634 seconds
Number of updated asset objects reloaded before import = 0
Number of asset objects unloaded after import = 11
========================================================================
Received Import Request.
  Time since last request: 0.000102 seconds.
  path: Assets/Models/modular_terrain_collection/Cave_Prop_Support_Ceiling_Boards_4.obj
  artifactKey: Guid(11270786601366142b66a8967b46bded) Importer(815301076,1909f56bfc062723c751e8b465ee728b)
Start importing Assets/Models/modular_terrain_collection/Cave_Prop_Support_Ceiling_Boards_4.obj using Guid(11270786601366142b66a8967b46bded) Importer(815301076,1909f56bfc062723c751e8b465ee728b)  -> (artifact id: '3faadb9e82754095e911440de1dc9ad7') in 0.024942 seconds
Number of updated asset objects reloaded before import = 0
Number of asset objects unloaded after import = 16
========================================================================
Received Import Request.
  Time since last request: 0.000027 seconds.
  path: Assets/Models/modular_terrain_collection/Beach_Terrain_Sand_Corner_Outer_4x4.obj
  artifactKey: Guid(0fd840900be59a14cb0347ea9c7026e7) Importer(815301076,1909f56bfc062723c751e8b465ee728b)
Start importing Assets/Models/modular_terrain_collection/Beach_Terrain_Sand_Corner_Outer_4x4.obj using Guid(0fd840900be59a14cb0347ea9c7026e7) Importer(815301076,1909f56bfc062723c751e8b465ee728b)  -> (artifact id: '93ec38c535e6304bcef7f78c08fb6f58') in 0.018729 seconds
Number of updated asset objects reloaded before import = 0
Number of asset objects unloaded after import = 10
========================================================================
Received Import Request.
  Time since last request: 0.000018 seconds.
  path: Assets/Models/modular_terrain_collection/Cave_Prop_Entrance_1.obj
  artifactKey: Guid(3f0a046fbd4e02f459fdacdb1c9c5cc3) Importer(815301076,1909f56bfc062723c751e8b465ee728b)
Start importing Assets/Models/modular_terrain_collection/Cave_Prop_Entrance_1.obj using Guid(3f0a046fbd4e02f459fdacdb1c9c5cc3) Importer(815301076,1909f56bfc062723c751e8b465ee728b)  -> (artifact id: 'e2724ec027fa8e1bbad35ea6eadbaad4') in 0.032388 seconds
Number of updated asset objects reloaded before import = 0
Number of asset objects unloaded after import = 21
========================================================================
Received Import Request.
  Time since last request: 0.000016 seconds.
  path: Assets/Models/modular_terrain_collection/Cave_Prop_Support_Wall_Pillar_3.obj
  artifactKey: Guid(d300d4002591d1040906f6116f3e8cc3) Importer(815301076,1909f56bfc062723c751e8b465ee728b)
Start importing Assets/Models/modular_terrain_collection/Cave_Prop_Support_Wall_Pillar_3.obj using Guid(d300d4002591d1040906f6116f3e8cc3) Importer(815301076,1909f56bfc062723c751e8b465ee728b)  -> (artifact id: '36646eaaacccad3036a767537a193548') in 0.022494 seconds
Number of updated asset objects reloaded before import = 0
Number of asset objects unloaded after import = 11
========================================================================
Received Import Request.
  Time since last request: 0.000017 seconds.
  path: Assets/Models/modular_terrain_collection/Beach_Terrain_Sand_Transition_Gentle_Sharp_Flush_Crest.obj
  artifactKey: Guid(86bc7a50825e79341ae942817e1f1b38) Importer(815301076,1909f56bfc062723c751e8b465ee728b)
Start importing Assets/Models/modular_terrain_collection/Beach_Terrain_Sand_Transition_Gentle_Sharp_Flush_Crest.obj using Guid(86bc7a50825e79341ae942817e1f1b38) Importer(815301076,1909f56bfc062723c751e8b465ee728b)  -> (artifact id: '48cca6324e7fc396d5253bf77f4bf521') in 0.016678 seconds
Number of updated asset objects reloaded before import = 0
Number of asset objects unloaded after import = 10
========================================================================
Received Import Request.
  Time since last request: 0.000019 seconds.
  path: Assets/Models/modular_terrain_collection/Cave_Prop_Railway_Straight_2.obj
  artifactKey: Guid(338d2d16106778046ac6b884a2b6c14c) Importer(815301076,1909f56bfc062723c751e8b465ee728b)
Start importing Assets/Models/modular_terrain_collection/Cave_Prop_Railway_Straight_2.obj using Guid(338d2d16106778046ac6b884a2b6c14c) Importer(815301076,1909f56bfc062723c751e8b465ee728b)  -> (artifact id: '4031fdb14101e474cc85956bf412ee15') in 0.034459 seconds
Number of updated asset objects reloaded before import = 0
Number of asset objects unloaded after import = 26
========================================================================
Received Import Request.
  Time since last request: 0.000021 seconds.
  path: Assets/Models/modular_terrain_collection/Cave_Terrain_Corner_Inner_1x1_Mid.obj
  artifactKey: Guid(050ab44b7465b5b42918ecfa2ef8f523) Importer(815301076,1909f56bfc062723c751e8b465ee728b)
Start importing Assets/Models/modular_terrain_collection/Cave_Terrain_Corner_Inner_1x1_Mid.obj using Guid(050ab44b7465b5b42918ecfa2ef8f523) Importer(815301076,1909f56bfc062723c751e8b465ee728b)  -> (artifact id: '5026ee603ba1764c55d8b2e7049ede64') in 0.019532 seconds
Number of updated asset objects reloaded before import = 0
Number of asset objects unloaded after import = 10
========================================================================
Received Import Request.
  Time since last request: 0.000020 seconds.
  path: Assets/Models/modular_terrain_collection/Beach_Prop_Tree_Palm_2.obj
  artifactKey: Guid(2bf8f16451356804aae92dcbee9908cf) Importer(815301076,1909f56bfc062723c751e8b465ee728b)
Start importing Assets/Models/modular_terrain_collection/Beach_Prop_Tree_Palm_2.obj using Guid(2bf8f16451356804aae92dcbee9908cf) Importer(815301076,1909f56bfc062723c751e8b465ee728b)  -> (artifact id: '530b06caff8f04d441a34381b373fc52') in 0.091314 seconds
Number of updated asset objects reloaded before import = 0
Number of asset objects unloaded after import = 77
========================================================================
Received Import Request.
  Time since last request: 0.000025 seconds.
  path: Assets/Models/modular_terrain_collection/Beach_Terrain_Sand_Side_Overlap_Side.obj
  artifactKey: Guid(50ac9c4baa166fa45b5639a1fef1deae) Importer(815301076,1909f56bfc062723c751e8b465ee728b)
Start importing Assets/Models/modular_terrain_collection/Beach_Terrain_Sand_Side_Overlap_Side.obj using Guid(50ac9c4baa166fa45b5639a1fef1deae) Importer(815301076,1909f56bfc062723c751e8b465ee728b)  -> (artifact id: '4654939522750f8061224cee9ed81c8d') in 0.020743 seconds
Number of updated asset objects reloaded before import = 0
Number of asset objects unloaded after import = 10
========================================================================
Received Import Request.
  Time since last request: 0.000029 seconds.
  path: Assets/Models/modular_terrain_collection/Beach_Terrain_Sand_Corner_Inner_2x2.obj
  artifactKey: Guid(ebae4586a8bf3cf44a15d0bc076b53cf) Importer(815301076,1909f56bfc062723c751e8b465ee728b)
Start importing Assets/Models/modular_terrain_collection/Beach_Terrain_Sand_Corner_Inner_2x2.obj using Guid(ebae4586a8bf3cf44a15d0bc076b53cf) Importer(815301076,1909f56bfc062723c751e8b465ee728b)  -> (artifact id: '3c663b6b3abdbdaa97602a639f7cd51f') in 0.020725 seconds
Number of updated asset objects reloaded before import = 0
Number of asset objects unloaded after import = 10
========================================================================
Received Import Request.
  Time since last request: 0.000027 seconds.
  path: Assets/Models/modular_terrain_collection/Cave_Prop_Support_Corner_Brace_1.obj
  artifactKey: Guid(df6d6e07c3c4b7d4dbd38ac2e0cc2845) Importer(815301076,1909f56bfc062723c751e8b465ee728b)
Start importing Assets/Models/modular_terrain_collection/Cave_Prop_Support_Corner_Brace_1.obj using Guid(df6d6e07c3c4b7d4dbd38ac2e0cc2845) Importer(815301076,1909f56bfc062723c751e8b465ee728b)  -> (artifact id: '900a16d55c4cd9a8cde130641ac9d1fc') in 0.023954 seconds
Number of updated asset objects reloaded before import = 0
Number of asset objects unloaded after import = 11
========================================================================
Received Import Request.
  Time since last request: 0.000021 seconds.
  path: Assets/Models/modular_terrain_collection/Cave_Prop_Support_Corner_Brace_2.obj
  artifactKey: Guid(1b503622e79e31d4390ae20d0136e6a4) Importer(815301076,1909f56bfc062723c751e8b465ee728b)
Start importing Assets/Models/modular_terrain_collection/Cave_Prop_Support_Corner_Brace_2.obj using Guid(1b503622e79e31d4390ae20d0136e6a4) Importer(815301076,1909f56bfc062723c751e8b465ee728b)  -> (artifact id: '4293f7a86a3826e3cf82a4757891ff19') in 0.084479 seconds
Number of updated asset objects reloaded before import = 0
Number of asset objects unloaded after import = 11
========================================================================
Received Import Request.
  Time since last request: 0.000018 seconds.
  path: Assets/Models/modular_terrain_collection/Cave_Prop_Support_Wall_Boards_4.obj
  artifactKey: Guid(e660a1b1b495f5242aabe8c480644ae7) Importer(815301076,1909f56bfc062723c751e8b465ee728b)
Start importing Assets/Models/modular_terrain_collection/Cave_Prop_Support_Wall_Boards_4.obj using Guid(e660a1b1b495f5242aabe8c480644ae7) Importer(815301076,1909f56bfc062723c751e8b465ee728b)  -> (artifact id: 'ac76e0f4cbf07692dd401d0a142af9ca') in 0.024927 seconds
Number of updated asset objects reloaded before import = 0
Number of asset objects unloaded after import = 16
========================================================================
Received Import Request.
  Time since last request: 0.000017 seconds.
  path: Assets/Models/modular_terrain_collection/Cave_Prop_Support_Ceiling_Boards_1.obj
  artifactKey: Guid(9060ccda60a94f647b7d7cbdc7acdda3) Importer(815301076,1909f56bfc062723c751e8b465ee728b)
Start importing Assets/Models/modular_terrain_collection/Cave_Prop_Support_Ceiling_Boards_1.obj using Guid(9060ccda60a94f647b7d7cbdc7acdda3) Importer(815301076,1909f56bfc062723c751e8b465ee728b)  -> (artifact id: '254cb566d687e29ba4550399e7b21d68') in 0.027814 seconds
Number of updated asset objects reloaded before import = 0
Number of asset objects unloaded after import = 16
========================================================================
Received Import Request.
  Time since last request: 0.000013 seconds.
  path: Assets/Models/modular_terrain_collection/Cave_Prop_Support_Wall_Pillar_4.obj
  artifactKey: Guid(494197bb9c01dda45b12bcbffd72eb5b) Importer(815301076,1909f56bfc062723c751e8b465ee728b)
Start importing Assets/Models/modular_terrain_collection/Cave_Prop_Support_Wall_Pillar_4.obj using Guid(494197bb9c01dda45b12bcbffd72eb5b) Importer(815301076,1909f56bfc062723c751e8b465ee728b)  -> (artifact id: '25e01b3376f7590a088aa8372ffc6bab') in 0.022947 seconds
Number of updated asset objects reloaded before import = 0
Number of asset objects unloaded after import = 11
========================================================================
Received Import Request.
  Time since last request: 0.000013 seconds.
  path: Assets/Models/modular_terrain_collection/Cave_Terrain_Corner_Inner_1x1_Top.obj
  artifactKey: Guid(4c29fd4b76ff725438e32f590be2ded4) Importer(815301076,1909f56bfc062723c751e8b465ee728b)
Start importing Assets/Models/modular_terrain_collection/Cave_Terrain_Corner_Inner_1x1_Top.obj using Guid(4c29fd4b76ff725438e32f590be2ded4) Importer(815301076,1909f56bfc062723c751e8b465ee728b)  -> (artifact id: '518a9684d90f803ad053f65e2eac49c2') in 0.017476 seconds
Number of updated asset objects reloaded before import = 0
Number of asset objects unloaded after import = 10
========================================================================
Received Import Request.
  Time since last request: 0.000021 seconds.
  path: Assets/Models/modular_terrain_collection/Cave_Cliff_Terrain_Entrance_Flat_Base.obj
  artifactKey: Guid(1e0bf05ead64e964584379f9d68fe65c) Importer(815301076,1909f56bfc062723c751e8b465ee728b)
Start importing Assets/Models/modular_terrain_collection/Cave_Cliff_Terrain_Entrance_Flat_Base.obj using Guid(1e0bf05ead64e964584379f9d68fe65c) Importer(815301076,1909f56bfc062723c751e8b465ee728b)  -> (artifact id: '4bdb846ca104843c94ac7194067b0cb7') in 0.019253 seconds
Number of updated asset objects reloaded before import = 0
Number of asset objects unloaded after import = 10
========================================================================
Received Import Request.
  Time since last request: 0.000027 seconds.
  path: Assets/Models/modular_terrain_collection/Beach_Terrain_Sand_Corner_Inner_4x4.obj
  artifactKey: Guid(a3361a11041d4c14bb27f940ee98e689) Importer(815301076,1909f56bfc062723c751e8b465ee728b)
Start importing Assets/Models/modular_terrain_collection/Beach_Terrain_Sand_Corner_Inner_4x4.obj using Guid(a3361a11041d4c14bb27f940ee98e689) Importer(815301076,1909f56bfc062723c751e8b465ee728b)  -> (artifact id: 'eb33f6a291c2f92e83ffde5748019b0b') in 0.019802 seconds
Number of updated asset objects reloaded before import = 0
Number of asset objects unloaded after import = 10
========================================================================
Received Import Request.
  Time since last request: 0.000012 seconds.
  path: Assets/Models/modular_terrain_collection/Cave_Prop_Pick_Small.obj
  artifactKey: Guid(67b070d7118583742b62e22616e7834e) Importer(815301076,1909f56bfc062723c751e8b465ee728b)
Start importing Assets/Models/modular_terrain_collection/Cave_Prop_Pick_Small.obj using Guid(67b070d7118583742b62e22616e7834e) Importer(815301076,1909f56bfc062723c751e8b465ee728b)  -> (artifact id: '4594a75a8da882f467b25a424eb97bb5') in 0.026471 seconds
Number of updated asset objects reloaded before import = 0
Number of asset objects unloaded after import = 16
========================================================================
Received Import Request.
  Time since last request: 0.000019 seconds.
  path: Assets/Models/modular_terrain_collection/Beach_Prop_Docks_Corner_Supports.obj
  artifactKey: Guid(93398fbcc52bfe84eb3b74951b7d3192) Importer(815301076,1909f56bfc062723c751e8b465ee728b)
Start importing Assets/Models/modular_terrain_collection/Beach_Prop_Docks_Corner_Supports.obj using Guid(93398fbcc52bfe84eb3b74951b7d3192) Importer(815301076,1909f56bfc062723c751e8b465ee728b)  -> (artifact id: 'c9710e2342be328d9436f5b27a548862') in 0.026860 seconds
Number of updated asset objects reloaded before import = 0
Number of asset objects unloaded after import = 20
========================================================================
Received Import Request.
  Time since last request: 0.000015 seconds.
  path: Assets/Models/modular_terrain_collection/Beach_Prop_Tree_Palm_1.obj
  artifactKey: Guid(4f779ecacd870344db3064a13d76450f) Importer(815301076,1909f56bfc062723c751e8b465ee728b)
Start importing Assets/Models/modular_terrain_collection/Beach_Prop_Tree_Palm_1.obj using Guid(4f779ecacd870344db3064a13d76450f) Importer(815301076,1909f56bfc062723c751e8b465ee728b)  -> (artifact id: '7412f4f2b20c26007e96698ad6bb2418') in 0.079076 seconds
Number of updated asset objects reloaded before import = 0
Number of asset objects unloaded after import = 72
========================================================================
Received Import Request.
  Time since last request: 0.000020 seconds.
  path: Assets/Models/modular_terrain_collection/Beach_Terrain_Sand_Corner_Outer_2x2.obj
  artifactKey: Guid(f5730988661aaa64e86de47a7df2976c) Importer(815301076,1909f56bfc062723c751e8b465ee728b)
Start importing Assets/Models/modular_terrain_collection/Beach_Terrain_Sand_Corner_Outer_2x2.obj using Guid(f5730988661aaa64e86de47a7df2976c) Importer(815301076,1909f56bfc062723c751e8b465ee728b)  -> (artifact id: '0d9a18c8329775a935b5eed80a41b4c7') in 0.020025 seconds
Number of updated asset objects reloaded before import = 0
Number of asset objects unloaded after import = 10
========================================================================
Received Import Request.
  Time since last request: 0.000019 seconds.
  path: Assets/Models/modular_terrain_collection/Cave_Prop_Support_Ceiling_Boards_3.obj
  artifactKey: Guid(03093a4e82b210144b2d103d3321642c) Importer(815301076,1909f56bfc062723c751e8b465ee728b)
Start importing Assets/Models/modular_terrain_collection/Cave_Prop_Support_Ceiling_Boards_3.obj using Guid(03093a4e82b210144b2d103d3321642c) Importer(815301076,1909f56bfc062723c751e8b465ee728b)  -> (artifact id: '585c1cc7332d97626431e6e7132b2d48') in 0.027341 seconds
Number of updated asset objects reloaded before import = 0
Number of asset objects unloaded after import = 16
========================================================================
Received Import Request.
  Time since last request: 0.000015 seconds.
  path: Assets/Models/modular_terrain_collection/Beach_Prop_Docks_Straight_Supports.obj
  artifactKey: Guid(50032e9090e677d4d94d8d2308f9f297) Importer(815301076,1909f56bfc062723c751e8b465ee728b)
Start importing Assets/Models/modular_terrain_collection/Beach_Prop_Docks_Straight_Supports.obj using Guid(50032e9090e677d4d94d8d2308f9f297) Importer(815301076,1909f56bfc062723c751e8b465ee728b)  -> (artifact id: '12b84c825c5fed9978a1c10edb30ee93') in 0.029223 seconds
Number of updated asset objects reloaded before import = 0
Number of asset objects unloaded after import = 16
========================================================================
Received Import Request.
  Time since last request: 0.000021 seconds.
  path: Assets/Models/modular_terrain_collection/Cave_Prop_Railway_Straight_1.obj
  artifactKey: Guid(4b44f2f69b78ea64484de20900cb1148) Importer(815301076,1909f56bfc062723c751e8b465ee728b)
Start importing Assets/Models/modular_terrain_collection/Cave_Prop_Railway_Straight_1.obj using Guid(4b44f2f69b78ea64484de20900cb1148) Importer(815301076,1909f56bfc062723c751e8b465ee728b)  -> (artifact id: 'ab1cf57a199236c910b04f59ae83791f') in 0.035206 seconds
Number of updated asset objects reloaded before import = 0
Number of asset objects unloaded after import = 26
========================================================================
Received Import Request.
  Time since last request: 0.000029 seconds.
  path: Assets/Models/modular_terrain_collection/Cave_Prop_Stalagmite_Connected_Top.obj
  artifactKey: Guid(6c0a798a82eccf3408a7b91cda952f3b) Importer(815301076,1909f56bfc062723c751e8b465ee728b)
Start importing Assets/Models/modular_terrain_collection/Cave_Prop_Stalagmite_Connected_Top.obj using Guid(6c0a798a82eccf3408a7b91cda952f3b) Importer(815301076,1909f56bfc062723c751e8b465ee728b)  -> (artifact id: '36b533d947cd3e5fad56a13bf1c39f91') in 0.017408 seconds
Number of updated asset objects reloaded before import = 0
Number of asset objects unloaded after import = 10
========================================================================
Received Import Request.
  Time since last request: 0.000030 seconds.
  path: Assets/Models/modular_terrain_collection/Cave_Prop_Support_Wall_Boards_3.obj
  artifactKey: Guid(3afd051065f88574e919c17b35a6b528) Importer(815301076,1909f56bfc062723c751e8b465ee728b)
Start importing Assets/Models/modular_terrain_collection/Cave_Prop_Support_Wall_Boards_3.obj using Guid(3afd051065f88574e919c17b35a6b528) Importer(815301076,1909f56bfc062723c751e8b465ee728b)  -> (artifact id: '5242dbd4a705cc6a1eb8386ba1344e8b') in 0.028736 seconds
Number of updated asset objects reloaded before import = 0
Number of asset objects unloaded after import = 16
========================================================================
Received Import Request.
  Time since last request: 0.000018 seconds.
  path: Assets/Models/modular_terrain_collection/Beach_Terrain_Sand_Floor_Raised.obj
  artifactKey: Guid(5ca94fde73fb22d4fb6eb45ac4d22eba) Importer(815301076,1909f56bfc062723c751e8b465ee728b)
Start importing Assets/Models/modular_terrain_collection/Beach_Terrain_Sand_Floor_Raised.obj using Guid(5ca94fde73fb22d4fb6eb45ac4d22eba) Importer(815301076,1909f56bfc062723c751e8b465ee728b)  -> (artifact id: '31aa1f3bba6331433436934fb8ce8a74') in 0.017799 seconds
Number of updated asset objects reloaded before import = 0
Number of asset objects unloaded after import = 10
========================================================================
Received Import Request.
  Time since last request: 0.000018 seconds.
  path: Assets/Models/modular_terrain_collection/Cave_Prop_Railway_Bumpstop.obj
  artifactKey: Guid(2a3801c57d16e0b4aafcd3b6b9bacc66) Importer(815301076,1909f56bfc062723c751e8b465ee728b)
Start importing Assets/Models/modular_terrain_collection/Cave_Prop_Railway_Bumpstop.obj using Guid(2a3801c57d16e0b4aafcd3b6b9bacc66) Importer(815301076,1909f56bfc062723c751e8b465ee728b)  -> (artifact id: 'ccd88c78401d3d308136ae01519f25bd') in 0.065909 seconds
Number of updated asset objects reloaded before import = 0
Number of asset objects unloaded after import = 51
========================================================================
Received Import Request.
  Time since last request: 0.000018 seconds.
  path: Assets/Models/modular_terrain_collection/Cave_Prop_Minecart_1.obj
  artifactKey: Guid(0b95f0144ec576945a7557d6ce841b37) Importer(815301076,1909f56bfc062723c751e8b465ee728b)
Start importing Assets/Models/modular_terrain_collection/Cave_Prop_Minecart_1.obj using Guid(0b95f0144ec576945a7557d6ce841b37) Importer(815301076,1909f56bfc062723c751e8b465ee728b)  -> (artifact id: 'a8af7d3ff4f039156d72c3c98057d98b') in 0.039111 seconds
Number of updated asset objects reloaded before import = 0
Number of asset objects unloaded after import = 27
========================================================================
Received Import Request.
  Time since last request: 0.000016 seconds.
  path: Assets/Models/modular_terrain_collection/Cave_Prop_Support_Ceiling_Boards_2.obj
  artifactKey: Guid(0fba7dde553ecd441943e97612bd9197) Importer(815301076,1909f56bfc062723c751e8b465ee728b)
Start importing Assets/Models/modular_terrain_collection/Cave_Prop_Support_Ceiling_Boards_2.obj using Guid(0fba7dde553ecd441943e97612bd9197) Importer(815301076,1909f56bfc062723c751e8b465ee728b)  -> (artifact id: 'e4af01cfb5080c5cc3d5390ecb130e8a') in 0.025772 seconds
Number of updated asset objects reloaded before import = 0
Number of asset objects unloaded after import = 16
========================================================================
Received Import Request.
  Time since last request: 0.000022 seconds.
  path: Assets/Models/modular_terrain_collection/Beach_Terrain_Sand_Side_Shift_Sharp.obj
  artifactKey: Guid(189e39fa0c3ffaa4494d290905f0518c) Importer(815301076,1909f56bfc062723c751e8b465ee728b)
Start importing Assets/Models/modular_terrain_collection/Beach_Terrain_Sand_Side_Shift_Sharp.obj using Guid(189e39fa0c3ffaa4494d290905f0518c) Importer(815301076,1909f56bfc062723c751e8b465ee728b)  -> (artifact id: '8e1e83a9a0477ae9f227ddc96fa175e6') in 0.021011 seconds
Number of updated asset objects reloaded before import = 0
Number of asset objects unloaded after import = 10
========================================================================
Received Import Request.
  Time since last request: 0.000021 seconds.
  path: Assets/Models/modular_terrain_collection/Cave_Prop_Support_Ceiling_Beam_2.obj
  artifactKey: Guid(646e53da59e4ea249ac1a06feddc4e33) Importer(815301076,1909f56bfc062723c751e8b465ee728b)
Start importing Assets/Models/modular_terrain_collection/Cave_Prop_Support_Ceiling_Beam_2.obj using Guid(646e53da59e4ea249ac1a06feddc4e33) Importer(815301076,1909f56bfc062723c751e8b465ee728b)  -> (artifact id: '7ece66929d6ae3e13600f1689072f56c') in 0.024387 seconds
Number of updated asset objects reloaded before import = 0
Number of asset objects unloaded after import = 11
========================================================================
Received Import Request.
  Time since last request: 0.000026 seconds.
  path: Assets/Models/modular_terrain_collection/Cave_Prop_Hanging_Cables_1.obj
  artifactKey: Guid(eb736d7876195ab44a2b32e6aae4c595) Importer(815301076,1909f56bfc062723c751e8b465ee728b)
Start importing Assets/Models/modular_terrain_collection/Cave_Prop_Hanging_Cables_1.obj using Guid(eb736d7876195ab44a2b32e6aae4c595) Importer(815301076,1909f56bfc062723c751e8b465ee728b)  -> (artifact id: '6528bba90ba56ef584c896209c5dc1d3') in 0.025526 seconds
Number of updated asset objects reloaded before import = 0
Number of asset objects unloaded after import = 15
========================================================================
Received Import Request.
  Time since last request: 0.000021 seconds.
  path: Assets/Models/modular_terrain_collection/Cave_Terrain_Corner_Inner_2x2_Base.obj
  artifactKey: Guid(e8739f030d37cfa43b5f1109ab251aff) Importer(815301076,1909f56bfc062723c751e8b465ee728b)
Start importing Assets/Models/modular_terrain_collection/Cave_Terrain_Corner_Inner_2x2_Base.obj using Guid(e8739f030d37cfa43b5f1109ab251aff) Importer(815301076,1909f56bfc062723c751e8b465ee728b)  -> (artifact id: '7fd0cfe2599e2f58d7b907cb193d02a8') in 0.019351 seconds
Number of updated asset objects reloaded before import = 0
Number of asset objects unloaded after import = 10
========================================================================
Received Import Request.
  Time since last request: 0.000021 seconds.
  path: Assets/Models/modular_terrain_collection/Cave_Cliff_Terrain_Entrance_Round_Top.obj
  artifactKey: Guid(0d8a60375307edd4792f1b981d38af8c) Importer(815301076,1909f56bfc062723c751e8b465ee728b)
Start importing Assets/Models/modular_terrain_collection/Cave_Cliff_Terrain_Entrance_Round_Top.obj using Guid(0d8a60375307edd4792f1b981d38af8c) Importer(815301076,1909f56bfc062723c751e8b465ee728b)  -> (artifact id: '57b5cc0d2195c79d76bb6e3e14d2bb8c') in 0.022708 seconds
Number of updated asset objects reloaded before import = 0
Number of asset objects unloaded after import = 10
========================================================================
Received Import Request.
  Time since last request: 0.000021 seconds.
  path: Assets/Models/modular_terrain_collection/Cave_Cliff_Terrain_Entrance_Round_Base.obj
  artifactKey: Guid(d298933b81dfb3c4e98e643517e59f76) Importer(815301076,1909f56bfc062723c751e8b465ee728b)
Start importing Assets/Models/modular_terrain_collection/Cave_Cliff_Terrain_Entrance_Round_Base.obj using Guid(d298933b81dfb3c4e98e643517e59f76) Importer(815301076,1909f56bfc062723c751e8b465ee728b)  -> (artifact id: 'f5bd03432afed749881d7e538cdb2640') in 0.020481 seconds
Number of updated asset objects reloaded before import = 0
Number of asset objects unloaded after import = 10
========================================================================
Received Import Request.
  Time since last request: 0.000020 seconds.
  path: Assets/Models/modular_terrain_collection/Beach_Prop_Starfish_2.obj
  artifactKey: Guid(e41eb850270bc2441a0a61e8a72da1d5) Importer(815301076,1909f56bfc062723c751e8b465ee728b)
Start importing Assets/Models/modular_terrain_collection/Beach_Prop_Starfish_2.obj using Guid(e41eb850270bc2441a0a61e8a72da1d5) Importer(815301076,1909f56bfc062723c751e8b465ee728b)  -> (artifact id: 'eacfa7dbdabc8ec258b3cc9ca86449e1') in 0.018197 seconds
Number of updated asset objects reloaded before import = 0
Number of asset objects unloaded after import = 10
========================================================================
Received Import Request.
  Time since last request: 0.000011 seconds.
  path: Assets/Models/modular_terrain_collection/Beach_Prop_Shell_2.obj
  artifactKey: Guid(4fe40e605e542c54f80095762dca18d8) Importer(815301076,1909f56bfc062723c751e8b465ee728b)
Start importing Assets/Models/modular_terrain_collection/Beach_Prop_Shell_2.obj using Guid(4fe40e605e542c54f80095762dca18d8) Importer(815301076,1909f56bfc062723c751e8b465ee728b)  -> (artifact id: 'b46929a3b02a9ad56d57bfbf5c7b7135') in 0.023682 seconds
Number of updated asset objects reloaded before import = 0
Number of asset objects unloaded after import = 12
========================================================================
Received Import Request.
  Time since last request: 0.247099 seconds.
  path: Assets/Models/modular_terrain_collection/Cave_Terrain_Corner_Inner_3x3_Top.obj
  artifactKey: Guid(859a2100d97eabc4d912a414701090c4) Importer(815301076,1909f56bfc062723c751e8b465ee728b)
Start importing Assets/Models/modular_terrain_collection/Cave_Terrain_Corner_Inner_3x3_Top.obj using Guid(859a2100d97eabc4d912a414701090c4) Importer(815301076,1909f56bfc062723c751e8b465ee728b)  -> (artifact id: '532b3193dbaced28d17ab3e7eec927d2') in 0.017771 seconds
Number of updated asset objects reloaded before import = 0
Number of asset objects unloaded after import = 10
========================================================================
Received Import Request.
  Time since last request: 0.000013 seconds.
  path: Assets/Models/modular_terrain_collection/Cave_Terrain_Hill_Corner_Inner_2x2.obj
  artifactKey: Guid(3be9c949ddbdcfa4bbd871f806aeb4ec) Importer(815301076,1909f56bfc062723c751e8b465ee728b)
Start importing Assets/Models/modular_terrain_collection/Cave_Terrain_Hill_Corner_Inner_2x2.obj using Guid(3be9c949ddbdcfa4bbd871f806aeb4ec) Importer(815301076,1909f56bfc062723c751e8b465ee728b)  -> (artifact id: '222902b21fb2e38b44a917d11c879526') in 0.018100 seconds
Number of updated asset objects reloaded before import = 0
Number of asset objects unloaded after import = 10
========================================================================
Received Import Request.
  Time since last request: 0.000018 seconds.
  path: Assets/Models/modular_terrain_collection/Cave_Terrain_Floor_Normal.obj
  artifactKey: Guid(d2e999712b345fd4780e1225069233c2) Importer(815301076,1909f56bfc062723c751e8b465ee728b)
Start importing Assets/Models/modular_terrain_collection/Cave_Terrain_Floor_Normal.obj using Guid(d2e999712b345fd4780e1225069233c2) Importer(815301076,1909f56bfc062723c751e8b465ee728b)  -> (artifact id: '196166cb5694b1877404fb57249db5f3') in 0.017643 seconds
Number of updated asset objects reloaded before import = 0
Number of asset objects unloaded after import = 10
========================================================================
Received Import Request.
  Time since last request: 0.000027 seconds.
  path: Assets/Models/modular_terrain_collection/Cave_Terrain_Side_Incline_Top.obj
  artifactKey: Guid(e7095d65dfe4d8e48b0cfc3db4dab243) Importer(815301076,1909f56bfc062723c751e8b465ee728b)
Start importing Assets/Models/modular_terrain_collection/Cave_Terrain_Side_Incline_Top.obj using Guid(e7095d65dfe4d8e48b0cfc3db4dab243) Importer(815301076,1909f56bfc062723c751e8b465ee728b)  -> (artifact id: 'f272b3caefaa6dd0de2c5fef5ca54482') in 0.017486 seconds
Number of updated asset objects reloaded before import = 0
Number of asset objects unloaded after import = 10
========================================================================
Received Import Request.
  Time since last request: 0.000017 seconds.
  path: Assets/Models/modular_terrain_collection/Cave_Terrain_Side_Top.obj
  artifactKey: Guid(9710312a1e5c1eb4f8f940e99b74a16e) Importer(815301076,1909f56bfc062723c751e8b465ee728b)
Start importing Assets/Models/modular_terrain_collection/Cave_Terrain_Side_Top.obj using Guid(9710312a1e5c1eb4f8f940e99b74a16e) Importer(815301076,1909f56bfc062723c751e8b465ee728b)  -> (artifact id: '20fa6677e9309cd2123878be8e7dfd76') in 0.017448 seconds
Number of updated asset objects reloaded before import = 0
Number of asset objects unloaded after import = 10
========================================================================
Received Import Request.
  Time since last request: 0.000021 seconds.
  path: Assets/Models/modular_terrain_collection/Cliff_Terrain_Corner_Inner_1x1_Base.obj
  artifactKey: Guid(e9bd9e6223d37694d9130f5226893e37) Importer(815301076,1909f56bfc062723c751e8b465ee728b)
Start importing Assets/Models/modular_terrain_collection/Cliff_Terrain_Corner_Inner_1x1_Base.obj using Guid(e9bd9e6223d37694d9130f5226893e37) Importer(815301076,1909f56bfc062723c751e8b465ee728b)  -> (artifact id: '4f6c71634e40ec44fe7eaf43ce797d6a') in 0.018179 seconds
Number of updated asset objects reloaded before import = 0
Number of asset objects unloaded after import = 10
========================================================================
Received Import Request.
  Time since last request: 0.000017 seconds.
  path: Assets/Models/modular_terrain_collection/Cliff_Terrain_Corner_Inner_1x1_Mid.obj
  artifactKey: Guid(e2371e326e75ca34db8ee551880d243a) Importer(815301076,1909f56bfc062723c751e8b465ee728b)
Start importing Assets/Models/modular_terrain_collection/Cliff_Terrain_Corner_Inner_1x1_Mid.obj using Guid(e2371e326e75ca34db8ee551880d243a) Importer(815301076,1909f56bfc062723c751e8b465ee728b)  -> (artifact id: '955df47a3283b965dbc965629274ac6d') in 0.018189 seconds
Number of updated asset objects reloaded before import = 0
Number of asset objects unloaded after import = 10
========================================================================
Received Import Request.
  Time since last request: 0.000039 seconds.
  path: Assets/Models/modular_terrain_collection/Cliff_Prop_Bridge_Rope_Middle_Support.obj
  artifactKey: Guid(56fe216d81bd6c543b960bdcd0763b0b) Importer(815301076,1909f56bfc062723c751e8b465ee728b)
Start importing Assets/Models/modular_terrain_collection/Cliff_Prop_Bridge_Rope_Middle_Support.obj using Guid(56fe216d81bd6c543b960bdcd0763b0b) Importer(815301076,1909f56bfc062723c751e8b465ee728b)  -> (artifact id: '5f82a1dc96824709c459e83170ac2835') in 0.041615 seconds
Number of updated asset objects reloaded before import = 0
Number of asset objects unloaded after import = 35
========================================================================
Received Import Request.
  Time since last request: 0.000019 seconds.
  path: Assets/Models/modular_terrain_collection/Cliff_Terrain_Corner_Outer_1x1_Top.obj
  artifactKey: Guid(3694d2d8c8457e147b1c046192add355) Importer(815301076,1909f56bfc062723c751e8b465ee728b)
Start importing Assets/Models/modular_terrain_collection/Cliff_Terrain_Corner_Outer_1x1_Top.obj using Guid(3694d2d8c8457e147b1c046192add355) Importer(815301076,1909f56bfc062723c751e8b465ee728b)  -> (artifact id: 'df8b920fbfdf9bbfecef90fa0ae1f095') in 0.020219 seconds
Number of updated asset objects reloaded before import = 0
Number of asset objects unloaded after import = 11
========================================================================
Received Import Request.
  Time since last request: 0.000019 seconds.
  path: Assets/Models/modular_terrain_collection/Cliff_Prop_Bridge_Rope_End.obj
  artifactKey: Guid(cb533d5c686b2074a8de1cd38580d130) Importer(815301076,1909f56bfc062723c751e8b465ee728b)
Start importing Assets/Models/modular_terrain_collection/Cliff_Prop_Bridge_Rope_End.obj using Guid(cb533d5c686b2074a8de1cd38580d130) Importer(815301076,1909f56bfc062723c751e8b465ee728b)  -> (artifact id: 'f6582d4f8b553bc97f92b5752107ba56') in 0.408039 seconds
Number of updated asset objects reloaded before import = 0
Number of asset objects unloaded after import = 390
========================================================================
Received Import Request.
  Time since last request: 0.000023 seconds.
  path: Assets/Models/modular_terrain_collection/Cave_Terrain_Hill_Transition_Gentle_Sharp_Flush_Base.obj
  artifactKey: Guid(ac667b32704496c4da55e795ae17561f) Importer(815301076,1909f56bfc062723c751e8b465ee728b)
Start importing Assets/Models/modular_terrain_collection/Cave_Terrain_Hill_Transition_Gentle_Sharp_Flush_Base.obj using Guid(ac667b32704496c4da55e795ae17561f) Importer(815301076,1909f56bfc062723c751e8b465ee728b)  -> (artifact id: '570d58f7872860302f0e2242357a3860') in 0.018923 seconds
Number of updated asset objects reloaded before import = 0
Number of asset objects unloaded after import = 10
========================================================================
Received Import Request.
  Time since last request: 0.000030 seconds.
  path: Assets/Models/modular_terrain_collection/Cliff_Terrain_Corner_Inner_2x2_Base.obj
  artifactKey: Guid(454e6bf295f188b46b8d4e0718783c6c) Importer(815301076,1909f56bfc062723c751e8b465ee728b)
Start importing Assets/Models/modular_terrain_collection/Cliff_Terrain_Corner_Inner_2x2_Base.obj using Guid(454e6bf295f188b46b8d4e0718783c6c) Importer(815301076,1909f56bfc062723c751e8b465ee728b)  -> (artifact id: '38b99a71a1bc5ef6b7194360c2d0ccd2') in 0.019533 seconds
Number of updated asset objects reloaded before import = 0
Number of asset objects unloaded after import = 10
========================================================================
Received Import Request.
  Time since last request: 0.000019 seconds.
  path: Assets/Models/modular_terrain_collection/Cave_Terrain_Side_Incline_Base.obj
  artifactKey: Guid(b1c0e7c5d94b01b4689658bc9374148f) Importer(815301076,1909f56bfc062723c751e8b465ee728b)
Start importing Assets/Models/modular_terrain_collection/Cave_Terrain_Side_Incline_Base.obj using Guid(b1c0e7c5d94b01b4689658bc9374148f) Importer(815301076,1909f56bfc062723c751e8b465ee728b)  -> (artifact id: '3379311d72985dedeaa9fc5cd6d57306') in 0.017957 seconds
Number of updated asset objects reloaded before import = 0
Number of asset objects unloaded after import = 10
========================================================================
Received Import Request.
  Time since last request: 0.000018 seconds.
  path: Assets/Models/modular_terrain_collection/Cliff_Terrain_Corner_Outer_2x2_Base.obj
  artifactKey: Guid(732dd011cb73d874890d522890823853) Importer(815301076,1909f56bfc062723c751e8b465ee728b)
Start importing Assets/Models/modular_terrain_collection/Cliff_Terrain_Corner_Outer_2x2_Base.obj using Guid(732dd011cb73d874890d522890823853) Importer(815301076,1909f56bfc062723c751e8b465ee728b)  -> (artifact id: 'da0cfb5d4aa6d7ae9a201332fef93f03') in 0.019101 seconds
Number of updated asset objects reloaded before import = 0
Number of asset objects unloaded after import = 10
========================================================================
Received Import Request.
  Time since last request: 0.000016 seconds.
  path: Assets/Models/modular_terrain_collection/Cave_Terrain_Hill_Side_Gentle.obj
  artifactKey: Guid(caac96d314558104b9e5d78c493d0bb4) Importer(815301076,1909f56bfc062723c751e8b465ee728b)
Start importing Assets/Models/modular_terrain_collection/Cave_Terrain_Hill_Side_Gentle.obj using Guid(caac96d314558104b9e5d78c493d0bb4) Importer(815301076,1909f56bfc062723c751e8b465ee728b)  -> (artifact id: '5e5df6de842e451b0c8d169a706ab11a') in 0.018951 seconds
Number of updated asset objects reloaded before import = 0
Number of asset objects unloaded after import = 10
========================================================================
Received Import Request.
  Time since last request: 0.000017 seconds.
  path: Assets/Models/modular_terrain_collection/Cave_Terrain_Side_Mid.obj
  artifactKey: Guid(fcfa9e1d4880f1e46bb711aefd9892c3) Importer(815301076,1909f56bfc062723c751e8b465ee728b)
Start importing Assets/Models/modular_terrain_collection/Cave_Terrain_Side_Mid.obj using Guid(fcfa9e1d4880f1e46bb711aefd9892c3) Importer(815301076,1909f56bfc062723c751e8b465ee728b)  -> (artifact id: '2c4314502dac616a8f8392293fa0f5aa') in 0.018628 seconds
Number of updated asset objects reloaded before import = 0
Number of asset objects unloaded after import = 10
========================================================================
Received Import Request.
  Time since last request: 0.186533 seconds.
  path: Assets/Models/modular_terrain_collection/Cliff_Terrain_Corner_Outer_2x2_Top.obj
  artifactKey: Guid(547b926591e660e45b6ec8c12fdd934b) Importer(815301076,1909f56bfc062723c751e8b465ee728b)
Start importing Assets/Models/modular_terrain_collection/Cliff_Terrain_Corner_Outer_2x2_Top.obj using Guid(547b926591e660e45b6ec8c12fdd934b) Importer(815301076,1909f56bfc062723c751e8b465ee728b)  -> (artifact id: 'a96e782ceb1c8a958f5967c9c2064ee5') in 0.022045 seconds
Number of updated asset objects reloaded before import = 0
Number of asset objects unloaded after import = 11
========================================================================
Received Import Request.
  Time since last request: 0.000018 seconds.
  path: Assets/Models/modular_terrain_collection/Cliff_Terrain_Corner_Outer_3x3_Mid.obj
  artifactKey: Guid(d00fa13aeeb672446bb5dbec0cadba79) Importer(815301076,1909f56bfc062723c751e8b465ee728b)
Start importing Assets/Models/modular_terrain_collection/Cliff_Terrain_Corner_Outer_3x3_Mid.obj using Guid(d00fa13aeeb672446bb5dbec0cadba79) Importer(815301076,1909f56bfc062723c751e8b465ee728b)  -> (artifact id: 'eaf034c76bdc5e04c40708bc76245d24') in 0.023954 seconds
Number of updated asset objects reloaded before import = 0
Number of asset objects unloaded after import = 10
========================================================================
Received Import Request.
  Time since last request: 0.000019 seconds.
  path: Assets/Models/modular_terrain_collection/Cliff_Terrain_Waterfall_Top.obj
  artifactKey: Guid(1e357684e0b5a3640a0358f2b4c92f11) Importer(815301076,1909f56bfc062723c751e8b465ee728b)
Start importing Assets/Models/modular_terrain_collection/Cliff_Terrain_Waterfall_Top.obj using Guid(1e357684e0b5a3640a0358f2b4c92f11) Importer(815301076,1909f56bfc062723c751e8b465ee728b)  -> (artifact id: 'b15788112bb88f69c72e815dc1feeb2e') in 0.022129 seconds
Number of updated asset objects reloaded before import = 0
Number of asset objects unloaded after import = 11
========================================================================
Received Import Request.
  Time since last request: 0.000013 seconds.
  path: Assets/Models/modular_terrain_collection/Cliff_Terrain_Waterfall_Base_Flat.obj
  artifactKey: Guid(ac4e4f51c7cfa494aa1e33cfe6da5605) Importer(815301076,1909f56bfc062723c751e8b465ee728b)
Start importing Assets/Models/modular_terrain_collection/Cliff_Terrain_Waterfall_Base_Flat.obj using Guid(ac4e4f51c7cfa494aa1e33cfe6da5605) Importer(815301076,1909f56bfc062723c751e8b465ee728b)  -> (artifact id: '74b2244b70fe9928d9cd84e638651695') in 0.018805 seconds
Number of updated asset objects reloaded before import = 0
Number of asset objects unloaded after import = 10
========================================================================
Received Import Request.
  Time since last request: 0.000020 seconds.
  path: Assets/Models/modular_terrain_collection/Cliff_Terrain_Side_Mid.obj
  artifactKey: Guid(d37a614d648310f44a464dfa63b0680d) Importer(815301076,1909f56bfc062723c751e8b465ee728b)
Start importing Assets/Models/modular_terrain_collection/Cliff_Terrain_Side_Mid.obj using Guid(d37a614d648310f44a464dfa63b0680d) Importer(815301076,1909f56bfc062723c751e8b465ee728b)  -> (artifact id: 'ed6645bdbf51a6e3b1dc7e148a62b544') in 0.020093 seconds
Number of updated asset objects reloaded before import = 0
Number of asset objects unloaded after import = 10
========================================================================
Received Import Request.
  Time since last request: 0.000015 seconds.
  path: Assets/Models/modular_terrain_collection/Cliff_Terrain_Waterfall_Mid.obj
  artifactKey: Guid(e494f327dc2023d408a4a87906a362ff) Importer(815301076,1909f56bfc062723c751e8b465ee728b)
Start importing Assets/Models/modular_terrain_collection/Cliff_Terrain_Waterfall_Mid.obj using Guid(e494f327dc2023d408a4a87906a362ff) Importer(815301076,1909f56bfc062723c751e8b465ee728b)  -> (artifact id: 'b41cfed97e0d04250f0d4255a68afe2a') in 0.018370 seconds
Number of updated asset objects reloaded before import = 0
Number of asset objects unloaded after import = 10
========================================================================
Received Import Request.
  Time since last request: 0.000021 seconds.
  path: Assets/Models/modular_terrain_collection/Cliff_Terrain_Waterfall_Water_Top.obj
  artifactKey: Guid(5d2596b0408b93b4b9ff7967af81cc33) Importer(815301076,1909f56bfc062723c751e8b465ee728b)
Start importing Assets/Models/modular_terrain_collection/Cliff_Terrain_Waterfall_Water_Top.obj using Guid(5d2596b0408b93b4b9ff7967af81cc33) Importer(815301076,1909f56bfc062723c751e8b465ee728b)  -> (artifact id: '676b01dbf147852ab335d30d6c2292b4') in 0.020952 seconds
Number of updated asset objects reloaded before import = 0
Number of asset objects unloaded after import = 10
========================================================================
Received Import Request.
  Time since last request: 0.000035 seconds.
  path: Assets/Models/modular_terrain_collection/Cliff_Terrain_Side_Falloff_Center.obj
  artifactKey: Guid(25ab68ae3064302439183acc214cb80e) Importer(815301076,1909f56bfc062723c751e8b465ee728b)
Start importing Assets/Models/modular_terrain_collection/Cliff_Terrain_Side_Falloff_Center.obj using Guid(25ab68ae3064302439183acc214cb80e) Importer(815301076,1909f56bfc062723c751e8b465ee728b)  -> (artifact id: '2222a789f0e79a1e687ab04dbdc7ef5a') in 0.026577 seconds
Number of updated asset objects reloaded before import = 0
Number of asset objects unloaded after import = 12
========================================================================
Received Import Request.
  Time since last request: 0.000020 seconds.
  path: Assets/Models/modular_terrain_collection/Cliff_Terrain_Side_Falloff_Edge.obj
  artifactKey: Guid(eddbd0cb621ce8b4597d505234559603) Importer(815301076,1909f56bfc062723c751e8b465ee728b)
Start importing Assets/Models/modular_terrain_collection/Cliff_Terrain_Side_Falloff_Edge.obj using Guid(eddbd0cb621ce8b4597d505234559603) Importer(815301076,1909f56bfc062723c751e8b465ee728b)  -> (artifact id: 'abad1368fe09e1f4ca4c779858c46ca5') in 0.025750 seconds
Number of updated asset objects reloaded before import = 0
Number of asset objects unloaded after import = 12
========================================================================
Received Import Request.
  Time since last request: 0.000021 seconds.
  path: Assets/Models/modular_terrain_collection/Cliff_Terrain_Path_Steps_Center.obj
  artifactKey: Guid(88fa454073711ce4db663ad3fa1bd201) Importer(815301076,1909f56bfc062723c751e8b465ee728b)
Start importing Assets/Models/modular_terrain_collection/Cliff_Terrain_Path_Steps_Center.obj using Guid(88fa454073711ce4db663ad3fa1bd201) Importer(815301076,1909f56bfc062723c751e8b465ee728b)  -> (artifact id: '758518bb56f76eccf63eb2ccbfbd55a2') in 0.018239 seconds
Number of updated asset objects reloaded before import = 0
Number of asset objects unloaded after import = 10
========================================================================
Received Import Request.
  Time since last request: 0.000021 seconds.
  path: Assets/Models/modular_terrain_collection/Cliff_Terrain_Path_Steps_Grass_Edge_Top.obj
  artifactKey: Guid(86449f3a71d76714f93e6ac70b82f92b) Importer(815301076,1909f56bfc062723c751e8b465ee728b)
Start importing Assets/Models/modular_terrain_collection/Cliff_Terrain_Path_Steps_Grass_Edge_Top.obj using Guid(86449f3a71d76714f93e6ac70b82f92b) Importer(815301076,1909f56bfc062723c751e8b465ee728b)  -> (artifact id: '2407f19c9e79f0b39cc0e328ea78ec4f') in 0.031707 seconds
Number of updated asset objects reloaded before import = 0
Number of asset objects unloaded after import = 12
========================================================================
Received Import Request.
  Time since last request: 0.000021 seconds.
  path: Assets/Models/modular_terrain_collection/Cliff_Terrain_Hill_Base_Top_Joined_Gentle.obj
  artifactKey: Guid(c2c09ed2a8bd0f448bd9109f0880e4d6) Importer(815301076,1909f56bfc062723c751e8b465ee728b)
Start importing Assets/Models/modular_terrain_collection/Cliff_Terrain_Hill_Base_Top_Joined_Gentle.obj using Guid(c2c09ed2a8bd0f448bd9109f0880e4d6) Importer(815301076,1909f56bfc062723c751e8b465ee728b)  -> (artifact id: 'abc4cd145fa0a8eb6d3aa94d144fccd6') in 0.027291 seconds
Number of updated asset objects reloaded before import = 0
Number of asset objects unloaded after import = 11
========================================================================
Received Import Request.
  Time since last request: 0.000016 seconds.
  path: Assets/Models/modular_terrain_collection/Escarpment_Terrain_Corner_Inner_1x1_Mid.obj
  artifactKey: Guid(77e1579d5ca4b9c4ea333324d899c36a) Importer(815301076,1909f56bfc062723c751e8b465ee728b)
Start importing Assets/Models/modular_terrain_collection/Escarpment_Terrain_Corner_Inner_1x1_Mid.obj using Guid(77e1579d5ca4b9c4ea333324d899c36a) Importer(815301076,1909f56bfc062723c751e8b465ee728b)  -> (artifact id: 'b428c1370215eba70d4abb4168c3079e') in 0.021894 seconds
Number of updated asset objects reloaded before import = 0
Number of asset objects unloaded after import = 10
========================================================================
Received Import Request.
  Time since last request: 0.000020 seconds.
  path: Assets/Models/modular_terrain_collection/Escarpment_Terrain_Corner_Inner_1x1_Top.obj
  artifactKey: Guid(783d42546fb5ad545a648fa09da96646) Importer(815301076,1909f56bfc062723c751e8b465ee728b)
Start importing Assets/Models/modular_terrain_collection/Escarpment_Terrain_Corner_Inner_1x1_Top.obj using Guid(783d42546fb5ad545a648fa09da96646) Importer(815301076,1909f56bfc062723c751e8b465ee728b)  -> (artifact id: '51077ee09adb9b137392ce08ec8c2377') in 0.024381 seconds
Number of updated asset objects reloaded before import = 0
Number of asset objects unloaded after import = 11
========================================================================
Received Import Request.
  Time since last request: 0.000018 seconds.
  path: Assets/Models/modular_terrain_collection/Cliff_Terrain_Side_Base.obj
  artifactKey: Guid(29a637b7037448d4fa965e38857395a5) Importer(815301076,1909f56bfc062723c751e8b465ee728b)
Start importing Assets/Models/modular_terrain_collection/Cliff_Terrain_Side_Base.obj using Guid(29a637b7037448d4fa965e38857395a5) Importer(815301076,1909f56bfc062723c751e8b465ee728b)  -> (artifact id: '877e9af6ef1cb1c4f0a06cda7f393019') in 0.021282 seconds
Number of updated asset objects reloaded before import = 0
Number of asset objects unloaded after import = 10
========================================================================
Received Import Request.
  Time since last request: 0.000022 seconds.
  path: Assets/Models/modular_terrain_collection/Cliff_Terrain_Side_Top.obj
  artifactKey: Guid(c9813d118d51ee0498c9843b00d5817b) Importer(815301076,1909f56bfc062723c751e8b465ee728b)
Start importing Assets/Models/modular_terrain_collection/Cliff_Terrain_Side_Top.obj using Guid(c9813d118d51ee0498c9843b00d5817b) Importer(815301076,1909f56bfc062723c751e8b465ee728b)  -> (artifact id: '5edc99cef6a766b215cff555c4745fd6') in 0.021262 seconds
Number of updated asset objects reloaded before import = 0
Number of asset objects unloaded after import = 11
========================================================================
Received Import Request.
  Time since last request: 1.337330 seconds.
  path: Assets/Models/modular_terrain_collection/Escarpment_Terrain_Corner_Inner_2x2_Top.obj
  artifactKey: Guid(fdddc4f04e1c9c44fbc82da17473eb04) Importer(815301076,1909f56bfc062723c751e8b465ee728b)
Start importing Assets/Models/modular_terrain_collection/Escarpment_Terrain_Corner_Inner_2x2_Top.obj using Guid(fdddc4f04e1c9c44fbc82da17473eb04) Importer(815301076,1909f56bfc062723c751e8b465ee728b)  -> (artifact id: 'ce4ad65a18028bdad9ad4e7d8184df91') in 0.021091 seconds
Number of updated asset objects reloaded before import = 0
Number of asset objects unloaded after import = 11
========================================================================
Received Import Request.
  Time since last request: 0.000017 seconds.
  path: Assets/Models/modular_terrain_collection/Escarpment_Terrain_Hill_Base.obj
  artifactKey: Guid(0a6683177e033234ebec08087fd0671d) Importer(815301076,1909f56bfc062723c751e8b465ee728b)
Start importing Assets/Models/modular_terrain_collection/Escarpment_Terrain_Hill_Base.obj using Guid(0a6683177e033234ebec08087fd0671d) Importer(815301076,1909f56bfc062723c751e8b465ee728b)  -> (artifact id: 'c33755b5de3e5d9472618123207f0125') in 0.019679 seconds
Number of updated asset objects reloaded before import = 0
Number of asset objects unloaded after import = 10
========================================================================
Received Import Request.
  Time since last request: 0.000016 seconds.
  path: Assets/Models/modular_terrain_collection/Hilly_Prop_Bridge_Log_Post_Top.obj
  artifactKey: Guid(67850ac86f9878a4a9a63ef7460555a3) Importer(815301076,1909f56bfc062723c751e8b465ee728b)
Start importing Assets/Models/modular_terrain_collection/Hilly_Prop_Bridge_Log_Post_Top.obj using Guid(67850ac86f9878a4a9a63ef7460555a3) Importer(815301076,1909f56bfc062723c751e8b465ee728b)  -> (artifact id: '821ff2afe1ee189c89be538128385687') in 0.021128 seconds
Number of updated asset objects reloaded before import = 0
Number of asset objects unloaded after import = 10
========================================================================
Received Import Request.
  Time since last request: 0.000019 seconds.
  path: Assets/Models/modular_terrain_collection/Hilly_Prop_Bridge_Log_End.obj
  artifactKey: Guid(08148f0daa4453f489d8f421f5952457) Importer(815301076,1909f56bfc062723c751e8b465ee728b)
Start importing Assets/Models/modular_terrain_collection/Hilly_Prop_Bridge_Log_End.obj using Guid(08148f0daa4453f489d8f421f5952457) Importer(815301076,1909f56bfc062723c751e8b465ee728b)  -> (artifact id: '0b3f7053b64e06b296c5b97fd36b8857') in 0.036049 seconds
Number of updated asset objects reloaded before import = 0
Number of asset objects unloaded after import = 21
========================================================================
Received Import Request.
  Time since last request: 0.000025 seconds.
  path: Assets/Models/modular_terrain_collection/Escarpment_Terrain_Side_Base.obj
  artifactKey: Guid(728382bc56366a34fb87cd5bf898df01) Importer(815301076,1909f56bfc062723c751e8b465ee728b)
Start importing Assets/Models/modular_terrain_collection/Escarpment_Terrain_Side_Base.obj using Guid(728382bc56366a34fb87cd5bf898df01) Importer(815301076,1909f56bfc062723c751e8b465ee728b)  -> (artifact id: '313c30d832baa4788e5e60f09e19bc5e') in 0.021654 seconds
Number of updated asset objects reloaded before import = 0
Number of asset objects unloaded after import = 10
========================================================================
Received Import Request.
  Time since last request: 0.000025 seconds.
  path: Assets/Models/modular_terrain_collection/Escarpment_Terrain_Side_Mid.obj
  artifactKey: Guid(d3815e300f329bb4aadf48dc68fe130e) Importer(815301076,1909f56bfc062723c751e8b465ee728b)
Start importing Assets/Models/modular_terrain_collection/Escarpment_Terrain_Side_Mid.obj using Guid(d3815e300f329bb4aadf48dc68fe130e) Importer(815301076,1909f56bfc062723c751e8b465ee728b)  -> (artifact id: '60b8899f80d7dd0466ea5add621dac5a') in 0.018754 seconds
Number of updated asset objects reloaded before import = 0
Number of asset objects unloaded after import = 10
========================================================================
Received Import Request.
  Time since last request: 0.000015 seconds.
  path: Assets/Models/modular_terrain_collection/Escarpment_Terrain_Side_Falloff_Center.obj
  artifactKey: Guid(c9890037ba718c646a4e3cec0297afce) Importer(815301076,1909f56bfc062723c751e8b465ee728b)
Start importing Assets/Models/modular_terrain_collection/Escarpment_Terrain_Side_Falloff_Center.obj using Guid(c9890037ba718c646a4e3cec0297afce) Importer(815301076,1909f56bfc062723c751e8b465ee728b)  -> (artifact id: '0a518d8eadb1749b6eea120b43dd0e13') in 0.021532 seconds
Number of updated asset objects reloaded before import = 0
Number of asset objects unloaded after import = 10
========================================================================
Received Import Request.
  Time since last request: 0.000015 seconds.
  path: Assets/Models/modular_terrain_collection/Escarpment_Terrain_Hill_Top.obj
  artifactKey: Guid(0bc232e6af6ce8a4a94843a33bb7e3db) Importer(815301076,1909f56bfc062723c751e8b465ee728b)
Start importing Assets/Models/modular_terrain_collection/Escarpment_Terrain_Hill_Top.obj using Guid(0bc232e6af6ce8a4a94843a33bb7e3db) Importer(815301076,1909f56bfc062723c751e8b465ee728b)  -> (artifact id: 'de8c2dc6b1b94f6898a7f333df058b2e') in 0.022916 seconds
Number of updated asset objects reloaded before import = 0
Number of asset objects unloaded after import = 11
========================================================================
Received Import Request.
  Time since last request: 0.000020 seconds.
  path: Assets/Models/modular_terrain_collection/Hilly_Prop_Bush_1.obj
  artifactKey: Guid(8ab40e2499047b24ab36797590f7bc4a) Importer(815301076,1909f56bfc062723c751e8b465ee728b)
Start importing Assets/Models/modular_terrain_collection/Hilly_Prop_Bush_1.obj using Guid(8ab40e2499047b24ab36797590f7bc4a) Importer(815301076,1909f56bfc062723c751e8b465ee728b)  -> (artifact id: 'c30c4d49967d87bcce48bd6f59d9fe4b') in 0.022433 seconds
Number of updated asset objects reloaded before import = 0
Number of asset objects unloaded after import = 10
========================================================================
Received Import Request.
  Time since last request: 0.000045 seconds.
  path: Assets/Models/modular_terrain_collection/Hilly_Prop_Branch_1.obj
  artifactKey: Guid(58133c82ba633cb4093304e81ebac6ed) Importer(815301076,1909f56bfc062723c751e8b465ee728b)
Start importing Assets/Models/modular_terrain_collection/Hilly_Prop_Branch_1.obj using Guid(58133c82ba633cb4093304e81ebac6ed) Importer(815301076,1909f56bfc062723c751e8b465ee728b)  -> (artifact id: '119f04b8592bc4d9279f22fc15ceca64') in 0.025972 seconds
Number of updated asset objects reloaded before import = 0
Number of asset objects unloaded after import = 11
========================================================================
Received Import Request.
  Time since last request: 0.000021 seconds.
  path: Assets/Models/modular_terrain_collection/Escarpment_Terrain_Corner_Outer_2x2_Top.obj
  artifactKey: Guid(20f3a8f007ff19e49bf22c8e7c67f501) Importer(815301076,1909f56bfc062723c751e8b465ee728b)
Start importing Assets/Models/modular_terrain_collection/Escarpment_Terrain_Corner_Outer_2x2_Top.obj using Guid(20f3a8f007ff19e49bf22c8e7c67f501) Importer(815301076,1909f56bfc062723c751e8b465ee728b)  -> (artifact id: '25478cb7d8c57045581003956e2cdd37') in 0.029481 seconds
Number of updated asset objects reloaded before import = 0
Number of asset objects unloaded after import = 11
========================================================================
Received Import Request.
  Time since last request: 0.000021 seconds.
  path: Assets/Models/modular_terrain_collection/Escarpment_Terrain_Corner_Outer_1x1_Top.obj
  artifactKey: Guid(f097145fb5025b4469f43d5b05e910ff) Importer(815301076,1909f56bfc062723c751e8b465ee728b)
Start importing Assets/Models/modular_terrain_collection/Escarpment_Terrain_Corner_Outer_1x1_Top.obj using Guid(f097145fb5025b4469f43d5b05e910ff) Importer(815301076,1909f56bfc062723c751e8b465ee728b)  -> (artifact id: '950a74302c224320c5620f3509829cb0') in 0.025115 seconds
Number of updated asset objects reloaded before import = 0
Number of asset objects unloaded after import = 11
========================================================================
Received Import Request.
  Time since last request: 0.000019 seconds.
  path: Assets/Models/modular_terrain_collection/Escarpment_Terrain_Corner_Inner_3x3_Top.obj
  artifactKey: Guid(62d8bb22b972efa45b09723b7b647572) Importer(815301076,1909f56bfc062723c751e8b465ee728b)
Start importing Assets/Models/modular_terrain_collection/Escarpment_Terrain_Corner_Inner_3x3_Top.obj using Guid(62d8bb22b972efa45b09723b7b647572) Importer(815301076,1909f56bfc062723c751e8b465ee728b)  -> (artifact id: '21cf2745eeb2cd4624b995b200f4d387') in 0.023739 seconds
Number of updated asset objects reloaded before import = 0
Number of asset objects unloaded after import = 11
========================================================================
Received Import Request.
  Time since last request: 0.586674 seconds.
  path: Assets/Models/modular_terrain_collection/Hilly_Prop_Bush_4.obj
  artifactKey: Guid(62ed55e581c77614398c9387c4780054) Importer(815301076,1909f56bfc062723c751e8b465ee728b)
Start importing Assets/Models/modular_terrain_collection/Hilly_Prop_Bush_4.obj using Guid(62ed55e581c77614398c9387c4780054) Importer(815301076,1909f56bfc062723c751e8b465ee728b)  -> (artifact id: '1d46c300c8c68fbf3d12215136e06ba5') in 0.020347 seconds
Number of updated asset objects reloaded before import = 0
Number of asset objects unloaded after import = 10
========================================================================
Received Import Request.
  Time since last request: 0.000020 seconds.
  path: Assets/Models/modular_terrain_collection/Hilly_Prop_Fence_Boards_4.obj
  artifactKey: Guid(f83f37ada28911d4db6061f43a033d5a) Importer(815301076,1909f56bfc062723c751e8b465ee728b)
Start importing Assets/Models/modular_terrain_collection/Hilly_Prop_Fence_Boards_4.obj using Guid(f83f37ada28911d4db6061f43a033d5a) Importer(815301076,1909f56bfc062723c751e8b465ee728b)  -> (artifact id: '275ee269e7d633adb6596f38feb90721') in 0.024376 seconds
Number of updated asset objects reloaded before import = 0
Number of asset objects unloaded after import = 15
========================================================================
Received Import Request.
  Time since last request: 0.000015 seconds.
  path: Assets/Models/modular_terrain_collection/Hilly_Prop_Fence_Post_3.obj
  artifactKey: Guid(90044734841b652498c25ff7535617c5) Importer(815301076,1909f56bfc062723c751e8b465ee728b)
Start importing Assets/Models/modular_terrain_collection/Hilly_Prop_Fence_Post_3.obj using Guid(90044734841b652498c25ff7535617c5) Importer(815301076,1909f56bfc062723c751e8b465ee728b)  -> (artifact id: '97db8336f5c911ac4895deeab7040324') in 0.021285 seconds
Number of updated asset objects reloaded before import = 0
Number of asset objects unloaded after import = 10
========================================================================
Received Import Request.
  Time since last request: 0.000025 seconds.
  path: Assets/Models/modular_terrain_collection/Hilly_Prop_Grass_Clump_2.obj
  artifactKey: Guid(9d2f4b5ab522b114c9b262e73e29a8f8) Importer(815301076,1909f56bfc062723c751e8b465ee728b)
Start importing Assets/Models/modular_terrain_collection/Hilly_Prop_Grass_Clump_2.obj using Guid(9d2f4b5ab522b114c9b262e73e29a8f8) Importer(815301076,1909f56bfc062723c751e8b465ee728b)  -> (artifact id: '3ca80134a58a67ffa3887910187a7665') in 0.035820 seconds
Number of updated asset objects reloaded before import = 0
Number of asset objects unloaded after import = 25
========================================================================
Received Import Request.
  Time since last request: 0.000018 seconds.
  path: Assets/Models/modular_terrain_collection/Hilly_Prop_Cattail_1.obj
  artifactKey: Guid(9e644b6a725beb546b8a4b0e93715f93) Importer(815301076,1909f56bfc062723c751e8b465ee728b)
Start importing Assets/Models/modular_terrain_collection/Hilly_Prop_Cattail_1.obj using Guid(9e644b6a725beb546b8a4b0e93715f93) Importer(815301076,1909f56bfc062723c751e8b465ee728b)  -> (artifact id: '947cda89db4bb25f11685348f03e5073') in 0.036474 seconds
Number of updated asset objects reloaded before import = 0
Number of asset objects unloaded after import = 26
========================================================================
Received Import Request.
  Time since last request: 0.000018 seconds.
  path: Assets/Models/modular_terrain_collection/Hilly_Prop_Flower_Lily_Pink.obj
  artifactKey: Guid(d4509dfcf0079a648a993dcc22dada33) Importer(815301076,1909f56bfc062723c751e8b465ee728b)
Start importing Assets/Models/modular_terrain_collection/Hilly_Prop_Flower_Lily_Pink.obj using Guid(d4509dfcf0079a648a993dcc22dada33) Importer(815301076,1909f56bfc062723c751e8b465ee728b)  -> (artifact id: '0199f8bed6c4b0191f6f8dca3084d54f') in 0.056941 seconds
Number of updated asset objects reloaded before import = 0
Number of asset objects unloaded after import = 37
========================================================================
Received Import Request.
  Time since last request: 0.000016 seconds.
  path: Assets/Models/modular_terrain_collection/Hilly_Prop_Fence_Curve_2x2.obj
  artifactKey: Guid(57d4e70331fee8b4c9606ba6e3114945) Importer(815301076,1909f56bfc062723c751e8b465ee728b)
Start importing Assets/Models/modular_terrain_collection/Hilly_Prop_Fence_Curve_2x2.obj using Guid(57d4e70331fee8b4c9606ba6e3114945) Importer(815301076,1909f56bfc062723c751e8b465ee728b)  -> (artifact id: '89e7cc9684553682560fd570a6b64487') in 0.068665 seconds
Number of updated asset objects reloaded before import = 0
Number of asset objects unloaded after import = 56
========================================================================
Received Import Request.
  Time since last request: 0.000015 seconds.
  path: Assets/Models/modular_terrain_collection/Hilly_Prop_Flower_Lily_Blue.obj
  artifactKey: Guid(4dcaa8ea9cf16d94e882070446eb61d9) Importer(815301076,1909f56bfc062723c751e8b465ee728b)
Start importing Assets/Models/modular_terrain_collection/Hilly_Prop_Flower_Lily_Blue.obj using Guid(4dcaa8ea9cf16d94e882070446eb61d9) Importer(815301076,1909f56bfc062723c751e8b465ee728b)  -> (artifact id: '594a8b707f3088f2bf71610102463f6d') in 0.575128 seconds
Number of updated asset objects reloaded before import = 0
Number of asset objects unloaded after import = 442
========================================================================
Received Import Request.
  Time since last request: 0.147387 seconds.
  path: Assets/Models/modular_terrain_collection/Hilly_Prop_Stepping_Stones_5.obj
  artifactKey: Guid(2a23eae1ae8754344a131b48e1b81c34) Importer(815301076,1909f56bfc062723c751e8b465ee728b)
Start importing Assets/Models/modular_terrain_collection/Hilly_Prop_Stepping_Stones_5.obj using Guid(2a23eae1ae8754344a131b48e1b81c34) Importer(815301076,1909f56bfc062723c751e8b465ee728b)  -> (artifact id: '6ef50da4b22c2782293f966d7d782c27') in 0.017266 seconds
Number of updated asset objects reloaded before import = 0
Number of asset objects unloaded after import = 10
========================================================================
Received Import Request.
  Time since last request: 0.000021 seconds.
  path: Assets/Models/modular_terrain_collection/Hilly_Prop_Stepping_Stones_6.obj
  artifactKey: Guid(1d91c103a2f66ef419a7e9a839fbc79d) Importer(815301076,1909f56bfc062723c751e8b465ee728b)
Start importing Assets/Models/modular_terrain_collection/Hilly_Prop_Stepping_Stones_6.obj using Guid(1d91c103a2f66ef419a7e9a839fbc79d) Importer(815301076,1909f56bfc062723c751e8b465ee728b)  -> (artifact id: '50b00e3c6c5204fc099d5d21ad60b5da') in 0.022578 seconds
Number of updated asset objects reloaded before import = 0
Number of asset objects unloaded after import = 10
========================================================================
Received Import Request.
  Time since last request: 0.000012 seconds.
  path: Assets/Models/modular_terrain_collection/Hilly_Prop_Tree_Cedar_2.obj
  artifactKey: Guid(5c340f18a0d6f964ebc55ee4c0ee30f0) Importer(815301076,1909f56bfc062723c751e8b465ee728b)
Start importing Assets/Models/modular_terrain_collection/Hilly_Prop_Tree_Cedar_2.obj using Guid(5c340f18a0d6f964ebc55ee4c0ee30f0) Importer(815301076,1909f56bfc062723c751e8b465ee728b)  -> (artifact id: 'df4f094ef352f8898ef4ab9953e8d888') in 0.027650 seconds
Number of updated asset objects reloaded before import = 0
Number of asset objects unloaded after import = 16
========================================================================
Received Import Request.
  Time since last request: 0.000019 seconds.
  path: Assets/Models/modular_terrain_collection/Hilly_Prop_Tree_Oak_3.obj
  artifactKey: Guid(0f66632e3a9eaa94cb79943a948049fc) Importer(815301076,1909f56bfc062723c751e8b465ee728b)
Start importing Assets/Models/modular_terrain_collection/Hilly_Prop_Tree_Oak_3.obj using Guid(0f66632e3a9eaa94cb79943a948049fc) Importer(815301076,1909f56bfc062723c751e8b465ee728b)  -> (artifact id: '43c16a9c98c28a38ef95cb79372a5913') in 0.034910 seconds
Number of updated asset objects reloaded before import = 0
Number of asset objects unloaded after import = 21
========================================================================
Received Import Request.
  Time since last request: 0.000026 seconds.
  path: Assets/Models/modular_terrain_collection/Hilly_Prop_Stump.obj
  artifactKey: Guid(414462a64b8fe334ca76c659f12d4484) Importer(815301076,1909f56bfc062723c751e8b465ee728b)
Start importing Assets/Models/modular_terrain_collection/Hilly_Prop_Stump.obj using Guid(414462a64b8fe334ca76c659f12d4484) Importer(815301076,1909f56bfc062723c751e8b465ee728b)  -> (artifact id: '993bb98351df285986b61b0a52cc3b99') in 0.021242 seconds
Number of updated asset objects reloaded before import = 0
Number of asset objects unloaded after import = 11
========================================================================
Received Import Request.
  Time since last request: 0.000014 seconds.
  path: Assets/Models/modular_terrain_collection/Hilly_Prop_Stepping_Stones_8.obj
  artifactKey: Guid(2add83bca644c2d49b6f56967bf1cfc3) Importer(815301076,1909f56bfc062723c751e8b465ee728b)
Start importing Assets/Models/modular_terrain_collection/Hilly_Prop_Stepping_Stones_8.obj using Guid(2add83bca644c2d49b6f56967bf1cfc3) Importer(815301076,1909f56bfc062723c751e8b465ee728b)  -> (artifact id: 'ea4a27193c7202b4f2af8bbcf4526c63') in 0.017616 seconds
Number of updated asset objects reloaded before import = 0
Number of asset objects unloaded after import = 10
========================================================================
Received Import Request.
  Time since last request: 0.216035 seconds.
  path: Assets/Models/modular_terrain_collection/Hilly_Terrain_Hill_Corner_Inner_3x3.obj
  artifactKey: Guid(4b33e0a85cdf39843be6afec637e7c29) Importer(815301076,1909f56bfc062723c751e8b465ee728b)
Start importing Assets/Models/modular_terrain_collection/Hilly_Terrain_Hill_Corner_Inner_3x3.obj using Guid(4b33e0a85cdf39843be6afec637e7c29) Importer(815301076,1909f56bfc062723c751e8b465ee728b)  -> (artifact id: 'c8ea3f2f4b547937410f17711e994321') in 0.019484 seconds
Number of updated asset objects reloaded before import = 0
Number of asset objects unloaded after import = 10
========================================================================
Received Import Request.
  Time since last request: 0.000019 seconds.
  path: Assets/Models/modular_terrain_collection/Hilly_Terrain_Hill_Corner_Outer_2x2.obj
  artifactKey: Guid(04a582f7dcb26be47a2e0b6f31b614f4) Importer(815301076,1909f56bfc062723c751e8b465ee728b)
Start importing Assets/Models/modular_terrain_collection/Hilly_Terrain_Hill_Corner_Outer_2x2.obj using Guid(04a582f7dcb26be47a2e0b6f31b614f4) Importer(815301076,1909f56bfc062723c751e8b465ee728b)  -> (artifact id: '280271156fef8a2704cef76e815bcbde') in 0.030020 seconds
Number of updated asset objects reloaded before import = 0
Number of asset objects unloaded after import = 10
========================================================================
Received Import Request.
  Time since last request: 0.000015 seconds.
  path: Assets/Models/modular_terrain_collection/Hilly_Terrain_Hill_Corner_Outer_3x3.obj
  artifactKey: Guid(e655615de5b345046a665e4fab596c71) Importer(815301076,1909f56bfc062723c751e8b465ee728b)
Start importing Assets/Models/modular_terrain_collection/Hilly_Terrain_Hill_Corner_Outer_3x3.obj using Guid(e655615de5b345046a665e4fab596c71) Importer(815301076,1909f56bfc062723c751e8b465ee728b)  -> (artifact id: '023373a12bcc66993b952e9f4c0de741') in 0.021013 seconds
Number of updated asset objects reloaded before import = 0
Number of asset objects unloaded after import = 10
========================================================================
Received Import Request.
  Time since last request: 0.000020 seconds.
  path: Assets/Models/modular_terrain_collection/Hilly_Terrain_Hill_Corner_Inner_4x4.obj
  artifactKey: Guid(55d52b1069adfc34a8df4f2e9e28d508) Importer(815301076,1909f56bfc062723c751e8b465ee728b)
Start importing Assets/Models/modular_terrain_collection/Hilly_Terrain_Hill_Corner_Inner_4x4.obj using Guid(55d52b1069adfc34a8df4f2e9e28d508) Importer(815301076,1909f56bfc062723c751e8b465ee728b)  -> (artifact id: '81e9a0d0323491cdae5dbe95be82c22a') in 0.023975 seconds
Number of updated asset objects reloaded before import = 0
Number of asset objects unloaded after import = 10
========================================================================
Received Import Request.
  Time since last request: 0.000016 seconds.
  path: Assets/Models/modular_terrain_collection/Hilly_Terrain_Hill_Side_Overlap_Side.obj
  artifactKey: Guid(ca7701b3df2709441b290db730a63e15) Importer(815301076,1909f56bfc062723c751e8b465ee728b)
Start importing Assets/Models/modular_terrain_collection/Hilly_Terrain_Hill_Side_Overlap_Side.obj using Guid(ca7701b3df2709441b290db730a63e15) Importer(815301076,1909f56bfc062723c751e8b465ee728b)  -> (artifact id: 'dbb653f4c300f9c9dd1e5c56dbb78d0f') in 0.019024 seconds
Number of updated asset objects reloaded before import = 0
Number of asset objects unloaded after import = 10
========================================================================
Received Import Request.
  Time since last request: 0.362265 seconds.
  path: Assets/Models/modular_terrain_collection/Hilly_Terrain_Path_Corner_Inner_3x3.obj
  artifactKey: Guid(51cc956759cb7b64d9b38ac1772808fe) Importer(815301076,1909f56bfc062723c751e8b465ee728b)
Start importing Assets/Models/modular_terrain_collection/Hilly_Terrain_Path_Corner_Inner_3x3.obj using Guid(51cc956759cb7b64d9b38ac1772808fe) Importer(815301076,1909f56bfc062723c751e8b465ee728b)  -> (artifact id: '4376612e7a72c98acbc7d5ad153bf2fe') in 0.020026 seconds
Number of updated asset objects reloaded before import = 0
Number of asset objects unloaded after import = 11
========================================================================
Received Import Request.
  Time since last request: 0.000018 seconds.
  path: Assets/Models/modular_terrain_collection/Hilly_Terrain_Path_Corner_Y_2x2.obj
  artifactKey: Guid(a77f69ee3842d4d41a91b9a0efd46b3a) Importer(815301076,1909f56bfc062723c751e8b465ee728b)
Start importing Assets/Models/modular_terrain_collection/Hilly_Terrain_Path_Corner_Y_2x2.obj using Guid(a77f69ee3842d4d41a91b9a0efd46b3a) Importer(815301076,1909f56bfc062723c751e8b465ee728b)  -> (artifact id: '7f7625a67f064d53c2a1c16332fbded6') in 0.020063 seconds
Number of updated asset objects reloaded before import = 0
Number of asset objects unloaded after import = 11
========================================================================
Received Import Request.
  Time since last request: 0.000016 seconds.
  path: Assets/Models/modular_terrain_collection/Hilly_Terrain_Water_Flat.obj
  artifactKey: Guid(67feffd6b33af264c879de2b22469bdf) Importer(815301076,1909f56bfc062723c751e8b465ee728b)
Start importing Assets/Models/modular_terrain_collection/Hilly_Terrain_Water_Flat.obj using Guid(67feffd6b33af264c879de2b22469bdf) Importer(815301076,1909f56bfc062723c751e8b465ee728b)  -> (artifact id: 'e45424eb95d1ff68b8a181a22ca7d24d') in 0.019252 seconds
Number of updated asset objects reloaded before import = 0
Number of asset objects unloaded after import = 10
========================================================================
Received Import Request.
  Time since last request: 0.000017 seconds.
  path: Assets/Models/modular_terrain_collection/Shared_Prop_Boulder_5.obj
  artifactKey: Guid(112f40f6bf3686d4db8d1f43100c00e3) Importer(815301076,1909f56bfc062723c751e8b465ee728b)
Start importing Assets/Models/modular_terrain_collection/Shared_Prop_Boulder_5.obj using Guid(112f40f6bf3686d4db8d1f43100c00e3) Importer(815301076,1909f56bfc062723c751e8b465ee728b)  -> (artifact id: 'f061186279083745c4fb2f823f161d12') in 0.019563 seconds
Number of updated asset objects reloaded before import = 0
Number of asset objects unloaded after import = 10
========================================================================
Received Import Request.
  Time since last request: 0.000020 seconds.
  path: Assets/Models/modular_terrain_collection/Hilly_Terrain_Path_Corner_Outer_4x4.obj
  artifactKey: Guid(a939fde3609713a489f6b726511fbfa3) Importer(815301076,1909f56bfc062723c751e8b465ee728b)
Start importing Assets/Models/modular_terrain_collection/Hilly_Terrain_Path_Corner_Outer_4x4.obj using Guid(a939fde3609713a489f6b726511fbfa3) Importer(815301076,1909f56bfc062723c751e8b465ee728b)  -> (artifact id: 'd4fc6acefc1d7b73c45fa624b6438cd9') in 0.021974 seconds
Number of updated asset objects reloaded before import = 0
Number of asset objects unloaded after import = 11
========================================================================
Received Import Request.
  Time since last request: 0.000046 seconds.
  path: Assets/Models/modular_terrain_collection/Hilly_Terrain_Path_Hill_Gentle_Plain_Side.obj
  artifactKey: Guid(a8d743641a567cb4fad991c4b52c658a) Importer(815301076,1909f56bfc062723c751e8b465ee728b)
Start importing Assets/Models/modular_terrain_collection/Hilly_Terrain_Path_Hill_Gentle_Plain_Side.obj using Guid(a8d743641a567cb4fad991c4b52c658a) Importer(815301076,1909f56bfc062723c751e8b465ee728b)  -> (artifact id: '9fa8bbd02a12065826de017860bea8ed') in 0.024595 seconds
Number of updated asset objects reloaded before import = 0
Number of asset objects unloaded after import = 11
========================================================================
Received Import Request.
  Time since last request: 0.000017 seconds.
  path: Assets/Models/modular_terrain_collection/Hilly_Terrain_Path_Hill_Gentle_Plain_Center.obj
  artifactKey: Guid(a528512b96336624b976a3add7f84f93) Importer(815301076,1909f56bfc062723c751e8b465ee728b)
Start importing Assets/Models/modular_terrain_collection/Hilly_Terrain_Path_Hill_Gentle_Plain_Center.obj using Guid(a528512b96336624b976a3add7f84f93) Importer(815301076,1909f56bfc062723c751e8b465ee728b)  -> (artifact id: '66a3e3802e5e8e4d23eeb342b587d309') in 0.017622 seconds
Number of updated asset objects reloaded before import = 0
Number of asset objects unloaded after import = 10
========================================================================
Received Import Request.
  Time since last request: 0.000016 seconds.
  path: Assets/Models/modular_terrain_collection/Hilly_Terrain_Path_Hill_Sharp_Steps_Center.obj
  artifactKey: Guid(f078c5a2ec43f204aae3b1964410a996) Importer(815301076,1909f56bfc062723c751e8b465ee728b)
Start importing Assets/Models/modular_terrain_collection/Hilly_Terrain_Path_Hill_Sharp_Steps_Center.obj using Guid(f078c5a2ec43f204aae3b1964410a996) Importer(815301076,1909f56bfc062723c751e8b465ee728b)  -> (artifact id: '98dddf5cedb33bcb1087420ca747978a') in 0.022932 seconds
Number of updated asset objects reloaded before import = 0
Number of asset objects unloaded after import = 12
========================================================================
Received Import Request.
  Time since last request: 0.000014 seconds.
  path: Assets/Models/modular_terrain_collection/Shared_Terrain_Dirt_Gathered_Corner.obj
  artifactKey: Guid(93ac365ebddf51a47a7743ed67d287bb) Importer(815301076,1909f56bfc062723c751e8b465ee728b)
Start importing Assets/Models/modular_terrain_collection/Shared_Terrain_Dirt_Gathered_Corner.obj using Guid(93ac365ebddf51a47a7743ed67d287bb) Importer(815301076,1909f56bfc062723c751e8b465ee728b)  -> (artifact id: 'ca6abdeee58397c922eb243716e3c59a') in 0.017408 seconds
Number of updated asset objects reloaded before import = 0
Number of asset objects unloaded after import = 10
========================================================================
Received Import Request.
  Time since last request: 0.000014 seconds.
  path: Assets/Models/modular_terrain_collection/Hilly_Terrain_Path_Corner_Y_3x3.obj
  artifactKey: Guid(ed6e990823c8a3249ba85118f6fc725b) Importer(815301076,1909f56bfc062723c751e8b465ee728b)
Start importing Assets/Models/modular_terrain_collection/Hilly_Terrain_Path_Corner_Y_3x3.obj using Guid(ed6e990823c8a3249ba85118f6fc725b) Importer(815301076,1909f56bfc062723c751e8b465ee728b)  -> (artifact id: '710c3b8c38fe93843038211b2d027344') in 0.019378 seconds
Number of updated asset objects reloaded before import = 0
Number of asset objects unloaded after import = 11
Editor requested this worker to shutdown with reason: Scaling down because of idle timeout
TcpMessagingSession - receive error: operation aborted. errorcode: 995, details: La operacin de E/S se anul por una salida de subproceso o por una solicitud de aplicacin.
AssetImportWorker is now disconnected from the server
Process exiting
Exiting without the bug reporter. Application will terminate with return code 0