Using pre-set license
Built from '2022.3/staging' branch; Version is '2022.3.25f1 (530ae0ba3889) revision 5442272'; Using compiler version '192829333'; Build Type 'Release'
OS: 'Windows 10  (10.0.19045) 64bit ProfessionalWorkstation' Language: 'es' Physical Memory: 31907 MB
BatchMode: 1, IsHumanControllingUs: 0, StartBugReporterOnCrash: 0, Is64bit: 1, IsPro: 1

COMMAND LINE ARGUMENTS:
C:\Program Files\Unity\Hub\Editor\2022.3.25f1\Editor\Unity.exe
-adb2
-batchMode
-noUpm
-name
AssetImportWorker3
-projectPath
C:/Users/Anhujuju/Plataformer
-logFile
Logs/AssetImportWorker3.log
-srvPort
54503
Successfully changed project path to: C:/Users/Anhujuju/Plataformer
C:/Users/Anhujuju/Plataformer
[UnityMemory] Configuration Parameters - Can be set up in boot.config
    "memorysetup-bucket-allocator-granularity=16"
    "memorysetup-bucket-allocator-bucket-count=8"
    "memorysetup-bucket-allocator-block-size=33554432"
    "memorysetup-bucket-allocator-block-count=8"
    "memorysetup-main-allocator-block-size=16777216"
    "memorysetup-thread-allocator-block-size=16777216"
    "memorysetup-gfx-main-allocator-block-size=16777216"
    "memorysetup-gfx-thread-allocator-block-size=16777216"
    "memorysetup-cache-allocator-block-size=4194304"
    "memorysetup-typetree-allocator-block-size=2097152"
    "memorysetup-profiler-bucket-allocator-granularity=16"
    "memorysetup-profiler-bucket-allocator-bucket-count=8"
    "memorysetup-profiler-bucket-allocator-block-size=33554432"
    "memorysetup-profiler-bucket-allocator-block-count=8"
    "memorysetup-profiler-allocator-block-size=16777216"
    "memorysetup-profiler-editor-allocator-block-size=1048576"
    "memorysetup-temp-allocator-size-main=16777216"
    "memorysetup-job-temp-allocator-block-size=2097152"
    "memorysetup-job-temp-allocator-block-size-background=1048576"
    "memorysetup-job-temp-allocator-reduction-small-platforms=262144"
    "memorysetup-allocator-temp-initial-block-size-main=262144"
    "memorysetup-allocator-temp-initial-block-size-worker=262144"
    "memorysetup-temp-allocator-size-background-worker=32768"
    "memorysetup-temp-allocator-size-job-worker=262144"
    "memorysetup-temp-allocator-size-preload-manager=33554432"
    "memorysetup-temp-allocator-size-nav-mesh-worker=65536"
    "memorysetup-temp-allocator-size-audio-worker=65536"
    "memorysetup-temp-allocator-size-cloud-worker=32768"
    "memorysetup-temp-allocator-size-gi-baking-worker=262144"
    "memorysetup-temp-allocator-size-gfx=262144"
Player connection [41236] Host "[IP] 172.18.128.1 [Port] 0 [Flags] 2 [Guid] 198236903 [EditorId] 198236903 [Version] 1048832 [Id] WindowsEditor(7,DESKTOP-3BAPAF0) [Debug] 1 [PackageName] WindowsEditor [ProjectName] Editor" joined multi-casting on [225.0.0.222:54997]...

Player connection [41236] Host "[IP] 172.18.128.1 [Port] 0 [Flags] 2 [Guid] 198236903 [EditorId] 198236903 [Version] 1048832 [Id] WindowsEditor(7,DESKTOP-3BAPAF0) [Debug] 1 [PackageName] WindowsEditor [ProjectName] Editor" joined alternative multi-casting on [225.0.0.222:34997]...

[Physics::Module] Initialized MultithreadedJobDispatcher with 11 workers.
Refreshing native plugins compatible for Editor in 12.89 ms, found 3 plugins.
Preloading 0 native plugins for Editor in 0.00 ms.
Initialize engine version: 2022.3.25f1 (530ae0ba3889)
[Subsystems] Discovering subsystems at path C:/Program Files/Unity/Hub/Editor/2022.3.25f1/Editor/Data/Resources/UnitySubsystems
[Subsystems] Discovering subsystems at path C:/Users/Anhujuju/Plataformer/Assets
GfxDevice: creating device client; threaded=0; jobified=0
Direct3D:
    Version:  Direct3D 11.0 [level 11.1]
    Renderer: NVIDIA GeForce RTX 4060 (ID=0x2882)
    Vendor:   NVIDIA
    VRAM:     7957 MB
    Driver:   31.0.15.5186
Initialize mono
Mono path[0] = 'C:/Program Files/Unity/Hub/Editor/2022.3.25f1/Editor/Data/Managed'
Mono path[1] = 'C:/Program Files/Unity/Hub/Editor/2022.3.25f1/Editor/Data/MonoBleedingEdge/lib/mono/unityjit-win32'
Mono config path = 'C:/Program Files/Unity/Hub/Editor/2022.3.25f1/Editor/Data/MonoBleedingEdge/etc'
Using monoOptions --debugger-agent=transport=dt_socket,embedding=1,server=y,suspend=n,address=127.0.0.1:56480
Begin MonoManager ReloadAssembly
Registering precompiled unity dll's ...
Register platform support module: C:/Program Files/Unity/Hub/Editor/2022.3.25f1/Editor/Data/PlaybackEngines/WebGLSupport/UnityEditor.WebGL.Extensions.dll
Register platform support module: C:/Program Files/Unity/Hub/Editor/2022.3.25f1/Editor/Data/PlaybackEngines/WindowsStandaloneSupport/UnityEditor.WindowsStandalone.Extensions.dll
Registered in 0.008938 seconds.
- Loaded All Assemblies, in  0.268 seconds
Native extension for WindowsStandalone target not found
Native extension for WebGL target not found
Mono: successfully reloaded assembly
- Finished resetting the current domain, in  0.200 seconds
Domain Reload Profiling: 467ms
	BeginReloadAssembly (82ms)
		ExecutionOrderSort (0ms)
		DisableScriptedObjects (0ms)
		BackupInstance (0ms)
		ReleaseScriptingObjects (0ms)
		CreateAndSetChildDomain (1ms)
	RebuildCommonClasses (24ms)
	RebuildNativeTypeToScriptingClass (8ms)
	initialDomainReloadingComplete (47ms)
	LoadAllAssembliesAndSetupDomain (106ms)
		LoadAssemblies (80ms)
		RebuildTransferFunctionScriptingTraits (0ms)
		AnalyzeDomain (105ms)
			TypeCache.Refresh (104ms)
				TypeCache.ScanAssembly (93ms)
			ScanForSourceGeneratedMonoScriptInfo (0ms)
			ResolveRequiredComponents (0ms)
	FinalizeReload (200ms)
		ReleaseScriptCaches (0ms)
		RebuildScriptCaches (0ms)
		SetupLoadedEditorAssemblies (157ms)
			LogAssemblyErrors (0ms)
			InitializePlatformSupportModulesInManaged (9ms)
			SetLoadedEditorAssemblies (4ms)
			RefreshPlugins (0ms)
			BeforeProcessingInitializeOnLoad (2ms)
			ProcessInitializeOnLoadAttributes (108ms)
			ProcessInitializeOnLoadMethodAttributes (34ms)
			AfterProcessingInitializeOnLoad (0ms)
			EditorAssembliesLoaded (0ms)
		ExecutionOrderSort2 (0ms)
		AwakeInstancesAfterBackupRestoration (0ms)
========================================================================
Worker process is ready to serve import requests
Begin MonoManager ReloadAssembly
- Loaded All Assemblies, in  0.467 seconds
Refreshing native plugins compatible for Editor in 3.24 ms, found 3 plugins.
Native extension for WindowsStandalone target not found
Native extension for WebGL target not found
Package Manager log level set to [2]
[Package Manager] Server::EnsureServerProcessIsRunning -- launch failed, reason: Unity was launched with the -noUpm command-line argument
[Package Manager] UpmClient::Send -- Unable to send message (not connected to UPM process).
[Package Manager] Cannot connect to Unity Package Manager local server
Mono: successfully reloaded assembly
- Finished resetting the current domain, in  0.440 seconds
Domain Reload Profiling: 904ms
	BeginReloadAssembly (108ms)
		ExecutionOrderSort (0ms)
		DisableScriptedObjects (3ms)
		BackupInstance (0ms)
		ReleaseScriptingObjects (0ms)
		CreateAndSetChildDomain (18ms)
	RebuildCommonClasses (23ms)
	RebuildNativeTypeToScriptingClass (8ms)
	initialDomainReloadingComplete (32ms)
	LoadAllAssembliesAndSetupDomain (293ms)
		LoadAssemblies (231ms)
		RebuildTransferFunctionScriptingTraits (0ms)
		AnalyzeDomain (124ms)
			TypeCache.Refresh (107ms)
				TypeCache.ScanAssembly (97ms)
			ScanForSourceGeneratedMonoScriptInfo (12ms)
			ResolveRequiredComponents (4ms)
	FinalizeReload (440ms)
		ReleaseScriptCaches (0ms)
		RebuildScriptCaches (0ms)
		SetupLoadedEditorAssemblies (331ms)
			LogAssemblyErrors (0ms)
			InitializePlatformSupportModulesInManaged (7ms)
			SetLoadedEditorAssemblies (3ms)
			RefreshPlugins (0ms)
			BeforeProcessingInitializeOnLoad (47ms)
			ProcessInitializeOnLoadAttributes (248ms)
			ProcessInitializeOnLoadMethodAttributes (18ms)
			AfterProcessingInitializeOnLoad (6ms)
			EditorAssembliesLoaded (0ms)
		ExecutionOrderSort2 (0ms)
		AwakeInstancesAfterBackupRestoration (5ms)
Launched and connected shader compiler UnityShaderCompiler.exe after 0.04 seconds
Refreshing native plugins compatible for Editor in 2.44 ms, found 3 plugins.
Preloading 0 native plugins for Editor in 0.00 ms.
Unloading 3259 Unused Serialized files (Serialized files now loaded: 0)
Unloading 45 unused Assets / (130.7 KB). Loaded Objects now: 3719.
Memory consumption went from 125.5 MB to 125.4 MB.
Total: 2.334600 ms (FindLiveObjects: 0.192100 ms CreateObjectMapping: 0.086000 ms MarkObjects: 1.922000 ms  DeleteObjects: 0.134000 ms)

AssetImportParameters requested are different than current active one (requested -> active):
  custom:container-demuxer-ogg: 62fdf1f143b41e24485cea50d1cbac27 -> 
  custom:video-decoder-ogg-theora: a1e56fd34408186e4bbccfd4996cb3dc -> 
  custom:framework-win-MediaFoundation: 216162199b28c13a410421893ffa2e32 -> 
  custom:CustomObjectIndexerAttribute: 9a22284fe3817be447336de3de66b15e -> 
  custom:container-demuxer-webm: 4f35f7cbe854078d1ac9338744f61a02 -> 
  custom:container-muxer-webm: aa71ff27fc2769a1b78a27578f13a17b -> 
  custom:video-decoder-webm-vp8: 9c59270c3fd7afecdb556c50c9e8de78 -> 
  custom:SearchIndexIgnoredProperties: e643bd26f0fe6173181afceb89e7c659 -> 
  custom:AudioImporter_EditorPlatform: d09bf68614088b80899f8185d706f6e7 -> 
  custom:video-encoder-webm-vp8: eb34c28f22e8b96e1ab97ce403110664 -> 
  custom:audio-decoder-ogg-vorbis: bf7c407c2cedff20999df2af8eb42d56 -> 
  custom:audio-encoder-webm-vorbis: bf7c407c2cedff20999df2af8eb42d56 -> 
========================================================================
Received Import Request.
  Time since last request: 455742.868925 seconds.
  path: Assets/Models/Assets/gltf/mage_texture.png
  artifactKey: Guid(8ce52b9245e5d764eb1b81f47d8e4855) Importer(815301076,1909f56bfc062723c751e8b465ee728b)
Start importing Assets/Models/Assets/gltf/mage_texture.png using Guid(8ce52b9245e5d764eb1b81f47d8e4855) Importer(815301076,1909f56bfc062723c751e8b465ee728b)  -> (artifact id: '513f20814b8af5aacd49ae81bbed7eb5') in 0.048677 seconds
Number of updated asset objects reloaded before import = 0
Number of asset objects unloaded after import = 2
========================================================================
Received Import Request.
  Time since last request: 110.717526 seconds.
  path: Assets/Materials 1/Skyboxes/CloudyCrown_01_Midday/Textures/CloudyCrown_Midday_Back.png
  artifactKey: Guid(fd76a3d85fa584e42834036916a79b6b) Importer(815301076,1909f56bfc062723c751e8b465ee728b)
Start importing Assets/Materials 1/Skyboxes/CloudyCrown_01_Midday/Textures/CloudyCrown_Midday_Back.png using Guid(fd76a3d85fa584e42834036916a79b6b) Importer(815301076,1909f56bfc062723c751e8b465ee728b)  -> (artifact id: '2b3abf808ab0021dfbd8f473ae450004') in 0.039570 seconds
Number of updated asset objects reloaded before import = 0
Number of asset objects unloaded after import = 2
========================================================================
Received Import Request.
  Time since last request: 0.000016 seconds.
  path: Assets/Materials 1/Skyboxes/CloudyCrown_01_Midday/Textures/CloudyCrown_Midday_Down.png
  artifactKey: Guid(b064041c87bd8fb4ba2c21aa4863127e) Importer(815301076,1909f56bfc062723c751e8b465ee728b)
Start importing Assets/Materials 1/Skyboxes/CloudyCrown_01_Midday/Textures/CloudyCrown_Midday_Down.png using Guid(b064041c87bd8fb4ba2c21aa4863127e) Importer(815301076,1909f56bfc062723c751e8b465ee728b)  -> (artifact id: '4668f2add28023e9b2b3bdb8f0de142c') in 0.025287 seconds
Number of updated asset objects reloaded before import = 0
Number of asset objects unloaded after import = 2
========================================================================
Received Import Request.
  Time since last request: 0.000043 seconds.
  path: Assets/Materials 1/Skyboxes/CloudyCrown_03_Midnight/Textures/CloudyCrown_Midnight_Back.png
  artifactKey: Guid(da973bcda49f771409235bfe5c155ce0) Importer(815301076,1909f56bfc062723c751e8b465ee728b)
Start importing Assets/Materials 1/Skyboxes/CloudyCrown_03_Midnight/Textures/CloudyCrown_Midnight_Back.png using Guid(da973bcda49f771409235bfe5c155ce0) Importer(815301076,1909f56bfc062723c751e8b465ee728b)  -> (artifact id: 'd02ece631c22b5d1a115a2c135ae68c6') in 0.014010 seconds
Number of updated asset objects reloaded before import = 0
Number of asset objects unloaded after import = 2
========================================================================
Received Import Request.
  Time since last request: 0.000018 seconds.
  path: Assets/Materials 1/Skyboxes/CloudyCrown_03_Midnight/Textures/CloudyCrown_Midnight_Right.png
  artifactKey: Guid(8c84ddb32342f7a409915f46705fcc5a) Importer(815301076,1909f56bfc062723c751e8b465ee728b)
Start importing Assets/Materials 1/Skyboxes/CloudyCrown_03_Midnight/Textures/CloudyCrown_Midnight_Right.png using Guid(8c84ddb32342f7a409915f46705fcc5a) Importer(815301076,1909f56bfc062723c751e8b465ee728b)  -> (artifact id: '9968a25b37a7cf437e6fee75eb6769db') in 0.020763 seconds
Number of updated asset objects reloaded before import = 0
Number of asset objects unloaded after import = 2
========================================================================
Received Import Request.
  Time since last request: 0.000017 seconds.
  path: Assets/Materials 1/Skyboxes/CloudyCrown_03_Midnight/Textures/CloudyCrown_Midnight_Up.png
  artifactKey: Guid(3af6f93d7b7b2b842ae6ac2a4e817fd4) Importer(815301076,1909f56bfc062723c751e8b465ee728b)
Start importing Assets/Materials 1/Skyboxes/CloudyCrown_03_Midnight/Textures/CloudyCrown_Midnight_Up.png using Guid(3af6f93d7b7b2b842ae6ac2a4e817fd4) Importer(815301076,1909f56bfc062723c751e8b465ee728b)  -> (artifact id: 'b915d2c5b5089eb141d765f36fdb87fb') in 0.099017 seconds
Number of updated asset objects reloaded before import = 0
Number of asset objects unloaded after import = 2
========================================================================
Received Import Request.
  Time since last request: 0.000017 seconds.
  path: Assets/Materials 1/Skyboxes/CloudyCrown_01_Midday/Textures/CloudyCrown_Midday_Up.png
  artifactKey: Guid(4e02df907356e0848a5d76021b80192a) Importer(815301076,1909f56bfc062723c751e8b465ee728b)
Start importing Assets/Materials 1/Skyboxes/CloudyCrown_01_Midday/Textures/CloudyCrown_Midday_Up.png using Guid(4e02df907356e0848a5d76021b80192a) Importer(815301076,1909f56bfc062723c751e8b465ee728b)  -> (artifact id: 'fce03d072148e92abb115fc371edd2d9') in 0.019480 seconds
Number of updated asset objects reloaded before import = 0
Number of asset objects unloaded after import = 2
========================================================================
Received Import Request.
  Time since last request: 0.000025 seconds.
  path: Assets/Materials 1/Skyboxes/CloudyCrown_03_Midnight/CloudyCrown_Midnight.mat
  artifactKey: Guid(ceb0a3ed2cb53a94fa21843cc958c52b) Importer(815301076,1909f56bfc062723c751e8b465ee728b)
Start importing Assets/Materials 1/Skyboxes/CloudyCrown_03_Midnight/CloudyCrown_Midnight.mat using Guid(ceb0a3ed2cb53a94fa21843cc958c52b) Importer(815301076,1909f56bfc062723c751e8b465ee728b)  -> (artifact id: '6f345a679cfe000ddd5d9db9500070bb') in 0.102081 seconds
Number of updated asset objects reloaded before import = 0
Number of asset objects unloaded after import = 7
========================================================================
Received Import Request.
  Time since last request: 0.000019 seconds.
  path: Assets/Materials 1/Skyboxes/CloudyCrown_01_Midday/Textures/CloudyCrown_Midday_Front.png
  artifactKey: Guid(dffdb4378818bc5469033648c57bd0b1) Importer(815301076,1909f56bfc062723c751e8b465ee728b)
Start importing Assets/Materials 1/Skyboxes/CloudyCrown_01_Midday/Textures/CloudyCrown_Midday_Front.png using Guid(dffdb4378818bc5469033648c57bd0b1) Importer(815301076,1909f56bfc062723c751e8b465ee728b)  -> (artifact id: 'ed690063dfc4916607160e225ade68fb') in 0.028049 seconds
Number of updated asset objects reloaded before import = 0
Number of asset objects unloaded after import = 2
Editor requested this worker to shutdown with reason: Scaling down because of idle timeout
TcpMessagingSession - receive error: operation aborted. errorcode: 995, details: La operación de E/S se anuló por una salida de subproceso o por una solicitud de aplicación.
AssetImportWorker is now disconnected from the server
Process exiting
Exiting without the bug reporter. Application will terminate with return code 0