Using pre-set license
Built from '2022.3/release' branch; Version is '2022.3.20f1 (61c2feb0970d) revision 6406910'; Using compiler version '192829333'; Build Type 'Release'
OS: 'Windows 11  (10.0.22631) 64bit Professional' Language: 'es' Physical Memory: 16221 MB
BatchMode: 1, IsHumanControllingUs: 0, StartBugReporterOnCrash: 0, Is64bit: 1, IsPro: 1

COMMAND LINE ARGUMENTS:
C:\Program Files\Unity\Hub\Editor\2022.3.20f1\Editor\Unity.exe
-adb2
-batchMode
-noUpm
-name
AssetImportWorker1
-projectPath
C:/Users/usuario/Desktop/Videojuegos/Proyecto - Entrega 1/Entrega 1/Plataformer
-logFile
Logs/AssetImportWorker1.log
-srvPort
50447
Successfully changed project path to: C:/Users/usuario/Desktop/Videojuegos/Proyecto - Entrega 1/Entrega 1/Plataformer
C:/Users/usuario/Desktop/Videojuegos/Proyecto - Entrega 1/Entrega 1/Plataformer
[UnityMemory] Configuration Parameters - Can be set up in boot.config
    "memorysetup-bucket-allocator-granularity=16"
    "memorysetup-bucket-allocator-bucket-count=8"
    "memorysetup-bucket-allocator-block-size=33554432"
    "memorysetup-bucket-allocator-block-count=8"
    "memorysetup-main-allocator-block-size=16777216"
    "memorysetup-thread-allocator-block-size=16777216"
    "memorysetup-gfx-main-allocator-block-size=16777216"
    "memorysetup-gfx-thread-allocator-block-size=16777216"
    "memorysetup-cache-allocator-block-size=4194304"
    "memorysetup-typetree-allocator-block-size=2097152"
    "memorysetup-profiler-bucket-allocator-granularity=16"
    "memorysetup-profiler-bucket-allocator-bucket-count=8"
    "memorysetup-profiler-bucket-allocator-block-size=33554432"
    "memorysetup-profiler-bucket-allocator-block-count=8"
    "memorysetup-profiler-allocator-block-size=16777216"
    "memorysetup-profiler-editor-allocator-block-size=1048576"
    "memorysetup-temp-allocator-size-main=16777216"
    "memorysetup-job-temp-allocator-block-size=2097152"
    "memorysetup-job-temp-allocator-block-size-background=1048576"
    "memorysetup-job-temp-allocator-reduction-small-platforms=262144"
    "memorysetup-allocator-temp-initial-block-size-main=262144"
    "memorysetup-allocator-temp-initial-block-size-worker=262144"
    "memorysetup-temp-allocator-size-background-worker=32768"
    "memorysetup-temp-allocator-size-job-worker=262144"
    "memorysetup-temp-allocator-size-preload-manager=33554432"
    "memorysetup-temp-allocator-size-nav-mesh-worker=65536"
    "memorysetup-temp-allocator-size-audio-worker=65536"
    "memorysetup-temp-allocator-size-cloud-worker=32768"
    "memorysetup-temp-allocator-size-gi-baking-worker=262144"
    "memorysetup-temp-allocator-size-gfx=262144"
Player connection [16812] Host "[IP] 172.26.64.1 [Port] 0 [Flags] 2 [Guid] 176872091 [EditorId] 176872091 [Version] 1048832 [Id] WindowsEditor(7,HICKARO) [Debug] 1 [PackageName] WindowsEditor [ProjectName] Editor" joined multi-casting on [225.0.0.222:54997]...

Player connection [16812] Host "[IP] 172.26.64.1 [Port] 0 [Flags] 2 [Guid] 176872091 [EditorId] 176872091 [Version] 1048832 [Id] WindowsEditor(7,HICKARO) [Debug] 1 [PackageName] WindowsEditor [ProjectName] Editor" joined alternative multi-casting on [225.0.0.222:34997]...

[Physics::Module] Initialized MultithreadedJobDispatcher with 7 workers.
Refreshing native plugins compatible for Editor in 11.27 ms, found 3 plugins.
Preloading 0 native plugins for Editor in 0.00 ms.
Initialize engine version: 2022.3.20f1 (61c2feb0970d)
[Subsystems] Discovering subsystems at path C:/Program Files/Unity/Hub/Editor/2022.3.20f1/Editor/Data/Resources/UnitySubsystems
[Subsystems] Discovering subsystems at path C:/Users/usuario/Desktop/Videojuegos/Proyecto - Entrega 1/Entrega 1/Plataformer/Assets
GfxDevice: creating device client; threaded=0; jobified=0
Direct3D:
    Version:  Direct3D 11.0 [level 11.1]
    Renderer: NVIDIA GeForce GTX 1650 (ID=0x1f91)
    Vendor:   NVIDIA
    VRAM:     3949 MB
    Driver:   31.0.15.3667
Initialize mono
Mono path[0] = 'C:/Program Files/Unity/Hub/Editor/2022.3.20f1/Editor/Data/Managed'
Mono path[1] = 'C:/Program Files/Unity/Hub/Editor/2022.3.20f1/Editor/Data/MonoBleedingEdge/lib/mono/unityjit-win32'
Mono config path = 'C:/Program Files/Unity/Hub/Editor/2022.3.20f1/Editor/Data/MonoBleedingEdge/etc'
Using monoOptions --debugger-agent=transport=dt_socket,embedding=1,server=y,suspend=n,address=127.0.0.1:56588
Begin MonoManager ReloadAssembly
Registering precompiled unity dll's ...
Register platform support module: C:/Program Files/Unity/Hub/Editor/2022.3.20f1/Editor/Data/PlaybackEngines/WindowsStandaloneSupport/UnityEditor.WindowsStandalone.Extensions.dll
Registered in 0.010801 seconds.
- Loaded All Assemblies, in  0.929 seconds
Native extension for WindowsStandalone target not found
Mono: successfully reloaded assembly
- Finished resetting the current domain, in  0.590 seconds
Domain Reload Profiling: 1516ms
	BeginReloadAssembly (383ms)
		ExecutionOrderSort (0ms)
		DisableScriptedObjects (0ms)
		BackupInstance (0ms)
		ReleaseScriptingObjects (0ms)
		CreateAndSetChildDomain (1ms)
	RebuildCommonClasses (102ms)
	RebuildNativeTypeToScriptingClass (47ms)
	initialDomainReloadingComplete (107ms)
	LoadAllAssembliesAndSetupDomain (286ms)
		LoadAssemblies (378ms)
		RebuildTransferFunctionScriptingTraits (0ms)
		AnalyzeDomain (283ms)
			TypeCache.Refresh (280ms)
				TypeCache.ScanAssembly (244ms)
			ScanForSourceGeneratedMonoScriptInfo (2ms)
			ResolveRequiredComponents (1ms)
	FinalizeReload (590ms)
		ReleaseScriptCaches (0ms)
		RebuildScriptCaches (0ms)
		SetupLoadedEditorAssemblies (470ms)
			LogAssemblyErrors (0ms)
			InitializePlatformSupportModulesInManaged (17ms)
			SetLoadedEditorAssemblies (15ms)
			RefreshPlugins (0ms)
			BeforeProcessingInitializeOnLoad (4ms)
			ProcessInitializeOnLoadAttributes (330ms)
			ProcessInitializeOnLoadMethodAttributes (104ms)
			AfterProcessingInitializeOnLoad (0ms)
			EditorAssembliesLoaded (0ms)
		ExecutionOrderSort2 (0ms)
		AwakeInstancesAfterBackupRestoration (0ms)
========================================================================
Worker process is ready to serve import requests
Begin MonoManager ReloadAssembly
- Loaded All Assemblies, in  1.231 seconds
Refreshing native plugins compatible for Editor in 3.44 ms, found 3 plugins.
Native extension for WindowsStandalone target not found
Package Manager log level set to [2]
[Package Manager] Server::EnsureServerProcessIsRunning -- launch failed, reason: Unity was launched with the -noUpm command-line argument
[Package Manager] UpmClient::Send -- Unable to send message (not connected to UPM process).
[Package Manager] Cannot connect to Unity Package Manager local server
Mono: successfully reloaded assembly
- Finished resetting the current domain, in  1.134 seconds
Domain Reload Profiling: 2361ms
	BeginReloadAssembly (263ms)
		ExecutionOrderSort (0ms)
		DisableScriptedObjects (11ms)
		BackupInstance (0ms)
		ReleaseScriptingObjects (0ms)
		CreateAndSetChildDomain (35ms)
	RebuildCommonClasses (65ms)
	RebuildNativeTypeToScriptingClass (26ms)
	initialDomainReloadingComplete (72ms)
	LoadAllAssembliesAndSetupDomain (800ms)
		LoadAssemblies (534ms)
		RebuildTransferFunctionScriptingTraits (0ms)
		AnalyzeDomain (413ms)
			TypeCache.Refresh (354ms)
				TypeCache.ScanAssembly (329ms)
			ScanForSourceGeneratedMonoScriptInfo (30ms)
			ResolveRequiredComponents (27ms)
	FinalizeReload (1135ms)
		ReleaseScriptCaches (0ms)
		RebuildScriptCaches (0ms)
		SetupLoadedEditorAssemblies (804ms)
			LogAssemblyErrors (0ms)
			InitializePlatformSupportModulesInManaged (12ms)
			SetLoadedEditorAssemblies (13ms)
			RefreshPlugins (0ms)
			BeforeProcessingInitializeOnLoad (112ms)
			ProcessInitializeOnLoadAttributes (618ms)
			ProcessInitializeOnLoadMethodAttributes (41ms)
			AfterProcessingInitializeOnLoad (7ms)
			EditorAssembliesLoaded (0ms)
		ExecutionOrderSort2 (0ms)
		AwakeInstancesAfterBackupRestoration (12ms)
Launched and connected shader compiler UnityShaderCompiler.exe after 0.08 seconds
Refreshing native plugins compatible for Editor in 4.18 ms, found 3 plugins.
Preloading 0 native plugins for Editor in 0.00 ms.
Unloading 3274 Unused Serialized files (Serialized files now loaded: 0)
Unloading 45 unused Assets / (130.5 KB). Loaded Objects now: 3736.
Memory consumption went from 133.9 MB to 133.8 MB.
Total: 3.592700 ms (FindLiveObjects: 0.352000 ms CreateObjectMapping: 0.310100 ms MarkObjects: 2.797200 ms  DeleteObjects: 0.132200 ms)

AssetImportParameters requested are different than current active one (requested -> active):
  custom:container-demuxer-ogg: 62fdf1f143b41e24485cea50d1cbac27 -> 
  custom:video-decoder-ogg-theora: a1e56fd34408186e4bbccfd4996cb3dc -> 
  custom:framework-win-MediaFoundation: 216162199b28c13a410421893ffa2e32 -> 
  custom:CustomObjectIndexerAttribute: 6d391050e5a25f67b0a2c618074f2cd9 -> 
  custom:container-demuxer-webm: 4f35f7cbe854078d1ac9338744f61a02 -> 
  custom:container-muxer-webm: aa71ff27fc2769a1b78a27578f13a17b -> 
  custom:video-decoder-webm-vp8: 9c59270c3fd7afecdb556c50c9e8de78 -> 
  custom:SearchIndexIgnoredProperties: e643bd26f0fe6173181afceb89e7c659 -> 
  custom:AudioImporter_EditorPlatform: d09bf68614088b80899f8185d706f6e7 -> 
  custom:video-encoder-webm-vp8: eb34c28f22e8b96e1ab97ce403110664 -> 
  custom:audio-decoder-ogg-vorbis: bf7c407c2cedff20999df2af8eb42d56 -> 
  custom:audio-encoder-webm-vorbis: bf7c407c2cedff20999df2af8eb42d56 -> 
========================================================================
Received Import Request.
  Time since last request: 228633.899280 seconds.
  path: Assets/Models/Assets/fbx/dagger.fbx
  artifactKey: Guid(0e5eaeb4b9a8a9b468c3d6ca651feb75) Importer(815301076,1909f56bfc062723c751e8b465ee728b)
Start importing Assets/Models/Assets/fbx/dagger.fbx using Guid(0e5eaeb4b9a8a9b468c3d6ca651feb75) Importer(815301076,1909f56bfc062723c751e8b465ee728b)  -> (artifact id: 'ecbfd46b4195961e10eb7bf9ee7168d7') in 0.414139 seconds
Number of updated asset objects reloaded before import = 0
Number of asset objects unloaded after import = 9
========================================================================
Received Import Request.
  Time since last request: 0.000031 seconds.
  path: Assets/Models/Assets/fbx/axe_2handed.fbx
  artifactKey: Guid(3ce7d2bbd65946148bc05c0bbe120042) Importer(815301076,1909f56bfc062723c751e8b465ee728b)
Start importing Assets/Models/Assets/fbx/axe_2handed.fbx using Guid(3ce7d2bbd65946148bc05c0bbe120042) Importer(815301076,1909f56bfc062723c751e8b465ee728b)  -> (artifact id: 'bcb17fdd2de7977f69966d16d8ec53dd') in 0.042493 seconds
Number of updated asset objects reloaded before import = 0
Number of asset objects unloaded after import = 9
========================================================================
Received Import Request.
  Time since last request: 0.000032 seconds.
  path: Assets/Models/Characters/fbx/Barbarian.fbx
  artifactKey: Guid(abdefa733d3c5024b930007552e4f136) Importer(815301076,1909f56bfc062723c751e8b465ee728b)
Start importing Assets/Models/Characters/fbx/Barbarian.fbx using Guid(abdefa733d3c5024b930007552e4f136) Importer(815301076,1909f56bfc062723c751e8b465ee728b)  -> (artifact id: '6cb13d9e0940562de23dbd2b0901a6a6') in 0.239107 seconds
Number of updated asset objects reloaded before import = 0
Number of asset objects unloaded after import = 227
========================================================================
Received Import Request.
  Time since last request: 0.000023 seconds.
  path: Assets/modular_terrain_collection/Hilly_Prop_Hollow_Trunk.obj
  artifactKey: Guid(5e0858f9c41c419479641be2edd716ed) Importer(815301076,1909f56bfc062723c751e8b465ee728b)
Start importing Assets/modular_terrain_collection/Hilly_Prop_Hollow_Trunk.obj using Guid(5e0858f9c41c419479641be2edd716ed) Importer(815301076,1909f56bfc062723c751e8b465ee728b)  -> (artifact id: '01a36833825cd76c340c3b287f07e0a1') in 0.085864 seconds
Number of updated asset objects reloaded before import = 0
Number of asset objects unloaded after import = 21
========================================================================
Received Import Request.
  Time since last request: 0.000030 seconds.
  path: Assets/modular_terrain_collection/Hilly_Prop_Bush_2.obj
  artifactKey: Guid(5c34f1c70d6e2ba49807469ed686364b) Importer(815301076,1909f56bfc062723c751e8b465ee728b)
Start importing Assets/modular_terrain_collection/Hilly_Prop_Bush_2.obj using Guid(5c34f1c70d6e2ba49807469ed686364b) Importer(815301076,1909f56bfc062723c751e8b465ee728b)  -> (artifact id: '47e90f32dec5b3b137010053bfd5c7f3') in 0.041594 seconds
Number of updated asset objects reloaded before import = 0
Number of asset objects unloaded after import = 10
========================================================================
Received Import Request.
  Time since last request: 0.000018 seconds.
  path: Assets/Models/Assets/fbx/arrow.fbx
  artifactKey: Guid(4ecc62ea3d223094aa45c4df9fcf3402) Importer(815301076,1909f56bfc062723c751e8b465ee728b)
Start importing Assets/Models/Assets/fbx/arrow.fbx using Guid(4ecc62ea3d223094aa45c4df9fcf3402) Importer(815301076,1909f56bfc062723c751e8b465ee728b)  -> (artifact id: '62f6375c7184878d382538be7c318298') in 0.038989 seconds
Number of updated asset objects reloaded before import = 0
Number of asset objects unloaded after import = 9
========================================================================
Received Import Request.
  Time since last request: 0.000026 seconds.
  path: Assets/modular_terrain_collection/Hilly_Prop_Fence_Curve_1x1.obj
  artifactKey: Guid(81b93d8c213873440bde399c716137b7) Importer(815301076,1909f56bfc062723c751e8b465ee728b)
Start importing Assets/modular_terrain_collection/Hilly_Prop_Fence_Curve_1x1.obj using Guid(81b93d8c213873440bde399c716137b7) Importer(815301076,1909f56bfc062723c751e8b465ee728b)  -> (artifact id: '191ead52e9e572a23406ebf994de5052') in 0.136174 seconds
Number of updated asset objects reloaded before import = 0
Number of asset objects unloaded after import = 41
========================================================================
Received Import Request.
  Time since last request: 0.000025 seconds.
  path: Assets/modular_terrain_collection/Hilly_Prop_Fence_Curve_2x2.obj
  artifactKey: Guid(669cc7f54439822498bf6c71fc9d535a) Importer(815301076,1909f56bfc062723c751e8b465ee728b)
Start importing Assets/modular_terrain_collection/Hilly_Prop_Fence_Curve_2x2.obj using Guid(669cc7f54439822498bf6c71fc9d535a) Importer(815301076,1909f56bfc062723c751e8b465ee728b)  -> (artifact id: 'fc0ebde8b39b970fb2567c76ac305999') in 0.183345 seconds
Number of updated asset objects reloaded before import = 0
Number of asset objects unloaded after import = 56
========================================================================
Received Import Request.
  Time since last request: 0.000027 seconds.
  path: Assets/modular_terrain_collection/Hilly_Prop_Flower_Daisy.obj
  artifactKey: Guid(23e78c73f0f11e540b4a378950508a4e) Importer(815301076,1909f56bfc062723c751e8b465ee728b)
Start importing Assets/modular_terrain_collection/Hilly_Prop_Flower_Daisy.obj using Guid(23e78c73f0f11e540b4a378950508a4e) Importer(815301076,1909f56bfc062723c751e8b465ee728b)  -> (artifact id: '9551e339dce359e184ab025c5b6d8c6e') in 0.105812 seconds
Number of updated asset objects reloaded before import = 0
Number of asset objects unloaded after import = 32
========================================================================
Received Import Request.
  Time since last request: 0.000058 seconds.
  path: Assets/modular_terrain_collection/Hilly_Prop_Rock_1.obj
  artifactKey: Guid(f3c230b2e5b68a74d82c9ff8d947e2ae) Importer(815301076,1909f56bfc062723c751e8b465ee728b)
Start importing Assets/modular_terrain_collection/Hilly_Prop_Rock_1.obj using Guid(f3c230b2e5b68a74d82c9ff8d947e2ae) Importer(815301076,1909f56bfc062723c751e8b465ee728b)  -> (artifact id: '4a2c592e3458be40e52f45946d908097') in 0.158370 seconds
Number of updated asset objects reloaded before import = 0
Number of asset objects unloaded after import = 10
========================================================================
Received Import Request.
  Time since last request: 0.000024 seconds.
  path: Assets/modular_terrain_collection/Hilly_Prop_Flower_Tulip.obj
  artifactKey: Guid(0f6e25118da4bfd439d1285e43d6d59d) Importer(815301076,1909f56bfc062723c751e8b465ee728b)
Start importing Assets/modular_terrain_collection/Hilly_Prop_Flower_Tulip.obj using Guid(0f6e25118da4bfd439d1285e43d6d59d) Importer(815301076,1909f56bfc062723c751e8b465ee728b)  -> (artifact id: '0621cee7642b7f0b05b9ac098ec4c391') in 0.190206 seconds
Number of updated asset objects reloaded before import = 0
Number of asset objects unloaded after import = 62
========================================================================
Received Import Request.
  Time since last request: 0.000049 seconds.
  path: Assets/modular_terrain_collection/Hilly_Prop_Fence_Hill_Sharp.obj
  artifactKey: Guid(a192ae0663f0a9e4e94893d1dc398ff6) Importer(815301076,1909f56bfc062723c751e8b465ee728b)
Start importing Assets/modular_terrain_collection/Hilly_Prop_Fence_Hill_Sharp.obj using Guid(a192ae0663f0a9e4e94893d1dc398ff6) Importer(815301076,1909f56bfc062723c751e8b465ee728b)  -> (artifact id: 'f64c5ed6f1ada59203416b8008f1c28c') in 0.163057 seconds
Number of updated asset objects reloaded before import = 0
Number of asset objects unloaded after import = 41
========================================================================
Received Import Request.
  Time since last request: 0.000022 seconds.
  path: Assets/modular_terrain_collection/Hilly_Prop_Bush_3.obj
  artifactKey: Guid(713d7100eb4315d4c9c94aa24f90d7e5) Importer(815301076,1909f56bfc062723c751e8b465ee728b)
Start importing Assets/modular_terrain_collection/Hilly_Prop_Bush_3.obj using Guid(713d7100eb4315d4c9c94aa24f90d7e5) Importer(815301076,1909f56bfc062723c751e8b465ee728b)  -> (artifact id: 'c67972592912d94ec6a66c06dd0b91da') in 0.053638 seconds
Number of updated asset objects reloaded before import = 0
Number of asset objects unloaded after import = 10
========================================================================
Received Import Request.
  Time since last request: 0.000028 seconds.
  path: Assets/modular_terrain_collection/Hilly_Prop_Grass_Clump_3.obj
  artifactKey: Guid(1542c05678cc7bd40be266127e11b55b) Importer(815301076,1909f56bfc062723c751e8b465ee728b)
Start importing Assets/modular_terrain_collection/Hilly_Prop_Grass_Clump_3.obj using Guid(1542c05678cc7bd40be266127e11b55b) Importer(815301076,1909f56bfc062723c751e8b465ee728b)  -> (artifact id: '1ce4ca949e83d36d347f82d23d485b69') in 0.081953 seconds
Number of updated asset objects reloaded before import = 0
Number of asset objects unloaded after import = 30
========================================================================
Received Import Request.
  Time since last request: 0.000134 seconds.
  path: Assets/modular_terrain_collection/Hilly_Prop_Ruins_Pillar_4.obj
  artifactKey: Guid(c70cb060da8b5f745ba582d85c4267bf) Importer(815301076,1909f56bfc062723c751e8b465ee728b)
Start importing Assets/modular_terrain_collection/Hilly_Prop_Ruins_Pillar_4.obj using Guid(c70cb060da8b5f745ba582d85c4267bf) Importer(815301076,1909f56bfc062723c751e8b465ee728b)  -> (artifact id: '4521b74110e05659ee25d8b4d1ed91db') in 0.051333 seconds
Number of updated asset objects reloaded before import = 0
Number of asset objects unloaded after import = 15
========================================================================
Received Import Request.
  Time since last request: 0.000025 seconds.
  path: Assets/modular_terrain_collection/Hilly_Prop_Stepping_Stones_3.obj
  artifactKey: Guid(4cbab3e0f0da8024b85b35ca58fec2ff) Importer(815301076,1909f56bfc062723c751e8b465ee728b)
Start importing Assets/modular_terrain_collection/Hilly_Prop_Stepping_Stones_3.obj using Guid(4cbab3e0f0da8024b85b35ca58fec2ff) Importer(815301076,1909f56bfc062723c751e8b465ee728b)  -> (artifact id: '7a4dfb22c5faf585bb60c87c9477f112') in 0.048948 seconds
Number of updated asset objects reloaded before import = 0
Number of asset objects unloaded after import = 10
========================================================================
Received Import Request.
  Time since last request: 0.000278 seconds.
  path: Assets/modular_terrain_collection/Hilly_Prop_Stepping_Stones_1.obj
  artifactKey: Guid(287adb33e933f064d918895c10f83758) Importer(815301076,1909f56bfc062723c751e8b465ee728b)
Start importing Assets/modular_terrain_collection/Hilly_Prop_Stepping_Stones_1.obj using Guid(287adb33e933f064d918895c10f83758) Importer(815301076,1909f56bfc062723c751e8b465ee728b)  -> (artifact id: '8e3713260c7d258760ef61a3fc16b8bb') in 0.039200 seconds
Number of updated asset objects reloaded before import = 0
Number of asset objects unloaded after import = 10
========================================================================
Received Import Request.
  Time since last request: 0.000089 seconds.
  path: Assets/modular_terrain_collection/Hilly_Prop_Stepping_Stones_5.obj
  artifactKey: Guid(372f6eb6a3be4d6459b41009a9857fbd) Importer(815301076,1909f56bfc062723c751e8b465ee728b)
Start importing Assets/modular_terrain_collection/Hilly_Prop_Stepping_Stones_5.obj using Guid(372f6eb6a3be4d6459b41009a9857fbd) Importer(815301076,1909f56bfc062723c751e8b465ee728b)  -> (artifact id: 'd3120234a8863eecb925440cb92ac5a7') in 0.039611 seconds
Number of updated asset objects reloaded before import = 0
Number of asset objects unloaded after import = 10
========================================================================
Received Import Request.
  Time since last request: 0.000315 seconds.
  path: Assets/modular_terrain_collection/Hilly_Prop_Stump.obj
  artifactKey: Guid(dcedd5240092eac40af3636fa9e1398a) Importer(815301076,1909f56bfc062723c751e8b465ee728b)
Start importing Assets/modular_terrain_collection/Hilly_Prop_Stump.obj using Guid(dcedd5240092eac40af3636fa9e1398a) Importer(815301076,1909f56bfc062723c751e8b465ee728b)  -> (artifact id: 'a1a8d47e2ebf1c8953da14e8494321fb') in 0.051462 seconds
Number of updated asset objects reloaded before import = 0
Number of asset objects unloaded after import = 11
========================================================================
Received Import Request.
  Time since last request: 0.000023 seconds.
  path: Assets/modular_terrain_collection/Hilly_Prop_Stepping_Stones_4.obj
  artifactKey: Guid(55d7ee366b852c34baf22cb29b7452f4) Importer(815301076,1909f56bfc062723c751e8b465ee728b)
Start importing Assets/modular_terrain_collection/Hilly_Prop_Stepping_Stones_4.obj using Guid(55d7ee366b852c34baf22cb29b7452f4) Importer(815301076,1909f56bfc062723c751e8b465ee728b)  -> (artifact id: '5d4c9a254d992c4884980cd50bd4ae2a') in 0.050971 seconds
Number of updated asset objects reloaded before import = 0
Number of asset objects unloaded after import = 15
========================================================================
Received Import Request.
  Time since last request: 0.000027 seconds.
  path: Assets/Models/Assets/fbx/arrow_bundle.fbx
  artifactKey: Guid(9edf115d24f516243b04281521e0c53e) Importer(815301076,1909f56bfc062723c751e8b465ee728b)
Start importing Assets/Models/Assets/fbx/arrow_bundle.fbx using Guid(9edf115d24f516243b04281521e0c53e) Importer(815301076,1909f56bfc062723c751e8b465ee728b)  -> (artifact id: '356646eaa5b0495ba78ebd2ed64281e0') in 0.036406 seconds
Number of updated asset objects reloaded before import = 0
Number of asset objects unloaded after import = 9
========================================================================
Received Import Request.
  Time since last request: 0.000024 seconds.
  path: Assets/modular_terrain_collection/Hilly_Prop_Grass_Clump_1.obj
  artifactKey: Guid(d3d99ce32f9f3184a962190e45f8f661) Importer(815301076,1909f56bfc062723c751e8b465ee728b)
Start importing Assets/modular_terrain_collection/Hilly_Prop_Grass_Clump_1.obj using Guid(d3d99ce32f9f3184a962190e45f8f661) Importer(815301076,1909f56bfc062723c751e8b465ee728b)  -> (artifact id: 'e01f16b634ce903321947c9831b57737') in 0.062920 seconds
Number of updated asset objects reloaded before import = 0
Number of asset objects unloaded after import = 20
========================================================================
Received Import Request.
  Time since last request: 0.174551 seconds.
  path: Assets/modular_terrain_collection/Hilly_Prop_Tree_Cedar_2.obj
  artifactKey: Guid(3cebcd3e93160e64f81568f7757089ac) Importer(815301076,1909f56bfc062723c751e8b465ee728b)
Start importing Assets/modular_terrain_collection/Hilly_Prop_Tree_Cedar_2.obj using Guid(3cebcd3e93160e64f81568f7757089ac) Importer(815301076,1909f56bfc062723c751e8b465ee728b)  -> (artifact id: 'fc4413c1ca4914125f928cfa4e0049b5') in 0.058649 seconds
Number of updated asset objects reloaded before import = 0
Number of asset objects unloaded after import = 16
========================================================================
Received Import Request.
  Time since last request: 0.000041 seconds.
  path: Assets/modular_terrain_collection/Hilly_Prop_Tree_Oak_1.obj
  artifactKey: Guid(94cfbeb6f15b9d942890e260420903ce) Importer(815301076,1909f56bfc062723c751e8b465ee728b)
Start importing Assets/modular_terrain_collection/Hilly_Prop_Tree_Oak_1.obj using Guid(94cfbeb6f15b9d942890e260420903ce) Importer(815301076,1909f56bfc062723c751e8b465ee728b)  -> (artifact id: 'e80d9fcdec38d9fb2353f43eee2e8bc1') in 0.058731 seconds
Number of updated asset objects reloaded before import = 0
Number of asset objects unloaded after import = 16
========================================================================
Received Import Request.
  Time since last request: 0.000025 seconds.
  path: Assets/modular_terrain_collection/Hilly_Prop_Tree_Pine_3.obj
  artifactKey: Guid(0f566f51dfa5999408c404780dc64d12) Importer(815301076,1909f56bfc062723c751e8b465ee728b)
Start importing Assets/modular_terrain_collection/Hilly_Prop_Tree_Pine_3.obj using Guid(0f566f51dfa5999408c404780dc64d12) Importer(815301076,1909f56bfc062723c751e8b465ee728b)  -> (artifact id: '3a61413da874d2e999b7437594738d75') in 0.101942 seconds
Number of updated asset objects reloaded before import = 0
Number of asset objects unloaded after import = 26
========================================================================
Received Import Request.
  Time since last request: 0.000019 seconds.
  path: Assets/modular_terrain_collection/Hilly_Prop_Tree_Oak_4.obj
  artifactKey: Guid(1875836ce980f8c42970ba12d553daba) Importer(815301076,1909f56bfc062723c751e8b465ee728b)
Start importing Assets/modular_terrain_collection/Hilly_Prop_Tree_Oak_4.obj using Guid(1875836ce980f8c42970ba12d553daba) Importer(815301076,1909f56bfc062723c751e8b465ee728b)  -> (artifact id: '0757b28a9b4752eea94918c3f0fb93ff') in 0.100236 seconds
Number of updated asset objects reloaded before import = 0
Number of asset objects unloaded after import = 26
========================================================================
Received Import Request.
  Time since last request: 0.000145 seconds.
  path: Assets/modular_terrain_collection/Hilly_Prop_Tree_Oak_2.obj
  artifactKey: Guid(0471b320fc935604881254395b95ff54) Importer(815301076,1909f56bfc062723c751e8b465ee728b)
Start importing Assets/modular_terrain_collection/Hilly_Prop_Tree_Oak_2.obj using Guid(0471b320fc935604881254395b95ff54) Importer(815301076,1909f56bfc062723c751e8b465ee728b)  -> (artifact id: '1bb937cc643915ef6b73140253793850') in 0.061391 seconds
Number of updated asset objects reloaded before import = 0
Number of asset objects unloaded after import = 16
========================================================================
Received Import Request.
  Time since last request: 0.000023 seconds.
  path: Assets/modular_terrain_collection/Hilly_Terrain_Grass_Floor.obj
  artifactKey: Guid(09eacd3a0f4da36408148453e61729dc) Importer(815301076,1909f56bfc062723c751e8b465ee728b)
Start importing Assets/modular_terrain_collection/Hilly_Terrain_Grass_Floor.obj using Guid(09eacd3a0f4da36408148453e61729dc) Importer(815301076,1909f56bfc062723c751e8b465ee728b)  -> (artifact id: '99da3f5126fe6826845a4d6e9b2456ad') in 0.034212 seconds
Number of updated asset objects reloaded before import = 0
Number of asset objects unloaded after import = 10
========================================================================
Received Import Request.
  Time since last request: 0.161948 seconds.
  path: Assets/modular_terrain_collection/Hilly_Terrain_Hill_Corner_Outer_3x3.obj
  artifactKey: Guid(b12f2defeba8ee946a53f5b1d333d585) Importer(815301076,1909f56bfc062723c751e8b465ee728b)
Start importing Assets/modular_terrain_collection/Hilly_Terrain_Hill_Corner_Outer_3x3.obj using Guid(b12f2defeba8ee946a53f5b1d333d585) Importer(815301076,1909f56bfc062723c751e8b465ee728b)  -> (artifact id: 'a7bc09ccce0eb85448088751c7fd98e3') in 0.047718 seconds
Number of updated asset objects reloaded before import = 0
Number of asset objects unloaded after import = 10
========================================================================
Received Import Request.
  Time since last request: 0.000025 seconds.
  path: Assets/modular_terrain_collection/Hilly_Terrain_Hill_Side_Overlap_Side.obj
  artifactKey: Guid(e305d5258573c70499ab6f7b829066ec) Importer(815301076,1909f56bfc062723c751e8b465ee728b)
Start importing Assets/modular_terrain_collection/Hilly_Terrain_Hill_Side_Overlap_Side.obj using Guid(e305d5258573c70499ab6f7b829066ec) Importer(815301076,1909f56bfc062723c751e8b465ee728b)  -> (artifact id: '498afcb70febee3bc20d8c1a994b9dc7') in 0.036581 seconds
Number of updated asset objects reloaded before import = 0
Number of asset objects unloaded after import = 10
========================================================================
Received Import Request.
  Time since last request: 0.265421 seconds.
  path: Assets/modular_terrain_collection/Hilly_Terrain_Hill_Side_Shift_Sharp.obj
  artifactKey: Guid(ce499489b88537c449041fb7f4d8f3e8) Importer(815301076,1909f56bfc062723c751e8b465ee728b)
Start importing Assets/modular_terrain_collection/Hilly_Terrain_Hill_Side_Shift_Sharp.obj using Guid(ce499489b88537c449041fb7f4d8f3e8) Importer(815301076,1909f56bfc062723c751e8b465ee728b)  -> (artifact id: '258f5790f336d0212452f42f570487c2') in 0.037519 seconds
Number of updated asset objects reloaded before import = 0
Number of asset objects unloaded after import = 10
========================================================================
Received Import Request.
  Time since last request: 0.000018 seconds.
  path: Assets/modular_terrain_collection/Hilly_Terrain_Hill_Transition_Gentle_Sharp_Flush_Crest.obj
  artifactKey: Guid(045c4dbe55132eb41bc34e5af619bc2f) Importer(815301076,1909f56bfc062723c751e8b465ee728b)
Start importing Assets/modular_terrain_collection/Hilly_Terrain_Hill_Transition_Gentle_Sharp_Flush_Crest.obj using Guid(045c4dbe55132eb41bc34e5af619bc2f) Importer(815301076,1909f56bfc062723c751e8b465ee728b)  -> (artifact id: '96088f6bc99b32ffaf8d13267ed307c7') in 0.040195 seconds
Number of updated asset objects reloaded before import = 0
Number of asset objects unloaded after import = 10
========================================================================
Received Import Request.
  Time since last request: 0.000024 seconds.
  path: Assets/modular_terrain_collection/Hilly_Terrain_Path_Corner_Inner_2x2.obj
  artifactKey: Guid(b59e7c0abae690d409c21ec470c25630) Importer(815301076,1909f56bfc062723c751e8b465ee728b)
Start importing Assets/modular_terrain_collection/Hilly_Terrain_Path_Corner_Inner_2x2.obj using Guid(b59e7c0abae690d409c21ec470c25630) Importer(815301076,1909f56bfc062723c751e8b465ee728b)  -> (artifact id: '2a41473b7e949635adac6a9d7e428a08') in 0.051174 seconds
Number of updated asset objects reloaded before import = 0
Number of asset objects unloaded after import = 11
========================================================================
Received Import Request.
  Time since last request: 0.000020 seconds.
  path: Assets/modular_terrain_collection/Hilly_Terrain_Path_Corner_Inner_3x3.obj
  artifactKey: Guid(d9060f0d1a98045488a6642174bbf966) Importer(815301076,1909f56bfc062723c751e8b465ee728b)
Start importing Assets/modular_terrain_collection/Hilly_Terrain_Path_Corner_Inner_3x3.obj using Guid(d9060f0d1a98045488a6642174bbf966) Importer(815301076,1909f56bfc062723c751e8b465ee728b)  -> (artifact id: 'd2edbf8bdb7f006a91f69ba677a12db5') in 0.041234 seconds
Number of updated asset objects reloaded before import = 0
Number of asset objects unloaded after import = 11
========================================================================
Received Import Request.
  Time since last request: 0.315306 seconds.
  path: Assets/modular_terrain_collection/Hilly_Terrain_Path_Corner_Y_2x2.obj
  artifactKey: Guid(a0e3d19494abf9f40a5041cb60b99c4c) Importer(815301076,1909f56bfc062723c751e8b465ee728b)
Start importing Assets/modular_terrain_collection/Hilly_Terrain_Path_Corner_Y_2x2.obj using Guid(a0e3d19494abf9f40a5041cb60b99c4c) Importer(815301076,1909f56bfc062723c751e8b465ee728b)  -> (artifact id: '114ec04d63b406c46ab9bdf4aa041472') in 0.092884 seconds
Number of updated asset objects reloaded before import = 0
Number of asset objects unloaded after import = 11
========================================================================
Received Import Request.
  Time since last request: 0.000025 seconds.
  path: Assets/modular_terrain_collection/Hilly_Terrain_Path_Esse_2x3.obj
  artifactKey: Guid(e46a79a871b7449418d0e1b95b49abf6) Importer(815301076,1909f56bfc062723c751e8b465ee728b)
Start importing Assets/modular_terrain_collection/Hilly_Terrain_Path_Esse_2x3.obj using Guid(e46a79a871b7449418d0e1b95b49abf6) Importer(815301076,1909f56bfc062723c751e8b465ee728b)  -> (artifact id: '4032e9d8e4d6d189796e9a9a6cbe0316') in 0.039313 seconds
Number of updated asset objects reloaded before import = 0
Number of asset objects unloaded after import = 11
========================================================================
Received Import Request.
  Time since last request: 0.123436 seconds.
  path: Assets/modular_terrain_collection/Hilly_Terrain_Path_Hill_Sharp_Plain_Side.obj
  artifactKey: Guid(4810bcfd6fb94814faa6b6c7b0573ea7) Importer(815301076,1909f56bfc062723c751e8b465ee728b)
Start importing Assets/modular_terrain_collection/Hilly_Terrain_Path_Hill_Sharp_Plain_Side.obj using Guid(4810bcfd6fb94814faa6b6c7b0573ea7) Importer(815301076,1909f56bfc062723c751e8b465ee728b)  -> (artifact id: 'cde1423ec7b190dad64933d8d04f6745') in 0.081027 seconds
Number of updated asset objects reloaded before import = 0
Number of asset objects unloaded after import = 11
========================================================================
Received Import Request.
  Time since last request: 0.000363 seconds.
  path: Assets/Models/Characters/fbx/Knight.fbx
  artifactKey: Guid(9e604ad77966a4347a9bc5f6088966fb) Importer(815301076,1909f56bfc062723c751e8b465ee728b)
Start importing Assets/Models/Characters/fbx/Knight.fbx using Guid(9e604ad77966a4347a9bc5f6088966fb) Importer(815301076,1909f56bfc062723c751e8b465ee728b)  -> (artifact id: 'a16595521e9e41e7dbc5aac746213638') in 0.303371 seconds
Number of updated asset objects reloaded before import = 0
Number of asset objects unloaded after import = 235
========================================================================
Received Import Request.
  Time since last request: 0.000027 seconds.
  path: Assets/modular_terrain_collection/Hilly_Terrain_Path_Hill_Sharp_Steps_Side.obj
  artifactKey: Guid(d4bd98028bc8aaa4fb9cb0064ae67a70) Importer(815301076,1909f56bfc062723c751e8b465ee728b)
Start importing Assets/modular_terrain_collection/Hilly_Terrain_Path_Hill_Sharp_Steps_Side.obj using Guid(d4bd98028bc8aaa4fb9cb0064ae67a70) Importer(815301076,1909f56bfc062723c751e8b465ee728b)  -> (artifact id: '8a146deee22283ddcc782b3a8fa79fed') in 0.059893 seconds
Number of updated asset objects reloaded before import = 0
Number of asset objects unloaded after import = 13
========================================================================
Received Import Request.
  Time since last request: 3.912562 seconds.
  path: Assets/Models/Characters/fbx/Rogue.fbx
  artifactKey: Guid(c6c6ebefaa8524647aee8a16e86b6209) Importer(815301076,1909f56bfc062723c751e8b465ee728b)
Start importing Assets/Models/Characters/fbx/Rogue.fbx using Guid(c6c6ebefaa8524647aee8a16e86b6209) Importer(815301076,1909f56bfc062723c751e8b465ee728b)  -> (artifact id: 'c2ae2c32ecb31b0256213d23a57d010d') in 0.259739 seconds
Number of updated asset objects reloaded before import = 0
Number of asset objects unloaded after import = 220
========================================================================
Received Import Request.
  Time since last request: 0.000021 seconds.
  path: Assets/modular_terrain_collection/Shared_Terrain_Dirt_Gathered_Straight.obj
  artifactKey: Guid(7716d18616f7abc4683309d85f77f37f) Importer(815301076,1909f56bfc062723c751e8b465ee728b)
Start importing Assets/modular_terrain_collection/Shared_Terrain_Dirt_Gathered_Straight.obj using Guid(7716d18616f7abc4683309d85f77f37f) Importer(815301076,1909f56bfc062723c751e8b465ee728b)  -> (artifact id: 'f14f5786df234b1b101f9e7e05b82bed') in 0.049008 seconds
Number of updated asset objects reloaded before import = 0
Number of asset objects unloaded after import = 10
========================================================================
Received Import Request.
  Time since last request: 0.000033 seconds.
  path: Assets/Models/assets 1/fbx(unity)/Skeleton_Arrow.fbx
  artifactKey: Guid(8945c72210160f54ba9cb9372a8c8714) Importer(815301076,1909f56bfc062723c751e8b465ee728b)
Start importing Assets/Models/assets 1/fbx(unity)/Skeleton_Arrow.fbx using Guid(8945c72210160f54ba9cb9372a8c8714) Importer(815301076,1909f56bfc062723c751e8b465ee728b)  -> (artifact id: '4a83590123183b54ca0f02b65a60130b') in 0.034174 seconds
Number of updated asset objects reloaded before import = 0
Number of asset objects unloaded after import = 9
========================================================================
Received Import Request.
  Time since last request: 0.000026 seconds.
  path: Assets/Models/Assets/fbx/shield_spikes_color.fbx
  artifactKey: Guid(b1da5380fd6722b479294909f4e6adc4) Importer(815301076,1909f56bfc062723c751e8b465ee728b)
Start importing Assets/Models/Assets/fbx/shield_spikes_color.fbx using Guid(b1da5380fd6722b479294909f4e6adc4) Importer(815301076,1909f56bfc062723c751e8b465ee728b)  -> (artifact id: '8e5112c3ebe721dbfdfb456a7a639975') in 0.038763 seconds
Number of updated asset objects reloaded before import = 0
Number of asset objects unloaded after import = 9
========================================================================
Received Import Request.
  Time since last request: 0.000021 seconds.
  path: Assets/Models/Assets/fbx/shield_round.fbx
  artifactKey: Guid(e48dedbd7f3670d4db2a5880601ab373) Importer(815301076,1909f56bfc062723c751e8b465ee728b)
Start importing Assets/Models/Assets/fbx/shield_round.fbx using Guid(e48dedbd7f3670d4db2a5880601ab373) Importer(815301076,1909f56bfc062723c751e8b465ee728b)  -> (artifact id: 'c8443c78d6272b52c1662e836cde6703') in 0.041348 seconds
Number of updated asset objects reloaded before import = 0
Number of asset objects unloaded after import = 9
========================================================================
Received Import Request.
  Time since last request: 0.000057 seconds.
  path: Assets/Models/Assets/fbx/shield_round_color.fbx
  artifactKey: Guid(4e415569d2d666e488c8d023c5eac676) Importer(815301076,1909f56bfc062723c751e8b465ee728b)
Start importing Assets/Models/Assets/fbx/shield_round_color.fbx using Guid(4e415569d2d666e488c8d023c5eac676) Importer(815301076,1909f56bfc062723c751e8b465ee728b)  -> (artifact id: 'e8ac9aece4c1b1b7f0f19df164181600') in 0.038146 seconds
Number of updated asset objects reloaded before import = 0
Number of asset objects unloaded after import = 9
========================================================================
Received Import Request.
  Time since last request: 0.000028 seconds.
  path: Assets/modular_terrain_collection/Shared_Prop_Boulder_6.obj
  artifactKey: Guid(ddbd1729ccf260a40bea6e94bb202ce2) Importer(815301076,1909f56bfc062723c751e8b465ee728b)
Start importing Assets/modular_terrain_collection/Shared_Prop_Boulder_6.obj using Guid(ddbd1729ccf260a40bea6e94bb202ce2) Importer(815301076,1909f56bfc062723c751e8b465ee728b)  -> (artifact id: 'f95579ae55d0969ff1dee67557f14e23') in 0.038143 seconds
Number of updated asset objects reloaded before import = 0
Number of asset objects unloaded after import = 10
========================================================================
Received Import Request.
  Time since last request: 0.000017 seconds.
  path: Assets/Models/assets 1/fbx(unity)/Skeleton_Arrow_Broken.fbx
  artifactKey: Guid(52b5efec7e49ea34dbe0f79450b1faf5) Importer(815301076,1909f56bfc062723c751e8b465ee728b)
Start importing Assets/Models/assets 1/fbx(unity)/Skeleton_Arrow_Broken.fbx using Guid(52b5efec7e49ea34dbe0f79450b1faf5) Importer(815301076,1909f56bfc062723c751e8b465ee728b)  -> (artifact id: 'cc643a12d846e16a7322b180d17a01ec') in 0.029273 seconds
Number of updated asset objects reloaded before import = 0
Number of asset objects unloaded after import = 9
========================================================================
Received Import Request.
  Time since last request: 0.434851 seconds.
  path: Assets/Models/assets 1/fbx/Skeleton_Arrow_Broken_Half.fbx
  artifactKey: Guid(95a3db4cabc87ed45854085c45f55332) Importer(815301076,1909f56bfc062723c751e8b465ee728b)
Start importing Assets/Models/assets 1/fbx/Skeleton_Arrow_Broken_Half.fbx using Guid(95a3db4cabc87ed45854085c45f55332) Importer(815301076,1909f56bfc062723c751e8b465ee728b)  -> (artifact id: '358134c326151b56faae2b87532b2bf9') in 0.026395 seconds
Number of updated asset objects reloaded before import = 0
Number of asset objects unloaded after import = 9
========================================================================
Received Import Request.
  Time since last request: 0.000034 seconds.
  path: Assets/Models/assets 1/obj/Skeleton_Arrow_Half.obj
  artifactKey: Guid(660c8c1750e17db4f88e60589758a591) Importer(815301076,1909f56bfc062723c751e8b465ee728b)
Start importing Assets/Models/assets 1/obj/Skeleton_Arrow_Half.obj using Guid(660c8c1750e17db4f88e60589758a591) Importer(815301076,1909f56bfc062723c751e8b465ee728b)  -> (artifact id: '27f329bf937ee3a6f02636bf8619f6c4') in 0.042590 seconds
Number of updated asset objects reloaded before import = 0
Number of asset objects unloaded after import = 11
========================================================================
Received Import Request.
  Time since last request: 0.000019 seconds.
  path: Assets/Models/assets 1/fbx/Skeleton_Quiver.fbx
  artifactKey: Guid(7f99e29284d2b324c9fcec63b74ce38c) Importer(815301076,1909f56bfc062723c751e8b465ee728b)
Start importing Assets/Models/assets 1/fbx/Skeleton_Quiver.fbx using Guid(7f99e29284d2b324c9fcec63b74ce38c) Importer(815301076,1909f56bfc062723c751e8b465ee728b)  -> (artifact id: 'c0d9b39cb3263844ea2f15d06b37d58c') in 0.053929 seconds
Number of updated asset objects reloaded before import = 0
Number of asset objects unloaded after import = 9
========================================================================
Received Import Request.
  Time since last request: 0.000022 seconds.
  path: Assets/Models/assets 1/fbx(unity)/Skeleton_Axe.fbx
  artifactKey: Guid(b83454d7924b16b468e63eae3f8c2062) Importer(815301076,1909f56bfc062723c751e8b465ee728b)
Start importing Assets/Models/assets 1/fbx(unity)/Skeleton_Axe.fbx using Guid(b83454d7924b16b468e63eae3f8c2062) Importer(815301076,1909f56bfc062723c751e8b465ee728b)  -> (artifact id: 'cc0e3b195e5b9790d7bf956173655176') in 0.042642 seconds
Number of updated asset objects reloaded before import = 0
Number of asset objects unloaded after import = 9
========================================================================
Received Import Request.
  Time since last request: 0.000024 seconds.
  path: Assets/Models/characters 1/fbx/Skeleton_Rogue.fbx
  artifactKey: Guid(3f36e53cdb7b7914c86ab1bed8ebb260) Importer(815301076,1909f56bfc062723c751e8b465ee728b)
Start importing Assets/Models/characters 1/fbx/Skeleton_Rogue.fbx using Guid(3f36e53cdb7b7914c86ab1bed8ebb260) Importer(815301076,1909f56bfc062723c751e8b465ee728b)  -> (artifact id: '1c0c20cd28bfba27dbc6356d8146e567') in 0.368237 seconds
Number of updated asset objects reloaded before import = 0
Number of asset objects unloaded after import = 228
========================================================================
Received Import Request.
  Time since last request: 0.000039 seconds.
  path: Assets/Models/assets 1/fbx/Skeleton_Arrow_Half.fbx
  artifactKey: Guid(f362cfeecdf9c864dbd8ec11bd5e5f99) Importer(815301076,1909f56bfc062723c751e8b465ee728b)
Start importing Assets/Models/assets 1/fbx/Skeleton_Arrow_Half.fbx using Guid(f362cfeecdf9c864dbd8ec11bd5e5f99) Importer(815301076,1909f56bfc062723c751e8b465ee728b)  -> (artifact id: 'ee944dd7459c864ab9a5fd64585d3958') in 0.067310 seconds
Number of updated asset objects reloaded before import = 0
Number of asset objects unloaded after import = 9
========================================================================
Received Import Request.
  Time since last request: 0.000021 seconds.
  path: Assets/Models/assets 1/fbx(unity)/Skeleton_Crossbow.fbx
  artifactKey: Guid(6462f31a982f2614d858a5306c155d45) Importer(815301076,1909f56bfc062723c751e8b465ee728b)
Start importing Assets/Models/assets 1/fbx(unity)/Skeleton_Crossbow.fbx using Guid(6462f31a982f2614d858a5306c155d45) Importer(815301076,1909f56bfc062723c751e8b465ee728b)  -> (artifact id: '1a49e7c4abc2dafdcca790b4d31f71aa') in 0.032800 seconds
Number of updated asset objects reloaded before import = 0
Number of asset objects unloaded after import = 9
========================================================================
Received Import Request.
  Time since last request: 0.400225 seconds.
  path: Assets/Models/assets 1/obj/Skeleton_Shield_Large_B.obj
  artifactKey: Guid(d278827322047674e95662f9e94b7541) Importer(815301076,1909f56bfc062723c751e8b465ee728b)
Start importing Assets/Models/assets 1/obj/Skeleton_Shield_Large_B.obj using Guid(d278827322047674e95662f9e94b7541) Importer(815301076,1909f56bfc062723c751e8b465ee728b)  -> (artifact id: '4c21d94930adce601e6f386ef6585ffe') in 0.050094 seconds
Number of updated asset objects reloaded before import = 0
Number of asset objects unloaded after import = 11
========================================================================
Received Import Request.
  Time since last request: 0.000291 seconds.
  path: Assets/Models/assets 1/fbx(unity)/Skeleton_Shield_Small_A.fbx
  artifactKey: Guid(7930c028b6dfe3b4c892aeffd5f398b9) Importer(815301076,1909f56bfc062723c751e8b465ee728b)
Start importing Assets/Models/assets 1/fbx(unity)/Skeleton_Shield_Small_A.fbx using Guid(7930c028b6dfe3b4c892aeffd5f398b9) Importer(815301076,1909f56bfc062723c751e8b465ee728b)  -> (artifact id: 'ae921103e9b29e5bf863c77978db498f') in 0.038335 seconds
Number of updated asset objects reloaded before import = 0
Number of asset objects unloaded after import = 9
========================================================================
Received Import Request.
  Time since last request: 0.000024 seconds.
  path: Assets/Models/Assets/fbx/wand.fbx
  artifactKey: Guid(fe8d8c9c95dbe6f48af032236fb6a7a9) Importer(815301076,1909f56bfc062723c751e8b465ee728b)
Start importing Assets/Models/Assets/fbx/wand.fbx using Guid(fe8d8c9c95dbe6f48af032236fb6a7a9) Importer(815301076,1909f56bfc062723c751e8b465ee728b)  -> (artifact id: '0ef1b014ba7a7a712331e9ed555dcfbd') in 0.035819 seconds
Number of updated asset objects reloaded before import = 0
Number of asset objects unloaded after import = 9
========================================================================
Received Import Request.
  Time since last request: 0.000069 seconds.
  path: Assets/Models/Assets/fbx/sword_2handed_color.fbx
  artifactKey: Guid(16a4035501bc7b74ca5e8c9d03567ebd) Importer(815301076,1909f56bfc062723c751e8b465ee728b)
Start importing Assets/Models/Assets/fbx/sword_2handed_color.fbx using Guid(16a4035501bc7b74ca5e8c9d03567ebd) Importer(815301076,1909f56bfc062723c751e8b465ee728b)  -> (artifact id: '8dd87724340d35edbafec4313951ac62') in 0.040792 seconds
Number of updated asset objects reloaded before import = 0
Number of asset objects unloaded after import = 9
========================================================================
Received Import Request.
  Time since last request: 0.000023 seconds.
  path: Assets/Models/assets 1/fbx/Skeleton_Shield_Small_A.fbx
  artifactKey: Guid(2731c4d4d87792c4c9256575dfd703d6) Importer(815301076,1909f56bfc062723c751e8b465ee728b)
Start importing Assets/Models/assets 1/fbx/Skeleton_Shield_Small_A.fbx using Guid(2731c4d4d87792c4c9256575dfd703d6) Importer(815301076,1909f56bfc062723c751e8b465ee728b)  -> (artifact id: '7d786a788718a48db4d914473651b4d9') in 0.042596 seconds
Number of updated asset objects reloaded before import = 0
Number of asset objects unloaded after import = 9
========================================================================
Received Import Request.
  Time since last request: 0.000038 seconds.
  path: Assets/Models/Assets/fbx/spellbook_closed.fbx
  artifactKey: Guid(76d4cbea9755ff7408a1652eaba27b4a) Importer(815301076,1909f56bfc062723c751e8b465ee728b)
Start importing Assets/Models/Assets/fbx/spellbook_closed.fbx using Guid(76d4cbea9755ff7408a1652eaba27b4a) Importer(815301076,1909f56bfc062723c751e8b465ee728b)  -> (artifact id: 'cbb63cd2e95a6dd0aad7e100e5d02127') in 0.039208 seconds
Number of updated asset objects reloaded before import = 0
Number of asset objects unloaded after import = 9
========================================================================
Received Import Request.
  Time since last request: 0.000141 seconds.
  path: Assets/Models/assets 1/obj/Skeleton_Staff.obj
  artifactKey: Guid(e012ccc66043bc54da23e51a38aba9f8) Importer(815301076,1909f56bfc062723c751e8b465ee728b)
Start importing Assets/Models/assets 1/obj/Skeleton_Staff.obj using Guid(e012ccc66043bc54da23e51a38aba9f8) Importer(815301076,1909f56bfc062723c751e8b465ee728b)  -> (artifact id: '3e88b040732394096c7411071069b8cd') in 0.047176 seconds
Number of updated asset objects reloaded before import = 0
Number of asset objects unloaded after import = 11
========================================================================
Received Import Request.
  Time since last request: 0.000019 seconds.
  path: Assets/Models/assets 1/fbx(unity)/Skeleton_Shield_Small_B.fbx
  artifactKey: Guid(e49896e8baad4634fa59bf915b71b471) Importer(815301076,1909f56bfc062723c751e8b465ee728b)
Start importing Assets/Models/assets 1/fbx(unity)/Skeleton_Shield_Small_B.fbx using Guid(e49896e8baad4634fa59bf915b71b471) Importer(815301076,1909f56bfc062723c751e8b465ee728b)  -> (artifact id: '085a398de5c8ff1c7f3bbc5d356c2cce') in 0.039308 seconds
Number of updated asset objects reloaded before import = 0
Number of asset objects unloaded after import = 9
========================================================================
Received Import Request.
  Time since last request: 0.000068 seconds.
  path: Assets/Models/Assets/fbx/smokebomb.fbx
  artifactKey: Guid(cf09fd07477b6ef49a3b6bcc5d0621c9) Importer(815301076,1909f56bfc062723c751e8b465ee728b)
Start importing Assets/Models/Assets/fbx/smokebomb.fbx using Guid(cf09fd07477b6ef49a3b6bcc5d0621c9) Importer(815301076,1909f56bfc062723c751e8b465ee728b)  -> (artifact id: '760189bf5589b1cd8c58dcee1f42bf8f') in 0.038906 seconds
Number of updated asset objects reloaded before import = 0
Number of asset objects unloaded after import = 9
========================================================================
Received Prepare
Begin MonoManager ReloadAssembly
- Loaded All Assemblies, in  0.685 seconds
Refreshing native plugins compatible for Editor in 2.97 ms, found 3 plugins.
Native extension for WindowsStandalone target not found
[Package Manager] Server::EnsureServerProcessIsRunning -- launch failed, reason: Unity was launched with the -noUpm command-line argument
[Package Manager] UpmClient::Send -- Unable to send message (not connected to UPM process).
[Package Manager] Cannot connect to Unity Package Manager local server
Mono: successfully reloaded assembly
- Finished resetting the current domain, in  2.273 seconds
Domain Reload Profiling: 2957ms
	BeginReloadAssembly (287ms)
		ExecutionOrderSort (0ms)
		DisableScriptedObjects (10ms)
		BackupInstance (0ms)
		ReleaseScriptingObjects (0ms)
		CreateAndSetChildDomain (55ms)
	RebuildCommonClasses (60ms)
	RebuildNativeTypeToScriptingClass (16ms)
	initialDomainReloadingComplete (37ms)
	LoadAllAssembliesAndSetupDomain (283ms)
		LoadAssemblies (416ms)
		RebuildTransferFunctionScriptingTraits (0ms)
		AnalyzeDomain (31ms)
			TypeCache.Refresh (11ms)
				TypeCache.ScanAssembly (0ms)
			ScanForSourceGeneratedMonoScriptInfo (10ms)
			ResolveRequiredComponents (9ms)
	FinalizeReload (2274ms)
		ReleaseScriptCaches (0ms)
		RebuildScriptCaches (0ms)
		SetupLoadedEditorAssemblies (663ms)
			LogAssemblyErrors (0ms)
			InitializePlatformSupportModulesInManaged (8ms)
			SetLoadedEditorAssemblies (7ms)
			RefreshPlugins (0ms)
			BeforeProcessingInitializeOnLoad (97ms)
			ProcessInitializeOnLoadAttributes (509ms)
			ProcessInitializeOnLoadMethodAttributes (32ms)
			AfterProcessingInitializeOnLoad (9ms)
			EditorAssembliesLoaded (0ms)
		ExecutionOrderSort2 (0ms)
		AwakeInstancesAfterBackupRestoration (11ms)
Refreshing native plugins compatible for Editor in 3.48 ms, found 3 plugins.
Preloading 0 native plugins for Editor in 0.00 ms.
Unloading 3253 Unused Serialized files (Serialized files now loaded: 0)
Unloading 24 unused Assets / (102.4 KB). Loaded Objects now: 3797.
Memory consumption went from 137.1 MB to 137.0 MB.
Total: 5.077200 ms (FindLiveObjects: 0.554000 ms CreateObjectMapping: 0.303800 ms MarkObjects: 4.145200 ms  DeleteObjects: 0.072300 ms)

Prepare: number of updated asset objects reloaded= 0
AssetImportParameters requested are different than current active one (requested -> active):
  custom:container-demuxer-ogg: 62fdf1f143b41e24485cea50d1cbac27 -> 
  custom:video-decoder-ogg-theora: a1e56fd34408186e4bbccfd4996cb3dc -> 
  custom:framework-win-MediaFoundation: 216162199b28c13a410421893ffa2e32 -> 
  custom:CustomObjectIndexerAttribute: 6d391050e5a25f67b0a2c618074f2cd9 -> 
  custom:container-demuxer-webm: 4f35f7cbe854078d1ac9338744f61a02 -> 
  custom:container-muxer-webm: aa71ff27fc2769a1b78a27578f13a17b -> 
  custom:video-decoder-webm-vp8: 9c59270c3fd7afecdb556c50c9e8de78 -> 
  custom:SearchIndexIgnoredProperties: e643bd26f0fe6173181afceb89e7c659 -> 
  custom:AudioImporter_EditorPlatform: d09bf68614088b80899f8185d706f6e7 -> 
  custom:video-encoder-webm-vp8: eb34c28f22e8b96e1ab97ce403110664 -> 
  custom:audio-decoder-ogg-vorbis: bf7c407c2cedff20999df2af8eb42d56 -> 
  custom:audio-encoder-webm-vorbis: bf7c407c2cedff20999df2af8eb42d56 -> 
========================================================================
Received Import Request.
  Time since last request: 356.451599 seconds.
  path: Assets/AurynSky/Gems Ultimate Pack/Models/SphereGemLarge.fbx
  artifactKey: Guid(3be870bd3141f9741b70abdfb4242cb6) Importer(815301076,1909f56bfc062723c751e8b465ee728b)
Start importing Assets/AurynSky/Gems Ultimate Pack/Models/SphereGemLarge.fbx using Guid(3be870bd3141f9741b70abdfb4242cb6) Importer(815301076,1909f56bfc062723c751e8b465ee728b)  -> (artifact id: '163bf2bc2530fa1cbbca06af0dc68fb3') in 0.279428 seconds
Number of updated asset objects reloaded before import = 0
Number of asset objects unloaded after import = 8
========================================================================
Received Import Request.
  Time since last request: 0.000032 seconds.
  path: Assets/AurynSky/Gems Ultimate Pack/Models/SoftStar.fbx
  artifactKey: Guid(bc0cdff0b0fdafc46bbdbda4b3717d71) Importer(815301076,1909f56bfc062723c751e8b465ee728b)
Start importing Assets/AurynSky/Gems Ultimate Pack/Models/SoftStar.fbx using Guid(bc0cdff0b0fdafc46bbdbda4b3717d71) Importer(815301076,1909f56bfc062723c751e8b465ee728b)  -> (artifact id: '5c28abccc9d8be7a02b277cb7b77e9b1') in 0.022707 seconds
Number of updated asset objects reloaded before import = 0
Number of asset objects unloaded after import = 8
========================================================================
Received Import Request.
  Time since last request: 31.613547 seconds.
  path: Assets/AurynSky/Gems Ultimate Pack/Models/5 Side Diamond.fbx
  artifactKey: Guid(aa56074584965524093e852b02a99de7) Importer(815301076,1909f56bfc062723c751e8b465ee728b)
Start importing Assets/AurynSky/Gems Ultimate Pack/Models/5 Side Diamond.fbx using Guid(aa56074584965524093e852b02a99de7) Importer(815301076,1909f56bfc062723c751e8b465ee728b)  -> (artifact id: 'd6ffd95c0fb0f7aa6658e4482166b0da') in 0.027786 seconds
Number of updated asset objects reloaded before import = 0
Number of asset objects unloaded after import = 8
========================================================================
Received Import Request.
  Time since last request: 0.000034 seconds.
  path: Assets/AurynSky/Gems Ultimate Pack/Models/Diamondo.fbx
  artifactKey: Guid(911b2aca4190de843ba6fc029bf3734d) Importer(815301076,1909f56bfc062723c751e8b465ee728b)
Start importing Assets/AurynSky/Gems Ultimate Pack/Models/Diamondo.fbx using Guid(911b2aca4190de843ba6fc029bf3734d) Importer(815301076,1909f56bfc062723c751e8b465ee728b)  -> (artifact id: 'eb1161405b2aecf2f97db36da03bc4d1') in 0.029049 seconds
Number of updated asset objects reloaded before import = 0
Number of asset objects unloaded after import = 8
========================================================================
Received Import Request.
  Time since last request: 0.000079 seconds.
  path: Assets/AurynSky/Gems Ultimate Pack/Models/Cuboid.fbx
  artifactKey: Guid(d5201c54bfe2c0242acafec0421e0d8e) Importer(815301076,1909f56bfc062723c751e8b465ee728b)
Start importing Assets/AurynSky/Gems Ultimate Pack/Models/Cuboid.fbx using Guid(d5201c54bfe2c0242acafec0421e0d8e) Importer(815301076,1909f56bfc062723c751e8b465ee728b)  -> (artifact id: 'b002474b1691ada7069847aaffe63274') in 0.048379 seconds
Number of updated asset objects reloaded before import = 0
Number of asset objects unloaded after import = 8
========================================================================
Received Import Request.
  Time since last request: 0.000021 seconds.
  path: Assets/AurynSky/Gems Ultimate Pack/Models/BeveledStar.fbx
  artifactKey: Guid(fce0ecff534816b49af71ef31033c259) Importer(815301076,1909f56bfc062723c751e8b465ee728b)
Start importing Assets/AurynSky/Gems Ultimate Pack/Models/BeveledStar.fbx using Guid(fce0ecff534816b49af71ef31033c259) Importer(815301076,1909f56bfc062723c751e8b465ee728b)  -> (artifact id: '750a3aa66ab938b65f2b74795a1d652b') in 0.034684 seconds
Number of updated asset objects reloaded before import = 0
Number of asset objects unloaded after import = 8
========================================================================
Received Import Request.
  Time since last request: 0.000025 seconds.
  path: Assets/AurynSky/Gems Ultimate Pack/Models/Diamondo5side.fbx
  artifactKey: Guid(6217dd83a11a7df46b82193c138a8ce2) Importer(815301076,1909f56bfc062723c751e8b465ee728b)
Start importing Assets/AurynSky/Gems Ultimate Pack/Models/Diamondo5side.fbx using Guid(6217dd83a11a7df46b82193c138a8ce2) Importer(815301076,1909f56bfc062723c751e8b465ee728b)  -> (artifact id: 'f547e400df8bfe5f4656d33be9938117') in 0.031308 seconds
Number of updated asset objects reloaded before import = 0
Number of asset objects unloaded after import = 8
========================================================================
Received Import Request.
  Time since last request: 0.000023 seconds.
  path: Assets/AurynSky/Gems Ultimate Pack/Models/Heart.fbx
  artifactKey: Guid(f5e70b692f804d346a44df961b6ad5a8) Importer(815301076,1909f56bfc062723c751e8b465ee728b)
Start importing Assets/AurynSky/Gems Ultimate Pack/Models/Heart.fbx using Guid(f5e70b692f804d346a44df961b6ad5a8) Importer(815301076,1909f56bfc062723c751e8b465ee728b)  -> (artifact id: '87ac7feb34be018d75c122c1e1d86f57') in 0.027880 seconds
Number of updated asset objects reloaded before import = 0
Number of asset objects unloaded after import = 8
========================================================================
Received Import Request.
  Time since last request: 2.974532 seconds.
  path: Assets/AurynSky/Gems Ultimate Pack/Prefabs/5 Side Diamond.prefab
  artifactKey: Guid(c3c0707254334a64ca8198f7486e977d) Importer(815301076,1909f56bfc062723c751e8b465ee728b)
Start importing Assets/AurynSky/Gems Ultimate Pack/Prefabs/5 Side Diamond.prefab using Guid(c3c0707254334a64ca8198f7486e977d) Importer(815301076,1909f56bfc062723c751e8b465ee728b)  -> (artifact id: '3f8e7b9a70f2f2db603522b7872edd8b') in 0.018005 seconds
Number of updated asset objects reloaded before import = 0
Number of asset objects unloaded after import = 9
========================================================================
Received Import Request.
  Time since last request: 0.000022 seconds.
  path: Assets/AurynSky/Gems Ultimate Pack/Prefabs/Cuboid.prefab
  artifactKey: Guid(6a7274aefcc6cef4fbbfba924cc7f657) Importer(815301076,1909f56bfc062723c751e8b465ee728b)
Start importing Assets/AurynSky/Gems Ultimate Pack/Prefabs/Cuboid.prefab using Guid(6a7274aefcc6cef4fbbfba924cc7f657) Importer(815301076,1909f56bfc062723c751e8b465ee728b)  -> (artifact id: '0902891ec4170e12b1301784262fb1fd') in 0.016981 seconds
Number of updated asset objects reloaded before import = 0
Number of asset objects unloaded after import = 9
========================================================================
Received Import Request.
  Time since last request: 0.000062 seconds.
  path: Assets/AurynSky/Gems Ultimate Pack/Prefabs/Hexgon.prefab
  artifactKey: Guid(676e107eeafc5524b97910d76516565d) Importer(815301076,1909f56bfc062723c751e8b465ee728b)
Start importing Assets/AurynSky/Gems Ultimate Pack/Prefabs/Hexgon.prefab using Guid(676e107eeafc5524b97910d76516565d) Importer(815301076,1909f56bfc062723c751e8b465ee728b)  -> (artifact id: 'c06aee9cce1740d5bdcd3535e7be53fb') in 0.019189 seconds
Number of updated asset objects reloaded before import = 0
Number of asset objects unloaded after import = 9
========================================================================
Received Import Request.
  Time since last request: 0.000046 seconds.
  path: Assets/AurynSky/Gems Ultimate Pack/Prefabs/BeveledStar.prefab
  artifactKey: Guid(f5c872ee906a85b46aa65e0ab683ed9f) Importer(815301076,1909f56bfc062723c751e8b465ee728b)
Start importing Assets/AurynSky/Gems Ultimate Pack/Prefabs/BeveledStar.prefab using Guid(f5c872ee906a85b46aa65e0ab683ed9f) Importer(815301076,1909f56bfc062723c751e8b465ee728b)  -> (artifact id: '5739bb778bcd6c508b6d3f90d976da1a') in 0.020779 seconds
Number of updated asset objects reloaded before import = 0
Number of asset objects unloaded after import = 9
========================================================================
Received Import Request.
  Time since last request: 0.000027 seconds.
  path: Assets/AurynSky/Gems Ultimate Pack/Prefabs/SphereGemSmall.prefab
  artifactKey: Guid(af16961524284e54491133548920258b) Importer(815301076,1909f56bfc062723c751e8b465ee728b)
Start importing Assets/AurynSky/Gems Ultimate Pack/Prefabs/SphereGemSmall.prefab using Guid(af16961524284e54491133548920258b) Importer(815301076,1909f56bfc062723c751e8b465ee728b)  -> (artifact id: '91de57efc89ebc7620815b6592fa0249') in 0.019953 seconds
Number of updated asset objects reloaded before import = 0
Number of asset objects unloaded after import = 9
========================================================================
Received Import Request.
  Time since last request: 0.000057 seconds.
  path: Assets/AurynSky/Gems Ultimate Pack/Prefabs/Diamondo5side.prefab
  artifactKey: Guid(cd34118c604e29141afea74caecd70f2) Importer(815301076,1909f56bfc062723c751e8b465ee728b)
Start importing Assets/AurynSky/Gems Ultimate Pack/Prefabs/Diamondo5side.prefab using Guid(cd34118c604e29141afea74caecd70f2) Importer(815301076,1909f56bfc062723c751e8b465ee728b)  -> (artifact id: 'cf5f108e69ea244475ce12add3fd7a32') in 0.032315 seconds
Number of updated asset objects reloaded before import = 0
Number of asset objects unloaded after import = 9
========================================================================
Received Import Request.
  Time since last request: 0.000019 seconds.
  path: Assets/AurynSky/Gems Ultimate Pack/Prefabs/Penta.prefab
  artifactKey: Guid(1a73058088a4b204bb3a13aff5c48489) Importer(815301076,1909f56bfc062723c751e8b465ee728b)
Start importing Assets/AurynSky/Gems Ultimate Pack/Prefabs/Penta.prefab using Guid(1a73058088a4b204bb3a13aff5c48489) Importer(815301076,1909f56bfc062723c751e8b465ee728b)  -> (artifact id: 'b3e8bf047b2db0e9033142c3cd4c84ad') in 0.019812 seconds
Number of updated asset objects reloaded before import = 0
Number of asset objects unloaded after import = 9
========================================================================
Received Import Request.
  Time since last request: 0.000021 seconds.
  path: Assets/AurynSky/Gems Ultimate Pack/Prefabs/SoftStar.prefab
  artifactKey: Guid(8f226a393243a0141bace5fd6b60bafa) Importer(815301076,1909f56bfc062723c751e8b465ee728b)
Start importing Assets/AurynSky/Gems Ultimate Pack/Prefabs/SoftStar.prefab using Guid(8f226a393243a0141bace5fd6b60bafa) Importer(815301076,1909f56bfc062723c751e8b465ee728b)  -> (artifact id: '8faf758301d311fbbf557bfd977d4235') in 0.018477 seconds
Number of updated asset objects reloaded before import = 0
Number of asset objects unloaded after import = 9
========================================================================
Received Import Request.
  Time since last request: 11.101107 seconds.
  path: Assets/AurynSky/Gems Ultimate Pack/Materials/Blank.mat
  artifactKey: Guid(932bfbb102946e04796ee9ade9385119) Importer(815301076,1909f56bfc062723c751e8b465ee728b)
Start importing Assets/AurynSky/Gems Ultimate Pack/Materials/Blank.mat using Guid(932bfbb102946e04796ee9ade9385119) Importer(815301076,1909f56bfc062723c751e8b465ee728b)  -> (artifact id: '5716a639bf21ff9d4c5e9a938fe9b196') in 0.039702 seconds
Number of updated asset objects reloaded before import = 0
Number of asset objects unloaded after import = 1
========================================================================
Received Import Request.
  Time since last request: 0.000020 seconds.
  path: Assets/AurynSky/Gems Ultimate Pack/Materials/Green.mat
  artifactKey: Guid(efe6fc25350958c479cd9fcde7e565f9) Importer(815301076,1909f56bfc062723c751e8b465ee728b)
Start importing Assets/AurynSky/Gems Ultimate Pack/Materials/Green.mat using Guid(efe6fc25350958c479cd9fcde7e565f9) Importer(815301076,1909f56bfc062723c751e8b465ee728b)  -> (artifact id: 'f118b8482248b5f65cae6d3aa17d1004') in 0.025852 seconds
Number of updated asset objects reloaded before import = 0
Number of asset objects unloaded after import = 1
========================================================================
Received Import Request.
  Time since last request: 0.000021 seconds.
  path: Assets/AurynSky/Gems Ultimate Pack/Materials/Orange.mat
  artifactKey: Guid(5a9e6cf91cbfc1a4fbc9470cca37b97a) Importer(815301076,1909f56bfc062723c751e8b465ee728b)
Start importing Assets/AurynSky/Gems Ultimate Pack/Materials/Orange.mat using Guid(5a9e6cf91cbfc1a4fbc9470cca37b97a) Importer(815301076,1909f56bfc062723c751e8b465ee728b)  -> (artifact id: '5417f9c8c78f45c5b7863b0f19cb5686') in 0.022223 seconds
Number of updated asset objects reloaded before import = 0
Number of asset objects unloaded after import = 1
========================================================================
Received Import Request.
  Time since last request: 0.000021 seconds.
  path: Assets/AurynSky/Gems Ultimate Pack/Materials/Pink.mat
  artifactKey: Guid(34a2d4fc8f422c345a4cc739f3ee3b81) Importer(815301076,1909f56bfc062723c751e8b465ee728b)
Start importing Assets/AurynSky/Gems Ultimate Pack/Materials/Pink.mat using Guid(34a2d4fc8f422c345a4cc739f3ee3b81) Importer(815301076,1909f56bfc062723c751e8b465ee728b)  -> (artifact id: 'f99fef762dce03e25a1228f92df94b64') in 0.019636 seconds
Number of updated asset objects reloaded before import = 0
Number of asset objects unloaded after import = 1
========================================================================
Received Import Request.
  Time since last request: 0.000078 seconds.
  path: Assets/AurynSky/Gems Ultimate Pack/Materials/Red.mat
  artifactKey: Guid(6a6944f4904547e4fb039789da5fcd85) Importer(815301076,1909f56bfc062723c751e8b465ee728b)
Start importing Assets/AurynSky/Gems Ultimate Pack/Materials/Red.mat using Guid(6a6944f4904547e4fb039789da5fcd85) Importer(815301076,1909f56bfc062723c751e8b465ee728b)  -> (artifact id: '79d8ecacb88280b72557f863b900ee95') in 0.022824 seconds
Number of updated asset objects reloaded before import = 0
Number of asset objects unloaded after import = 1
========================================================================
Received Prepare
Begin MonoManager ReloadAssembly
- Loaded All Assemblies, in  0.593 seconds
Refreshing native plugins compatible for Editor in 3.97 ms, found 3 plugins.
Native extension for WindowsStandalone target not found
[Package Manager] Server::EnsureServerProcessIsRunning -- launch failed, reason: Unity was launched with the -noUpm command-line argument
[Package Manager] UpmClient::Send -- Unable to send message (not connected to UPM process).
[Package Manager] Cannot connect to Unity Package Manager local server
Mono: successfully reloaded assembly
- Finished resetting the current domain, in  2.302 seconds
Domain Reload Profiling: 2894ms
	BeginReloadAssembly (201ms)
		ExecutionOrderSort (0ms)
		DisableScriptedObjects (5ms)
		BackupInstance (0ms)
		ReleaseScriptingObjects (0ms)
		CreateAndSetChildDomain (45ms)
	RebuildCommonClasses (50ms)
	RebuildNativeTypeToScriptingClass (21ms)
	initialDomainReloadingComplete (45ms)
	LoadAllAssembliesAndSetupDomain (274ms)
		LoadAssemblies (363ms)
		RebuildTransferFunctionScriptingTraits (0ms)
		AnalyzeDomain (23ms)
			TypeCache.Refresh (8ms)
				TypeCache.ScanAssembly (0ms)
			ScanForSourceGeneratedMonoScriptInfo (0ms)
			ResolveRequiredComponents (12ms)
	FinalizeReload (2303ms)
		ReleaseScriptCaches (0ms)
		RebuildScriptCaches (0ms)
		SetupLoadedEditorAssemblies (752ms)
			LogAssemblyErrors (0ms)
			InitializePlatformSupportModulesInManaged (8ms)
			SetLoadedEditorAssemblies (5ms)
			RefreshPlugins (0ms)
			BeforeProcessingInitializeOnLoad (102ms)
			ProcessInitializeOnLoadAttributes (595ms)
			ProcessInitializeOnLoadMethodAttributes (35ms)
			AfterProcessingInitializeOnLoad (7ms)
			EditorAssembliesLoaded (0ms)
		ExecutionOrderSort2 (0ms)
		AwakeInstancesAfterBackupRestoration (14ms)
Refreshing native plugins compatible for Editor in 5.22 ms, found 3 plugins.
Preloading 0 native plugins for Editor in 0.00 ms.
Unloading 3253 Unused Serialized files (Serialized files now loaded: 0)
Unloading 24 unused Assets / (102.6 KB). Loaded Objects now: 3812.
Memory consumption went from 139.1 MB to 139.0 MB.
Total: 4.198200 ms (FindLiveObjects: 0.288900 ms CreateObjectMapping: 0.300400 ms MarkObjects: 3.539700 ms  DeleteObjects: 0.067800 ms)

Prepare: number of updated asset objects reloaded= 0
AssetImportParameters requested are different than current active one (requested -> active):
  custom:container-demuxer-ogg: 62fdf1f143b41e24485cea50d1cbac27 -> 
  custom:video-decoder-ogg-theora: a1e56fd34408186e4bbccfd4996cb3dc -> 
  custom:framework-win-MediaFoundation: 216162199b28c13a410421893ffa2e32 -> 
  custom:CustomObjectIndexerAttribute: 6d391050e5a25f67b0a2c618074f2cd9 -> 
  custom:container-demuxer-webm: 4f35f7cbe854078d1ac9338744f61a02 -> 
  custom:container-muxer-webm: aa71ff27fc2769a1b78a27578f13a17b -> 
  custom:video-decoder-webm-vp8: 9c59270c3fd7afecdb556c50c9e8de78 -> 
  custom:SearchIndexIgnoredProperties: e643bd26f0fe6173181afceb89e7c659 -> 
  custom:AudioImporter_EditorPlatform: d09bf68614088b80899f8185d706f6e7 -> 
  custom:video-encoder-webm-vp8: eb34c28f22e8b96e1ab97ce403110664 -> 
  custom:audio-decoder-ogg-vorbis: bf7c407c2cedff20999df2af8eb42d56 -> 
  custom:audio-encoder-webm-vorbis: bf7c407c2cedff20999df2af8eb42d56 -> 
========================================================================
Received Import Request.
  Time since last request: 1272.761638 seconds.
  path: Assets/Materials/forrest_ground_01_diff_4k.mat
  artifactKey: Guid(b167007e60466ba48a96138278f87c05) Importer(815301076,1909f56bfc062723c751e8b465ee728b)
Start importing Assets/Materials/forrest_ground_01_diff_4k.mat using Guid(b167007e60466ba48a96138278f87c05) Importer(815301076,1909f56bfc062723c751e8b465ee728b)  -> (artifact id: 'ed1a10ed2b34e4114db75d713171c511') in 0.130027 seconds
Number of updated asset objects reloaded before import = 0
Number of asset objects unloaded after import = 2
========================================================================
Received Import Request.
  Time since last request: 5.161028 seconds.
  path: Assets/Materials 1/Skyboxes/CloudyCrown_02_Evening/CloudyCrown_Evening.mat
  artifactKey: Guid(77715b8b6b248994891d3ccad1ad330b) Importer(815301076,1909f56bfc062723c751e8b465ee728b)
Start importing Assets/Materials 1/Skyboxes/CloudyCrown_02_Evening/CloudyCrown_Evening.mat using Guid(77715b8b6b248994891d3ccad1ad330b) Importer(815301076,1909f56bfc062723c751e8b465ee728b)  -> (artifact id: '70d2a942d3fa067b94903666c89b0889') in 0.090186 seconds
Number of updated asset objects reloaded before import = 0
Number of asset objects unloaded after import = 7
========================================================================
Received Import Request.
  Time since last request: 408.490938 seconds.
  path: Assets/AurynSky/Gems Ultimate Pack/Models/4 Side Diamond.fbx
  artifactKey: Guid(a59faa6df8bd9cd4c8779604face71a1) Importer(815301076,1909f56bfc062723c751e8b465ee728b)
Start importing Assets/AurynSky/Gems Ultimate Pack/Models/4 Side Diamond.fbx using Guid(a59faa6df8bd9cd4c8779604face71a1) Importer(815301076,1909f56bfc062723c751e8b465ee728b)  -> (artifact id: 'cf3210910ea69b31da7c39bcefffd022') in 0.061855 seconds
Number of updated asset objects reloaded before import = 0
Number of asset objects unloaded after import = 9
========================================================================
Received Import Request.
  Time since last request: 0.000020 seconds.
  path: Assets/AurynSky/Gems Ultimate Pack/Models/SphereGemLarge.fbx
  artifactKey: Guid(3be870bd3141f9741b70abdfb4242cb6) Importer(815301076,1909f56bfc062723c751e8b465ee728b)
Start importing Assets/AurynSky/Gems Ultimate Pack/Models/SphereGemLarge.fbx using Guid(3be870bd3141f9741b70abdfb4242cb6) Importer(815301076,1909f56bfc062723c751e8b465ee728b)  -> (artifact id: '7db4d99bb212e908f8cfec18b6041ad6') in 0.032241 seconds
Number of updated asset objects reloaded before import = 0
Number of asset objects unloaded after import = 9
========================================================================
Received Import Request.
  Time since last request: 0.000025 seconds.
  path: Assets/AurynSky/Gems Ultimate Pack/Models/Penta.fbx
  artifactKey: Guid(34a866017115e1f4693b2328671afe14) Importer(815301076,1909f56bfc062723c751e8b465ee728b)
Start importing Assets/AurynSky/Gems Ultimate Pack/Models/Penta.fbx using Guid(34a866017115e1f4693b2328671afe14) Importer(815301076,1909f56bfc062723c751e8b465ee728b)  -> (artifact id: '558f1f20a2206a1cc2dc7d6b3c40e715') in 0.021752 seconds
Number of updated asset objects reloaded before import = 0
Number of asset objects unloaded after import = 9
========================================================================
Received Import Request.
  Time since last request: 0.000029 seconds.
  path: Assets/AurynSky/Gems Ultimate Pack/Models/Spiral.fbx
  artifactKey: Guid(973011b81536fe2408cc13aa49700e3b) Importer(815301076,1909f56bfc062723c751e8b465ee728b)
Start importing Assets/AurynSky/Gems Ultimate Pack/Models/Spiral.fbx using Guid(973011b81536fe2408cc13aa49700e3b) Importer(815301076,1909f56bfc062723c751e8b465ee728b)  -> (artifact id: '68e83e3dbbfc34c7f2588bf220a56526') in 0.032475 seconds
Number of updated asset objects reloaded before import = 0
Number of asset objects unloaded after import = 9
========================================================================
Received Import Request.
  Time since last request: 0.000021 seconds.
  path: Assets/AurynSky/Gems Ultimate Pack/Models/SoftStar.fbx
  artifactKey: Guid(bc0cdff0b0fdafc46bbdbda4b3717d71) Importer(815301076,1909f56bfc062723c751e8b465ee728b)
Start importing Assets/AurynSky/Gems Ultimate Pack/Models/SoftStar.fbx using Guid(bc0cdff0b0fdafc46bbdbda4b3717d71) Importer(815301076,1909f56bfc062723c751e8b465ee728b)  -> (artifact id: '0d119a1bd7fb59949e708fcc3aa63504') in 0.025676 seconds
Number of updated asset objects reloaded before import = 0
Number of asset objects unloaded after import = 9
========================================================================
Received Import Request.
  Time since last request: 0.000019 seconds.
  path: Assets/AurynSky/Gems Ultimate Pack/Models/SphereGemSmall.fbx
  artifactKey: Guid(486351f15650ce5408452352641fc317) Importer(815301076,1909f56bfc062723c751e8b465ee728b)
Start importing Assets/AurynSky/Gems Ultimate Pack/Models/SphereGemSmall.fbx using Guid(486351f15650ce5408452352641fc317) Importer(815301076,1909f56bfc062723c751e8b465ee728b)  -> (artifact id: 'b0fb5530f2d48f518af4c5a0c8e98f59') in 0.026266 seconds
Number of updated asset objects reloaded before import = 0
Number of asset objects unloaded after import = 9
========================================================================
Received Import Request.
  Time since last request: 0.000079 seconds.
  path: Assets/AurynSky/Gems Ultimate Pack/Models/Hexgon.fbx
  artifactKey: Guid(88298ecb4d0fcff45879b1338c17fe54) Importer(815301076,1909f56bfc062723c751e8b465ee728b)
Start importing Assets/AurynSky/Gems Ultimate Pack/Models/Hexgon.fbx using Guid(88298ecb4d0fcff45879b1338c17fe54) Importer(815301076,1909f56bfc062723c751e8b465ee728b)  -> (artifact id: '79cb304eb28db6fee8072e1bc4617b38') in 0.018200 seconds
Number of updated asset objects reloaded before import = 0
Number of asset objects unloaded after import = 9
========================================================================
Received Import Request.
  Time since last request: 0.000051 seconds.
  path: Assets/AurynSky/Gems Ultimate Pack/Models/Cuboid.fbx
  artifactKey: Guid(d5201c54bfe2c0242acafec0421e0d8e) Importer(815301076,1909f56bfc062723c751e8b465ee728b)
Start importing Assets/AurynSky/Gems Ultimate Pack/Models/Cuboid.fbx using Guid(d5201c54bfe2c0242acafec0421e0d8e) Importer(815301076,1909f56bfc062723c751e8b465ee728b)  -> (artifact id: '5c16d40cc54c7eb31bbe3031365b3b7c') in 0.026029 seconds
Number of updated asset objects reloaded before import = 0
Number of asset objects unloaded after import = 9
========================================================================
Received Import Request.
  Time since last request: 0.000018 seconds.
  path: Assets/AurynSky/Gems Ultimate Pack/Models/BeveledStar.fbx
  artifactKey: Guid(fce0ecff534816b49af71ef31033c259) Importer(815301076,1909f56bfc062723c751e8b465ee728b)
Start importing Assets/AurynSky/Gems Ultimate Pack/Models/BeveledStar.fbx using Guid(fce0ecff534816b49af71ef31033c259) Importer(815301076,1909f56bfc062723c751e8b465ee728b)  -> (artifact id: 'b6afd6b40f7ec7db711e69c8b574d210') in 0.021463 seconds
Number of updated asset objects reloaded before import = 0
Number of asset objects unloaded after import = 9
========================================================================
Received Import Request.
  Time since last request: 0.000019 seconds.
  path: Assets/AurynSky/Gems Ultimate Pack/Models/Diamondo5side.fbx
  artifactKey: Guid(6217dd83a11a7df46b82193c138a8ce2) Importer(815301076,1909f56bfc062723c751e8b465ee728b)
Start importing Assets/AurynSky/Gems Ultimate Pack/Models/Diamondo5side.fbx using Guid(6217dd83a11a7df46b82193c138a8ce2) Importer(815301076,1909f56bfc062723c751e8b465ee728b)  -> (artifact id: 'd4a38751d420f37ee696c90de491e9e6') in 0.025406 seconds
Number of updated asset objects reloaded before import = 0
Number of asset objects unloaded after import = 9
========================================================================
Received Import Request.
  Time since last request: 0.000025 seconds.
  path: Assets/AurynSky/Gems Ultimate Pack/Models/Heart.fbx
  artifactKey: Guid(f5e70b692f804d346a44df961b6ad5a8) Importer(815301076,1909f56bfc062723c751e8b465ee728b)
Start importing Assets/AurynSky/Gems Ultimate Pack/Models/Heart.fbx using Guid(f5e70b692f804d346a44df961b6ad5a8) Importer(815301076,1909f56bfc062723c751e8b465ee728b)  -> (artifact id: 'ad0bcebb7307c6da1f191239968f3067') in 0.016990 seconds
Number of updated asset objects reloaded before import = 0
Number of asset objects unloaded after import = 9
========================================================================
Received Import Request.
  Time since last request: 112.072057 seconds.
  path: Assets/Materials 1/Skyboxes/CloudyCrown_05_Daybreak/Textures/CloudyCrown_Daybreak_Down.png
  artifactKey: Guid(bf4af9078f5bbcc42911f76a84aaa1e9) Importer(815301076,1909f56bfc062723c751e8b465ee728b)
Start importing Assets/Materials 1/Skyboxes/CloudyCrown_05_Daybreak/Textures/CloudyCrown_Daybreak_Down.png using Guid(bf4af9078f5bbcc42911f76a84aaa1e9) Importer(815301076,1909f56bfc062723c751e8b465ee728b)  -> (artifact id: '9113b92054844679864d5262b62f176f') in 0.049261 seconds
Number of updated asset objects reloaded before import = 0
Number of asset objects unloaded after import = 2
========================================================================
Received Import Request.
  Time since last request: 0.000023 seconds.
  path: Assets/Materials 1/Skyboxes/CloudyCrown_05_Daybreak/Textures/CloudyCrown_Daybreak_Up.png
  artifactKey: Guid(2037768ff8c6b6845a0eac7217b4ba18) Importer(815301076,1909f56bfc062723c751e8b465ee728b)
Start importing Assets/Materials 1/Skyboxes/CloudyCrown_05_Daybreak/Textures/CloudyCrown_Daybreak_Up.png using Guid(2037768ff8c6b6845a0eac7217b4ba18) Importer(815301076,1909f56bfc062723c751e8b465ee728b)  -> (artifact id: '1b5655791f6bdca134cf614792086334') in 0.033138 seconds
Number of updated asset objects reloaded before import = 0
Number of asset objects unloaded after import = 2
========================================================================
Received Import Request.
  Time since last request: 0.000020 seconds.
  path: Assets/Materials 1/Skyboxes/CloudyCrown_05_Daybreak/Textures/CloudyCrown_Daybreak_Right.png
  artifactKey: Guid(a233316cd5c3fd84bbad0597bd05102f) Importer(815301076,1909f56bfc062723c751e8b465ee728b)
Start importing Assets/Materials 1/Skyboxes/CloudyCrown_05_Daybreak/Textures/CloudyCrown_Daybreak_Right.png using Guid(a233316cd5c3fd84bbad0597bd05102f) Importer(815301076,1909f56bfc062723c751e8b465ee728b)  -> (artifact id: 'e01e10e1d121712f9aa5e583e1c50fe7') in 0.025083 seconds
Number of updated asset objects reloaded before import = 0
Number of asset objects unloaded after import = 2
Editor requested this worker to shutdown with reason: Scaling down because of idle timeout
TcpMessagingSession - receive error: operation aborted. errorcode: 995, details: La operacin de E/S se anul por una salida de subproceso o por una solicitud de aplicacin.
AssetImportWorker is now disconnected from the server
Process exiting
Exiting without the bug reporter. Application will terminate with return code 0